<?xml version="1.0" encoding="UTF-8"?>
<!-- Generated by org.testng.reporters.JUnitReportReporter -->
<testsuite skipped="0" hostname="a-fz6326r3vlg7" name="com.obsessory.api.womens.womensAPI3" tests="1" failures="0" timestamp="2020-12-24T06:49:54 GMT" time="3.014" errors="0">
  <testcase name="search" time="3.014" classname="com.obsessory.api.womens.womensAPI3"/>
  <system-out/>
</testsuite> <!-- com.obsessory.api.womens.womensAPI3 -->
