<?xml version="1.0" encoding="UTF-8"?>
<!-- Generated by org.testng.reporters.JUnitReportReporter -->
<testsuite skipped="0" hostname="a-fz6326r3vlg7" name="com.obsessory.api.womens.womensAPI3" tests="1" failures="0" timestamp="2020-12-23T12:36:18 GMT" time="3.012" errors="0">
  <testcase name="search" time="3.012" classname="com.obsessory.api.womens.womensAPI3"/>
  <system-out/>
</testsuite> <!-- com.obsessory.api.womens.womensAPI3 -->
