<?xml version="1.0" encoding="UTF-8"?>
<!-- Generated by org.testng.reporters.JUnitReportReporter -->
<testsuite skipped="0" hostname="a-fz6326r3vlg7" name="com.obsessory.api.search.searchAPI1" tests="1" failures="0" timestamp="2020-12-24T06:29:02 GMT" time="7.331" errors="0">
  <testcase name="search" time="7.331" classname="com.obsessory.api.search.searchAPI1"/>
  <system-out/>
</testsuite> <!-- com.obsessory.api.search.searchAPI1 -->
