<?xml version="1.0" encoding="UTF-8"?>
<!-- Generated by org.testng.reporters.JUnitReportReporter -->
<testsuite skipped="0" hostname="a-fz6326r3vlg7" name="com.obsessory.api.womens.womensAPI2" tests="1" failures="0" timestamp="2020-12-24T07:10:02 GMT" time="2.285" errors="0">
  <testcase name="search" time="2.285" classname="com.obsessory.api.womens.womensAPI2"/>
  <system-out/>
</testsuite> <!-- com.obsessory.api.womens.womensAPI2 -->
