<?xml version="1.0" encoding="UTF-8"?>
<!-- Generated by org.testng.reporters.JUnitReportReporter -->
<testsuite skipped="0" hostname="a-fz6326r3vlg7" name="com.obsessory.api.search.searchAPI3" tests="1" failures="0" timestamp="2020-12-24T07:10:02 GMT" time="3.178" errors="0">
  <testcase name="search" time="3.178" classname="com.obsessory.api.search.searchAPI3"/>
  <system-out/>
</testsuite> <!-- com.obsessory.api.search.searchAPI3 -->
