<?xml version="1.0" encoding="UTF-8"?>
<testsuite xmlns:xsi="http://www.w3.org/2001/XMLSchema-instance" xsi:noNamespaceSchemaLocation="https://maven.apache.org/surefire/maven-surefire-plugin/xsd/surefire-test-report-3.0.xsd" version="3.0" name="TestSuite" time="23.467" tests="6" errors="0" skipped="0" failures="0">
  <properties>
    <property name="awt.toolkit" value="sun.awt.X11.XToolkit"/>
    <property name="file.encoding.pkg" value="sun.io"/>
    <property name="java.specification.version" value="1.8"/>
    <property name="sun.cpu.isalist" value=""/>
    <property name="sun.jnu.encoding" value="UTF-8"/>
    <property name="java.class.path" value="/home/malleshd/IdeaProjects/kyc/obsessory-qa-automation/restapi-testing/target/test-classes:/home/malleshd/IdeaProjects/kyc/obsessory-qa-automation/restapi-testing/target/classes:/home/malleshd/.m2/repository/io/rest-assured/rest-assured/4.3.0/rest-assured-4.3.0.jar:/home/malleshd/.m2/repository/org/codehaus/groovy/groovy/3.0.2/groovy-3.0.2.jar:/home/malleshd/.m2/repository/org/codehaus/groovy/groovy-xml/3.0.2/groovy-xml-3.0.2.jar:/home/malleshd/.m2/repository/org/apache/httpcomponents/httpclient/4.5.3/httpclient-4.5.3.jar:/home/malleshd/.m2/repository/org/apache/httpcomponents/httpcore/4.4.6/httpcore-4.4.6.jar:/home/malleshd/.m2/repository/commons-logging/commons-logging/1.2/commons-logging-1.2.jar:/home/malleshd/.m2/repository/commons-codec/commons-codec/1.9/commons-codec-1.9.jar:/home/malleshd/.m2/repository/org/apache/httpcomponents/httpmime/4.5.3/httpmime-4.5.3.jar:/home/malleshd/.m2/repository/org/hamcrest/hamcrest/2.1/hamcrest-2.1.jar:/home/malleshd/.m2/repository/org/ccil/cowan/tagsoup/tagsoup/1.2.1/tagsoup-1.2.1.jar:/home/malleshd/.m2/repository/io/rest-assured/json-path/4.3.0/json-path-4.3.0.jar:/home/malleshd/.m2/repository/org/codehaus/groovy/groovy-json/3.0.2/groovy-json-3.0.2.jar:/home/malleshd/.m2/repository/io/rest-assured/rest-assured-common/4.3.0/rest-assured-common-4.3.0.jar:/home/malleshd/.m2/repository/io/rest-assured/xml-path/4.3.0/xml-path-4.3.0.jar:/home/malleshd/.m2/repository/org/apache/commons/commons-lang3/3.4/commons-lang3-3.4.jar:/home/malleshd/.m2/repository/jakarta/xml/bind/jakarta.xml.bind-api/2.3.2/jakarta.xml.bind-api-2.3.2.jar:/home/malleshd/.m2/repository/jakarta/activation/jakarta.activation-api/1.2.1/jakarta.activation-api-1.2.1.jar:/home/malleshd/.m2/repository/com/sun/xml/bind/jaxb-osgi/2.3.0.1/jaxb-osgi-2.3.0.1.jar:/home/malleshd/.m2/repository/org/apache/sling/org.apache.sling.javax.activation/0.1.0/org.apache.sling.javax.activation-0.1.0.jar:/home/malleshd/.m2/repository/javax/activation/activation/1.1.1/activation-1.1.1.jar:/home/malleshd/.m2/repository/org/testng/testng/7.1.0/testng-7.1.0.jar:/home/malleshd/.m2/repository/com/beust/jcommander/1.72/jcommander-1.72.jar:/home/malleshd/.m2/repository/com/google/inject/guice/4.1.0/guice-4.1.0-no_aop.jar:/home/malleshd/.m2/repository/javax/inject/javax.inject/1/javax.inject-1.jar:/home/malleshd/.m2/repository/aopalliance/aopalliance/1.0/aopalliance-1.0.jar:/home/malleshd/.m2/repository/org/yaml/snakeyaml/1.21/snakeyaml-1.21.jar:/home/malleshd/.m2/repository/org/hamcrest/hamcrest-core/2.2/hamcrest-core-2.2.jar:/home/malleshd/.m2/repository/org/seleniumhq/selenium/selenium-java/3.141.59/selenium-java-3.141.59.jar:/home/malleshd/.m2/repository/org/seleniumhq/selenium/selenium-api/3.141.59/selenium-api-3.141.59.jar:/home/malleshd/.m2/repository/org/seleniumhq/selenium/selenium-chrome-driver/3.141.59/selenium-chrome-driver-3.141.59.jar:/home/malleshd/.m2/repository/org/seleniumhq/selenium/selenium-edge-driver/3.141.59/selenium-edge-driver-3.141.59.jar:/home/malleshd/.m2/repository/org/seleniumhq/selenium/selenium-firefox-driver/3.141.59/selenium-firefox-driver-3.141.59.jar:/home/malleshd/.m2/repository/org/seleniumhq/selenium/selenium-ie-driver/3.141.59/selenium-ie-driver-3.141.59.jar:/home/malleshd/.m2/repository/org/seleniumhq/selenium/selenium-opera-driver/3.141.59/selenium-opera-driver-3.141.59.jar:/home/malleshd/.m2/repository/org/seleniumhq/selenium/selenium-remote-driver/3.141.59/selenium-remote-driver-3.141.59.jar:/home/malleshd/.m2/repository/org/seleniumhq/selenium/selenium-safari-driver/3.141.59/selenium-safari-driver-3.141.59.jar:/home/malleshd/.m2/repository/org/seleniumhq/selenium/selenium-support/3.141.59/selenium-support-3.141.59.jar:/home/malleshd/.m2/repository/net/bytebuddy/byte-buddy/1.8.15/byte-buddy-1.8.15.jar:/home/malleshd/.m2/repository/org/apache/commons/commons-exec/1.3/commons-exec-1.3.jar:/home/malleshd/.m2/repository/com/google/guava/guava/25.0-jre/guava-25.0-jre.jar:/home/malleshd/.m2/repository/com/google/code/findbugs/jsr305/1.3.9/jsr305-1.3.9.jar:/home/malleshd/.m2/repository/org/checkerframework/checker-compat-qual/2.0.0/checker-compat-qual-2.0.0.jar:/home/malleshd/.m2/repository/com/google/errorprone/error_prone_annotations/2.1.3/error_prone_annotations-2.1.3.jar:/home/malleshd/.m2/repository/com/google/j2objc/j2objc-annotations/1.1/j2objc-annotations-1.1.jar:/home/malleshd/.m2/repository/org/codehaus/mojo/animal-sniffer-annotations/1.14/animal-sniffer-annotations-1.14.jar:/home/malleshd/.m2/repository/com/squareup/okhttp3/okhttp/3.11.0/okhttp-3.11.0.jar:/home/malleshd/.m2/repository/com/squareup/okio/okio/1.14.0/okio-1.14.0.jar:/home/malleshd/.m2/repository/io/rest-assured/json-schema-validator/4.3.1/json-schema-validator-4.3.1.jar:/home/malleshd/.m2/repository/com/github/java-json-tools/json-schema-validator/2.2.10/json-schema-validator-2.2.10.jar:/home/malleshd/.m2/repository/com/github/java-json-tools/json-schema-core/1.2.10/json-schema-core-1.2.10.jar:/home/malleshd/.m2/repository/com/github/java-json-tools/jackson-coreutils/1.9/jackson-coreutils-1.9.jar:/home/malleshd/.m2/repository/com/fasterxml/jackson/core/jackson-databind/2.2.3/jackson-databind-2.2.3.jar:/home/malleshd/.m2/repository/com/fasterxml/jackson/core/jackson-annotations/2.2.3/jackson-annotations-2.2.3.jar:/home/malleshd/.m2/repository/com/fasterxml/jackson/core/jackson-core/2.2.3/jackson-core-2.2.3.jar:/home/malleshd/.m2/repository/com/github/fge/msg-simple/1.1/msg-simple-1.1.jar:/home/malleshd/.m2/repository/com/github/fge/btf/1.2/btf-1.2.jar:/home/malleshd/.m2/repository/com/github/fge/uri-template/0.9/uri-template-0.9.jar:/home/malleshd/.m2/repository/org/mozilla/rhino/1.7.7.1/rhino-1.7.7.1.jar:/home/malleshd/.m2/repository/javax/mail/mailapi/1.4.3/mailapi-1.4.3.jar:/home/malleshd/.m2/repository/joda-time/joda-time/2.9.7/joda-time-2.9.7.jar:/home/malleshd/.m2/repository/com/googlecode/libphonenumber/libphonenumber/8.0.0/libphonenumber-8.0.0.jar:/home/malleshd/.m2/repository/net/sf/jopt-simple/jopt-simple/5.0.3/jopt-simple-5.0.3.jar:"/>
    <property name="java.vm.vendor" value="Oracle Corporation"/>
    <property name="sun.arch.data.model" value="64"/>
    <property name="java.vendor.url" value="http://java.oracle.com/"/>
    <property name="user.timezone" value="Europe/London"/>
    <property name="java.vm.specification.version" value="1.8"/>
    <property name="os.name" value="Linux"/>
    <property name="user.country" value="US"/>
    <property name="sun.java.launcher" value="SUN_STANDARD"/>
    <property name="sun.boot.library.path" value="/usr/lib/jvm/java-1.8.0-openjdk-1.8.0.265.b01-1.amzn2.0.1.x86_64/jre/lib/amd64"/>
    <property name="sun.java.command" value="/home/malleshd/IdeaProjects/kyc/obsessory-qa-automation/restapi-testing/target/surefire/surefirebooter3001890519076024857.jar /home/malleshd/IdeaProjects/kyc/obsessory-qa-automation/restapi-testing/target/surefire 2020-12-24T06-28-37_874-jvmRun1 surefire3452476008103452445tmp surefire_08470395066192837508tmp"/>
    <property name="surefire.test.class.path" value="/home/malleshd/IdeaProjects/kyc/obsessory-qa-automation/restapi-testing/target/test-classes:/home/malleshd/IdeaProjects/kyc/obsessory-qa-automation/restapi-testing/target/classes:/home/malleshd/.m2/repository/io/rest-assured/rest-assured/4.3.0/rest-assured-4.3.0.jar:/home/malleshd/.m2/repository/org/codehaus/groovy/groovy/3.0.2/groovy-3.0.2.jar:/home/malleshd/.m2/repository/org/codehaus/groovy/groovy-xml/3.0.2/groovy-xml-3.0.2.jar:/home/malleshd/.m2/repository/org/apache/httpcomponents/httpclient/4.5.3/httpclient-4.5.3.jar:/home/malleshd/.m2/repository/org/apache/httpcomponents/httpcore/4.4.6/httpcore-4.4.6.jar:/home/malleshd/.m2/repository/commons-logging/commons-logging/1.2/commons-logging-1.2.jar:/home/malleshd/.m2/repository/commons-codec/commons-codec/1.9/commons-codec-1.9.jar:/home/malleshd/.m2/repository/org/apache/httpcomponents/httpmime/4.5.3/httpmime-4.5.3.jar:/home/malleshd/.m2/repository/org/hamcrest/hamcrest/2.1/hamcrest-2.1.jar:/home/malleshd/.m2/repository/org/ccil/cowan/tagsoup/tagsoup/1.2.1/tagsoup-1.2.1.jar:/home/malleshd/.m2/repository/io/rest-assured/json-path/4.3.0/json-path-4.3.0.jar:/home/malleshd/.m2/repository/org/codehaus/groovy/groovy-json/3.0.2/groovy-json-3.0.2.jar:/home/malleshd/.m2/repository/io/rest-assured/rest-assured-common/4.3.0/rest-assured-common-4.3.0.jar:/home/malleshd/.m2/repository/io/rest-assured/xml-path/4.3.0/xml-path-4.3.0.jar:/home/malleshd/.m2/repository/org/apache/commons/commons-lang3/3.4/commons-lang3-3.4.jar:/home/malleshd/.m2/repository/jakarta/xml/bind/jakarta.xml.bind-api/2.3.2/jakarta.xml.bind-api-2.3.2.jar:/home/malleshd/.m2/repository/jakarta/activation/jakarta.activation-api/1.2.1/jakarta.activation-api-1.2.1.jar:/home/malleshd/.m2/repository/com/sun/xml/bind/jaxb-osgi/2.3.0.1/jaxb-osgi-2.3.0.1.jar:/home/malleshd/.m2/repository/org/apache/sling/org.apache.sling.javax.activation/0.1.0/org.apache.sling.javax.activation-0.1.0.jar:/home/malleshd/.m2/repository/javax/activation/activation/1.1.1/activation-1.1.1.jar:/home/malleshd/.m2/repository/org/testng/testng/7.1.0/testng-7.1.0.jar:/home/malleshd/.m2/repository/com/beust/jcommander/1.72/jcommander-1.72.jar:/home/malleshd/.m2/repository/com/google/inject/guice/4.1.0/guice-4.1.0-no_aop.jar:/home/malleshd/.m2/repository/javax/inject/javax.inject/1/javax.inject-1.jar:/home/malleshd/.m2/repository/aopalliance/aopalliance/1.0/aopalliance-1.0.jar:/home/malleshd/.m2/repository/org/yaml/snakeyaml/1.21/snakeyaml-1.21.jar:/home/malleshd/.m2/repository/org/hamcrest/hamcrest-core/2.2/hamcrest-core-2.2.jar:/home/malleshd/.m2/repository/org/seleniumhq/selenium/selenium-java/3.141.59/selenium-java-3.141.59.jar:/home/malleshd/.m2/repository/org/seleniumhq/selenium/selenium-api/3.141.59/selenium-api-3.141.59.jar:/home/malleshd/.m2/repository/org/seleniumhq/selenium/selenium-chrome-driver/3.141.59/selenium-chrome-driver-3.141.59.jar:/home/malleshd/.m2/repository/org/seleniumhq/selenium/selenium-edge-driver/3.141.59/selenium-edge-driver-3.141.59.jar:/home/malleshd/.m2/repository/org/seleniumhq/selenium/selenium-firefox-driver/3.141.59/selenium-firefox-driver-3.141.59.jar:/home/malleshd/.m2/repository/org/seleniumhq/selenium/selenium-ie-driver/3.141.59/selenium-ie-driver-3.141.59.jar:/home/malleshd/.m2/repository/org/seleniumhq/selenium/selenium-opera-driver/3.141.59/selenium-opera-driver-3.141.59.jar:/home/malleshd/.m2/repository/org/seleniumhq/selenium/selenium-remote-driver/3.141.59/selenium-remote-driver-3.141.59.jar:/home/malleshd/.m2/repository/org/seleniumhq/selenium/selenium-safari-driver/3.141.59/selenium-safari-driver-3.141.59.jar:/home/malleshd/.m2/repository/org/seleniumhq/selenium/selenium-support/3.141.59/selenium-support-3.141.59.jar:/home/malleshd/.m2/repository/net/bytebuddy/byte-buddy/1.8.15/byte-buddy-1.8.15.jar:/home/malleshd/.m2/repository/org/apache/commons/commons-exec/1.3/commons-exec-1.3.jar:/home/malleshd/.m2/repository/com/google/guava/guava/25.0-jre/guava-25.0-jre.jar:/home/malleshd/.m2/repository/com/google/code/findbugs/jsr305/1.3.9/jsr305-1.3.9.jar:/home/malleshd/.m2/repository/org/checkerframework/checker-compat-qual/2.0.0/checker-compat-qual-2.0.0.jar:/home/malleshd/.m2/repository/com/google/errorprone/error_prone_annotations/2.1.3/error_prone_annotations-2.1.3.jar:/home/malleshd/.m2/repository/com/google/j2objc/j2objc-annotations/1.1/j2objc-annotations-1.1.jar:/home/malleshd/.m2/repository/org/codehaus/mojo/animal-sniffer-annotations/1.14/animal-sniffer-annotations-1.14.jar:/home/malleshd/.m2/repository/com/squareup/okhttp3/okhttp/3.11.0/okhttp-3.11.0.jar:/home/malleshd/.m2/repository/com/squareup/okio/okio/1.14.0/okio-1.14.0.jar:/home/malleshd/.m2/repository/io/rest-assured/json-schema-validator/4.3.1/json-schema-validator-4.3.1.jar:/home/malleshd/.m2/repository/com/github/java-json-tools/json-schema-validator/2.2.10/json-schema-validator-2.2.10.jar:/home/malleshd/.m2/repository/com/github/java-json-tools/json-schema-core/1.2.10/json-schema-core-1.2.10.jar:/home/malleshd/.m2/repository/com/github/java-json-tools/jackson-coreutils/1.9/jackson-coreutils-1.9.jar:/home/malleshd/.m2/repository/com/fasterxml/jackson/core/jackson-databind/2.2.3/jackson-databind-2.2.3.jar:/home/malleshd/.m2/repository/com/fasterxml/jackson/core/jackson-annotations/2.2.3/jackson-annotations-2.2.3.jar:/home/malleshd/.m2/repository/com/fasterxml/jackson/core/jackson-core/2.2.3/jackson-core-2.2.3.jar:/home/malleshd/.m2/repository/com/github/fge/msg-simple/1.1/msg-simple-1.1.jar:/home/malleshd/.m2/repository/com/github/fge/btf/1.2/btf-1.2.jar:/home/malleshd/.m2/repository/com/github/fge/uri-template/0.9/uri-template-0.9.jar:/home/malleshd/.m2/repository/org/mozilla/rhino/1.7.7.1/rhino-1.7.7.1.jar:/home/malleshd/.m2/repository/javax/mail/mailapi/1.4.3/mailapi-1.4.3.jar:/home/malleshd/.m2/repository/joda-time/joda-time/2.9.7/joda-time-2.9.7.jar:/home/malleshd/.m2/repository/com/googlecode/libphonenumber/libphonenumber/8.0.0/libphonenumber-8.0.0.jar:/home/malleshd/.m2/repository/net/sf/jopt-simple/jopt-simple/5.0.3/jopt-simple-5.0.3.jar:"/>
    <property name="sun.cpu.endian" value="little"/>
    <property name="user.home" value="/home/malleshd"/>
    <property name="user.language" value="en"/>
    <property name="java.specification.vendor" value="Oracle Corporation"/>
    <property name="java.home" value="/usr/lib/jvm/java-1.8.0-openjdk-1.8.0.265.b01-1.amzn2.0.1.x86_64/jre"/>
    <property name="basedir" value="/home/malleshd/IdeaProjects/kyc/obsessory-qa-automation/restapi-testing"/>
    <property name="file.separator" value="/"/>
    <property name="line.separator" value="&#10;"/>
    <property name="java.vm.specification.vendor" value="Oracle Corporation"/>
    <property name="java.specification.name" value="Java Platform API Specification"/>
    <property name="java.awt.graphicsenv" value="sun.awt.X11GraphicsEnvironment"/>
    <property name="surefire.real.class.path" value="/home/malleshd/IdeaProjects/kyc/obsessory-qa-automation/restapi-testing/target/surefire/surefirebooter3001890519076024857.jar"/>
    <property name="sun.boot.class.path" value="/usr/lib/jvm/java-1.8.0-openjdk-1.8.0.265.b01-1.amzn2.0.1.x86_64/jre/lib/resources.jar:/usr/lib/jvm/java-1.8.0-openjdk-1.8.0.265.b01-1.amzn2.0.1.x86_64/jre/lib/rt.jar:/usr/lib/jvm/java-1.8.0-openjdk-1.8.0.265.b01-1.amzn2.0.1.x86_64/jre/lib/sunrsasign.jar:/usr/lib/jvm/java-1.8.0-openjdk-1.8.0.265.b01-1.amzn2.0.1.x86_64/jre/lib/jsse.jar:/usr/lib/jvm/java-1.8.0-openjdk-1.8.0.265.b01-1.amzn2.0.1.x86_64/jre/lib/jce.jar:/usr/lib/jvm/java-1.8.0-openjdk-1.8.0.265.b01-1.amzn2.0.1.x86_64/jre/lib/charsets.jar:/usr/lib/jvm/java-1.8.0-openjdk-1.8.0.265.b01-1.amzn2.0.1.x86_64/jre/lib/jfr.jar:/usr/lib/jvm/java-1.8.0-openjdk-1.8.0.265.b01-1.amzn2.0.1.x86_64/jre/classes"/>
    <property name="sun.management.compiler" value="HotSpot 64-Bit Tiered Compilers"/>
    <property name="java.runtime.version" value="1.8.0_265-b01"/>
    <property name="user.name" value="CORP\malleshd"/>
    <property name="path.separator" value=":"/>
    <property name="os.version" value="4.14.209-160.335.amzn2.x86_64"/>
    <property name="java.endorsed.dirs" value="/usr/lib/jvm/java-1.8.0-openjdk-1.8.0.265.b01-1.amzn2.0.1.x86_64/jre/lib/endorsed"/>
    <property name="java.runtime.name" value="OpenJDK Runtime Environment"/>
    <property name="file.encoding" value="UTF-8"/>
    <property name="java.vm.name" value="OpenJDK 64-Bit Server VM"/>
    <property name="localRepository" value="/home/malleshd/.m2/repository"/>
    <property name="java.vendor.url.bug" value="http://bugreport.sun.com/bugreport/"/>
    <property name="java.io.tmpdir" value="/tmp"/>
    <property name="java.version" value="1.8.0_265"/>
    <property name="user.dir" value="/home/malleshd/IdeaProjects/kyc/obsessory-qa-automation/restapi-testing"/>
    <property name="os.arch" value="amd64"/>
    <property name="java.vm.specification.name" value="Java Virtual Machine Specification"/>
    <property name="java.awt.printerjob" value="sun.print.PSPrinterJob"/>
    <property name="sun.os.patch.level" value="unknown"/>
    <property name="java.library.path" value="/usr/java/packages/lib/amd64:/usr/lib64:/lib64:/lib:/usr/lib"/>
    <property name="java.vm.info" value="mixed mode"/>
    <property name="java.vendor" value="Oracle Corporation"/>
    <property name="java.vm.version" value="25.265-b01"/>
    <property name="java.ext.dirs" value="/usr/lib/jvm/java-1.8.0-openjdk-1.8.0.265.b01-1.amzn2.0.1.x86_64/jre/lib/ext:/usr/java/packages/lib/ext"/>
    <property name="sun.io.unicode.encoding" value="UnicodeLittle"/>
    <property name="java.class.version" value="52.0"/>
  </properties>
  <testcase name="search" classname="com.obsessory.api.search.searchAPI1" time="7.901">
    <system-out><![CDATA[{"response":{"data":{"key":"Shoes for Women","timeTaken":4.102,"totalCount":72788,"debug":"\n       \"query\":{\n         \"bool\":{\n           \"must\":[\n                 \n          {\n               \"nested\": {\n                   \"path\": \"variants\",\n                   \n                   \"inner_hits\" : {\n                      \"_source\": { \"includes\":[\"variants.title\",\"variants.colour\",\"variants.rgb_colours\",\"variants.colourimageurl\",\"variants.images.productimage\",\"variants.images.productimage80_png\",\"variants.images.productimage130_png\",\"variants.images.productimage180_jpg\",\"variants.images.productimage80_jpg\",\"variants.images.productimage480_jpg\"]}\n                   },\n                   \"query\": {\n                      \"bool\":{\n                         \"must\":[\n                            {\n                                \"nested\":{\n                                   \"path\":\"variants.size_variants\",\n                                   \"inner_hits\":{},\n                                   \n                                   \"query\":{\n                                      \"bool\":{\n                                       \"must\":[\n                                          {\n          \"terms\":{\n              \"variants.size_variants.status\":[0,1]\n          }\n        }\n      \n                                         ],\n                                        \"must_not\":[\n                                             { \"terms\" : { \"variants.size_variants.guid\" : [] }},\n                                             { \"term\" : { \"variants.size_variants.qa_check_status\" : \"hide\" }}\n                                        ]\n                                      }\n                                   }\n                                }\n                             }\n                              ,{\n          \"term\":{\n              \"variants.internationaldelivery\":\"GB\"\n          }\n        }\n      \n\n                         ]\n                      }\n                   }\n               }\n           }\n       ,\n{\n            \"query_string\" : {\n                \"query\": \"(department:women) AND ((subcategory_slug:shoes))\",\n                \"minimum_should_match\":\"85%\"\n       \t\t\t}\n   \t\t\t}\n    ,\n            {\n               \"nested\":{\n                  \"path\":\"scores\",\n                  \"query\":{\n                     \"function_score\":{\n                        \"script_score\":{\n                           \"script\":{\n                              \"inline\":\"( (4 * ((doc['scores.product_score'].value == 0) ? 1 : doc['scores.product_score'].value)) + (2 * doc['scores.brand_score'].value) + (3 * doc['scores.store_score'].value) + (8 * doc['scores.seed'].value)) / 17\",\n                              \"lang\":\"painless\"\n                           }\n                        },\n                        \"score_mode\":\"avg\",\n                        \"boost_mode\":\"avg\"\n                     }\n                  },\n                  \"score_mode\":\"avg\"\n               }\n            }\n     \n              ]\n             }\n          }\n     ","breadCrumb":[],"flQuery":{"department":"women","subcategory":"shoes","q":"shoes"},"canonicalUrl":"","description":"<p>\r\n\t<a href=\"https://www.obsessory.com/shoes\" target=\"_blank\"><strong> More than 17,000 shoes</strong></a> on our site—what are you waiting for? Splurge on your shoe fetish with every style in the book. The <a href=\"https://www.obsessory.com/kitten-heels/\" target=\"_blank\"><strong>ladies will love our kitten heels</strong></a>,&nbsp;<a href=\"https://www.obsessory.com/pumps\" target=\"_blank\"><strong>pumps</strong></a>, and&nbsp;<a href=\"https://www.obsessory.com/boots\" target=\"_blank\"><strong>boots</strong></a>, while the&nbsp;<a href=\"https://www.obsessory.com/men-loafers\" target=\"_blank\"><strong>men will love the selection of loafers</strong></a> and trainers. As <a href=\"https://www.obsessory.com/kids-sandals\" target=\"_blank\"><strong>for the kids, we've got cute sandals</strong></a>, ballerinas, and even Timberlands for those munchkins. Added bonus, the sale section features shoes that are up to 70% off. Let's make your day, shall&nbsp;we?</p>","products":[{"store_id":163,"affiliate_id":1,"subcategory2_id":0,"storename":"furla","subcategory3_id":0,"subcategory4_id":0,"subcategory_slug":"shoes","subcategory4_slug":null,"brand_id":105,"subcategory3":"","subcategory_id":117,"subcategory3_slug":null,"subcategory2":"","subcategory4":"","category_id":5,"subcategory2_slug":null,"store_slug":"furla","subcategory":"shoes","category":"footwear","brand":"furla","category_slug":"footwear","sales":[],"variants":[{"title":"Blogger Slingback Ardesia E 38","colour":"gray","colourimageurl":"","images":{"productimage480_jpg":"https://cdn.obsassets.com/furla/furla-blogger-slingback-ardesia-e-38-4a29e_480X480.jpg","productimage130_png":"https://cdn.obsassets.com/furla/furla-blogger-slingback-ardesia-e-38-4a29e_130X130.png","productimage80_jpg":"https://cdn.obsassets.com/furla/furla-blogger-slingback-ardesia-e-38-4a29e_80X80.jpg","productimage80_png":"https://cdn.obsassets.com/furla/furla-blogger-slingback-ardesia-e-38-4a29e_80X80.png","productimage":"https://furla-cdn.thron.com/delivery/public/image/furla/6b467e70-5d6c-403f-b0e7-1be239cf5e02/lfff2u/std/670x670/furla.pngfurla_blogger.png?scalemode=product","productimage180_jpg":"https://cdn.obsassets.com/furla/furla-blogger-slingback-ardesia-e-38-4a29e_180X180.jpg"},"size_variants":[{"slug":"furla-blogger-slingback-ardesia-e-40-722c3","guid":"f4708ae429725e827bef82311bbb581ee1736fe54bc88effd72238fefd8722c3","status":1,"size":"adult","saleprice":120,"msrp":120,"offers":0,"stock":"In Stock","url":"http://www.anrdoezrs.net/click-7583358-12963290?url=https://www.furla.com/gb/en/eshop/woman/accessories/shoes/furla-blogger-YB48C10SC000ZZDG.html?dwvar_YB48C10SC000ZZDG_size=37&dwvar_YB48C10SC000ZZDG_color=ZDG&cgid=Accessories-Shoes&fo_c=1747&fo_k=b04d36cfb38a6cb71a23340f1a1446e2&fo_s=tdgb","free_delivery":{"saleprice":120,"GB":null,"US":null,"INTERNATIONAL":null},"quantity":0},{"slug":"furla-blogger-slingback-ardesia-e-39-a5e12","guid":"b3cdc5d4923b798adddd22c9e5ced8e222ca247c5fad481d7670ad7f15fa5e12","status":1,"size":"adult","saleprice":120,"msrp":120,"offers":0,"stock":"In Stock","url":"http://www.anrdoezrs.net/click-7583358-12963290?url=https://www.furla.com/gb/en/eshop/woman/accessories/shoes/furla-blogger-YB48C10SC000ZZDG.html?dwvar_YB48C10SC000ZZDG_size=37&dwvar_YB48C10SC000ZZDG_color=ZDG&cgid=Accessories-Shoes&fo_c=1747&fo_k=b04d36cfb38a6cb71a23340f1a1446e2&fo_s=tdgb","free_delivery":{"saleprice":120,"GB":null,"US":null,"INTERNATIONAL":null},"quantity":0},{"slug":"furla-blogger-slingback-ardesia-e-38-5-4765e","guid":"f06abd6c6bf4e1bde300152b6cad739b0078322cdbf39598a997f733eea4765e","status":1,"size":"adult","saleprice":120,"msrp":120,"offers":0,"stock":"In Stock","url":"http://www.anrdoezrs.net/click-7583358-12963290?url=https://www.furla.com/gb/en/eshop/woman/accessories/shoes/furla-blogger-YB48C10SC000ZZDG.html?dwvar_YB48C10SC000ZZDG_size=37&dwvar_YB48C10SC000ZZDG_color=ZDG&cgid=Accessories-Shoes&fo_c=1747&fo_k=b04d36cfb38a6cb71a23340f1a1446e2&fo_s=tdgb","free_delivery":{"saleprice":120,"GB":null,"US":null,"INTERNATIONAL":null},"quantity":0}]}]},{"store_id":112,"affiliate_id":3,"subcategory2_id":871,"storename":"asos","subcategory3_id":0,"subcategory4_id":0,"subcategory_slug":"shoes","subcategory4_slug":null,"brand_id":26180,"subcategory3":"","subcategory_id":117,"subcategory3_slug":null,"subcategory2":"flats","subcategory4":"","category_id":5,"subcategory2_slug":"flats","store_slug":"asos","subcategory":"shoes","category":"footwear","brand":"asos design","category_slug":"footwear","sales":[],"variants":[{"title":"Maximum Studded Leather Pointed Mule Croc","colour":"green","colourimageurl":"","images":{"productimage480_jpg":"https://cdn.obsassets.com/asos/asos-design-maximum-studded-leather-pointed-mule-croc-ba0cb_480X480.jpg","productimage130_png":"https://cdn.obsassets.com/asos/asos-design-maximum-studded-leather-pointed-mule-croc-ba0cb_130X130.png","productimage80_jpg":"https://cdn.obsassets.com/asos/asos-design-maximum-studded-leather-pointed-mule-croc-ba0cb_80X80.jpg","productimage80_png":"https://cdn.obsassets.com/asos/asos-design-maximum-studded-leather-pointed-mule-croc-ba0cb_80X80.png","productimage":"https://images.asos-media.com/products/asos-design-maximum-studded-leather-pointed-mule-in-green-croc/12297972-1-greencroc?$XXL$","productimage180_jpg":"https://cdn.obsassets.com/asos/asos-design-maximum-studded-leather-pointed-mule-croc-ba0cb_180X180.jpg"},"size_variants":[{"slug":"asos-design-maximum-studded-leather-pointed-mule-croc-ba0cb","guid":"e62a20a879c45b234b463848d7043f88580a0b37bfa697faf69d5c3d4d9ba0cb","status":1,"size":"6","saleprice":13.5,"msrp":13.5,"offers":0,"stock":"Out Of Stock","url":"https://www.awin1.com/pclick.php?p=24256542375&a=209487&m=5678?www.asos.com","free_delivery":{"saleprice":13.5,"GB":30,"US":31.66,"INTERNATIONAL":null},"quantity":0}]}]},{"store_id":24,"affiliate_id":2,"subcategory2_id":0,"storename":"giglio","subcategory3_id":0,"subcategory4_id":0,"subcategory_slug":"shoes","subcategory4_slug":null,"brand_id":6608,"subcategory3":"","subcategory_id":117,"subcategory3_slug":null,"subcategory2":"","subcategory4":"","category_id":5,"subcategory2_slug":null,"store_slug":"giglio","subcategory":"shoes","category":"footwear","brand":"valentino garavani","category_slug":"footwear","sales":[],"variants":[{"title":"High Heel Shoes Women","colour":"black","colourimageurl":"","images":{"productimage480_jpg":"https://cdn.obsassets.com/giglio/valentino-garavani-high-heel-shoes-women-01c01_480X480.jpg","productimage130_png":"https://cdn.obsassets.com/giglio/valentino-garavani-high-heel-shoes-women-01c01_130X130.png","productimage80_jpg":"https://cdn.obsassets.com/giglio/valentino-garavani-high-heel-shoes-women-01c01_80X80.jpg","productimage80_png":"https://cdn.obsassets.com/giglio/valentino-garavani-high-heel-shoes-women-01c01_80X80.png","productimage":"http://img.giglio.com/images/prodZoom/B16447.002_1.jpg","productimage180_jpg":"https://cdn.obsassets.com/giglio/valentino-garavani-high-heel-shoes-women-01c01_180X180.jpg"},"size_variants":[{"slug":"valentino-garavani-high-heel-shoes-women-01c01","guid":"7cbedc7f50e2d4bfdae011a4d2809cf8445ea18a8ecdcf0235c4abde15001c01","status":1,"size":"37,5","saleprice":576,"msrp":576,"offers":0,"stock":"In Stock","url":"http://click.linksynergy.com/link?id=WLgPX6ZX/Ec&offerid=467798.336702&type=15&murl=http://www.giglio.com/gbr/shoes-women_high-heel-shoes-valentino-garavani-tw2s0q70mzf.html?cSel=002&utm_source=rk-uk-feed&utm_medium=affiliation&utm_campaign=rk-pr&utm_term=VALENTINO%20GARAVANI%20High%20heel%20shoes","free_delivery":{"saleprice":576,"GB":0,"US":0,"INTERNATIONAL":440},"quantity":0}]}]},{"store_id":168,"affiliate_id":2,"subcategory2_id":2597,"storename":"tessabit","subcategory3_id":0,"subcategory4_id":0,"subcategory_slug":"shoes","subcategory4_slug":null,"brand_id":36,"subcategory3":"","subcategory_id":117,"subcategory3_slug":null,"subcategory2":"pumps","subcategory4":"","category_id":5,"subcategory2_slug":"pumps","store_slug":"tessabit","subcategory":"shoes","category":"footwear","brand":"balenciaga","category_slug":"footwear","sales":[],"variants":[{"title":"Leather Pumps ","colour":"black","colourimageurl":"","images":{"productimage480_jpg":"https://cdn.obsassets.com/tessabit/balenciaga-leather-pumps-6530c_480X480.jpg","productimage130_png":"https://cdn.obsassets.com/tessabit/balenciaga-leather-pumps-6530c_130X130.png","productimage80_jpg":"https://cdn.obsassets.com/tessabit/balenciaga-leather-pumps-6530c_80X80.jpg","productimage80_png":"https://cdn.obsassets.com/tessabit/balenciaga-leather-pumps-6530c_80X80.png","productimage":"https://www.tessabit.com/media/catalog/product/3/0/30S---BALENCIAGA_PRE---589153W04Z61064.JPG","productimage180_jpg":"https://cdn.obsassets.com/tessabit/balenciaga-leather-pumps-6530c_180X180.jpg"},"size_variants":[{"slug":"balenciaga-leather-pumps-620f8","guid":"e8249817b6d60993398c606b96c900f07ca101a8623059dbe96dac372e2620f8","status":1,"size":"36","saleprice":675,"msrp":675,"offers":0,"stock":"In Stock","url":"http://click.linksynergy.com/link?id=WLgPX6ZX/Ec&offerid=226286.66976&type=15&murl=http://www.tessabit.com/gb/woman-balenciaga-leather-pumps-1988434270/?___store=gb","free_delivery":{"saleprice":675,"GB":null,"US":null,"INTERNATIONAL":null},"quantity":0},{"slug":"balenciaga-leather-pumps-60d5e","guid":"6a6527c5632dd052f20b39a095e8b6aaeafaa4d612abe00b23c57c34ded60d5e","status":1,"size":"37","saleprice":675,"msrp":675,"offers":0,"stock":"In Stock","url":"http://click.linksynergy.com/link?id=WLgPX6ZX/Ec&offerid=226286.66978&type=15&murl=http://www.tessabit.com/gb/woman-balenciaga-leather-pumps-1988434270/?___store=gb","free_delivery":{"saleprice":675,"GB":null,"US":null,"INTERNATIONAL":null},"quantity":0},{"slug":"balenciaga-leather-pumps-6530c","guid":"6c3df89ce8a986562bae52d9f23e66aa10289c30cc2f0c24c6464411acb6530c","status":1,"size":"37½","saleprice":675,"msrp":675,"offers":0,"stock":"In Stock","url":"http://click.linksynergy.com/link?id=WLgPX6ZX/Ec&offerid=226286.66979&type=15&murl=http://www.tessabit.com/gb/woman-balenciaga-leather-pumps-1988434270/?___store=gb","free_delivery":{"saleprice":675,"GB":null,"US":null,"INTERNATIONAL":null},"quantity":0}]}]},{"store_id":168,"affiliate_id":2,"subcategory2_id":2597,"storename":"tessabit","subcategory3_id":0,"subcategory4_id":0,"subcategory_slug":"shoes","subcategory4_slug":null,"brand_id":236,"subcategory3":"","subcategory_id":117,"subcategory3_slug":null,"subcategory2":"pumps","subcategory4":"","category_id":5,"subcategory2_slug":"pumps","store_slug":"tessabit","subcategory":"shoes","category":"footwear","brand":"roger vivier","category_slug":"footwear","sales":[],"variants":[{"title":"Courbette Patent Leather Pumps ","colour":"black","colourimageurl":"","images":{"productimage480_jpg":"https://cdn.obsassets.com/tessabit/roger-vivier-courbette-patent-leather-pumps-1eb83_480X480.jpg","productimage130_png":"https://cdn.obsassets.com/tessabit/roger-vivier-courbette-patent-leather-pumps-1eb83_130X130.png","productimage80_jpg":"https://cdn.obsassets.com/tessabit/roger-vivier-courbette-patent-leather-pumps-1eb83_80X80.jpg","productimage80_png":"https://cdn.obsassets.com/tessabit/roger-vivier-courbette-patent-leather-pumps-1eb83_80X80.png","productimage":"https://www.tessabit.com/media/catalog/product/2/9/29W---ROGER_VIVIER_MAIN---RVW54526440D1PB999.JPG","productimage180_jpg":"https://cdn.obsassets.com/tessabit/roger-vivier-courbette-patent-leather-pumps-1eb83_180X180.jpg"},"size_variants":[{"slug":"roger-vivier-courbette-patent-leather-pumps-1eb83","guid":"849fdabf56ded7411b87803a2dbc500edbe6b8a25bb91ed9d7c40415c451eb83","status":1,"size":"38½","saleprice":522,"msrp":870,"offers":40,"stock":"In Stock","url":"http://click.linksynergy.com/link?id=WLgPX6ZX/Ec&offerid=226286.62671&type=15&murl=http://www.tessabit.com/gb/woman-roger-vivier-courbette-patent-leather-pumps-848612708/?___store=gb","free_delivery":{"saleprice":522,"GB":null,"US":null,"INTERNATIONAL":null},"quantity":0}]}]},{"store_id":106,"affiliate_id":3,"subcategory2_id":2345,"storename":"outdoor gear","subcategory3_id":0,"subcategory4_id":0,"subcategory_slug":"shoes","subcategory4_slug":null,"brand_id":16269,"subcategory3":"","subcategory_id":117,"subcategory3_slug":null,"subcategory2":"gaiter","subcategory4":"","category_id":5,"subcategory2_slug":"gaiter","store_slug":"outdoorgear","subcategory":"shoes","category":"footwear","brand":"manbi","category_slug":"footwear","sales":[],"variants":[{"title":"Fleece Balaclava Neck Gaiter","colour":null,"colourimageurl":"","images":{"productimage480_jpg":"https://cdn.obsassets.com/outdoorgear/manbi-fleece-balaclava-neck-gaiter-389fe_480X480.jpg","productimage130_png":"https://cdn.obsassets.com/outdoorgear/manbi-fleece-balaclava-neck-gaiter-389fe_130X130.png","productimage80_jpg":"https://cdn.obsassets.com/outdoorgear/manbi-fleece-balaclava-neck-gaiter-389fe_80X80.jpg","productimage80_png":"https://cdn.obsassets.com/outdoorgear/manbi-fleece-balaclava-neck-gaiter-389fe_80X80.png","productimage":"https://www.outdoorgear.co.uk/pix/big/471039-01_XL1.jpg","productimage180_jpg":"https://cdn.obsassets.com/outdoorgear/manbi-fleece-balaclava-neck-gaiter-389fe_180X180.jpg"},"size_variants":[{"slug":"manbi-fleece-balaclava-neck-gaiter-389fe","guid":"75d8e1aab16d1f0f3ac983bd281ff02c22c9c335cc3d46c3ad7d7fa9826389fe","status":1,"size":"","saleprice":4.95,"msrp":9.95,"offers":50,"stock":"In Stock","url":"https://www.outdoorgear.co.uk/Manbi-Fleece-Balaclava-Neck-Gaiter-sku47103900.asp?utm_source=AffiliateWindow&utm_medium=Affiliate-Partners&utm_campaign=AffiliateWindow-datafeed&CameFrom=aw?null","free_delivery":{"saleprice":4.95,"GB":50,"US":null,"INTERNATIONAL":null},"quantity":0}]}]},{"store_id":112,"affiliate_id":3,"subcategory2_id":871,"storename":"asos","subcategory3_id":1663,"subcategory4_id":0,"subcategory_slug":"shoes","subcategory4_slug":null,"brand_id":26180,"subcategory3":"pool sliders","subcategory_id":117,"subcategory3_slug":"pool-sliders","subcategory2":"flats","subcategory4":"","category_id":5,"subcategory2_slug":"flats","store_slug":"asos","subcategory":"shoes","category":"footwear","brand":"asos design","category_slug":"footwear","sales":[],"variants":[{"title":"Featuring Embellished Sliders Rose Gold","colour":"beige","colourimageurl":"","images":{"productimage480_jpg":"https://cdn.obsassets.com/asos/asos-design-featuring-embellished-sliders-rose-gold-f22e9_480X480.jpg","productimage130_png":"https://cdn.obsassets.com/asos/asos-design-featuring-embellished-sliders-rose-gold-f22e9_130X130.png","productimage80_jpg":"https://cdn.obsassets.com/asos/asos-design-featuring-embellished-sliders-rose-gold-f22e9_80X80.jpg","productimage80_png":"https://cdn.obsassets.com/asos/asos-design-featuring-embellished-sliders-rose-gold-f22e9_80X80.png","productimage":"https://images.asos-media.com/products/asos-design-featuring-embellished-sliders-in-rose-gold/11074618-1-rosegold?$XXL$","productimage180_jpg":"https://cdn.obsassets.com/asos/asos-design-featuring-embellished-sliders-rose-gold-f22e9_180X180.jpg"},"size_variants":[{"slug":"asos-design-featuring-embellished-sliders-rose-gold-f22e9","guid":"f2dbe6d0291c220647e43b3e338e562d9befa98301b2d039e89e558886cf22e9","status":1,"size":"5","saleprice":16,"msrp":16,"offers":0,"stock":"In Stock","url":"https://www.awin1.com/pclick.php?p=24960404159&a=209487&m=5678?www.asos.com","free_delivery":{"saleprice":16,"GB":30,"US":31.66,"INTERNATIONAL":null},"quantity":0}]}]},{"store_id":112,"affiliate_id":3,"subcategory2_id":871,"storename":"asos","subcategory3_id":0,"subcategory4_id":0,"subcategory_slug":"shoes","subcategory4_slug":null,"brand_id":26180,"subcategory3":"","subcategory_id":117,"subcategory3_slug":null,"subcategory2":"flats","subcategory4":"","category_id":5,"subcategory2_slug":"flats","store_slug":"asos","subcategory":"shoes","category":"footwear","brand":"asos design","category_slug":"footwear","sales":[],"variants":[{"title":"Middle Chunky Flat Shoes","colour":"black","colourimageurl":"","images":{"productimage480_jpg":"https://cdn.obsassets.com/asos/asos-design-middle-chunky-flat-shoes-d676b_480X480.jpg","productimage130_png":"https://cdn.obsassets.com/asos/asos-design-middle-chunky-flat-shoes-d676b_130X130.png","productimage80_jpg":"https://cdn.obsassets.com/asos/asos-design-middle-chunky-flat-shoes-d676b_80X80.jpg","productimage80_png":"https://cdn.obsassets.com/asos/asos-design-middle-chunky-flat-shoes-d676b_80X80.png","productimage":"https://images.asos-media.com/products/asos-design-middle-chunky-flat-shoes-in-black/12835114-1-black?$XXL$","productimage180_jpg":"https://cdn.obsassets.com/asos/asos-design-middle-chunky-flat-shoes-d676b_180X180.jpg"},"size_variants":[{"slug":"asos-design-middle-chunky-flat-shoes-d676b","guid":"3ec02d13dea085d9dfaedc76ddcb76858985bb814925ed9ef39ddb3098cd676b","status":1,"size":"6","saleprice":17,"msrp":17,"offers":0,"stock":"Out Of Stock","url":"https://www.awin1.com/pclick.php?p=24655531413&a=209487&m=5678?www.asos.com","free_delivery":{"saleprice":17,"GB":30,"US":31.66,"INTERNATIONAL":null},"quantity":0}]}]},{"store_id":17,"affiliate_id":3,"subcategory2_id":121,"storename":"dorothy perkins","subcategory3_id":0,"subcategory4_id":0,"subcategory_slug":"shoes","subcategory4_slug":null,"brand_id":5610,"subcategory3":"","subcategory_id":117,"subcategory3_slug":null,"subcategory2":"wedges","subcategory4":"","category_id":5,"subcategory2_slug":"wedges","store_slug":"dorothy-perkins","subcategory":"shoes","category":"footwear","brand":"quiz","category_slug":"footwear","sales":[],"variants":[{"title":"Shimmer Diate Mule Wedges","colour":"silver","colourimageurl":"","images":{"productimage480_jpg":"https://cdn.obsassets.com/dorothyperkins/quiz-shimmer-diate-mule-wedges-10203_480X480.jpg","productimage130_png":"https://cdn.obsassets.com/dorothyperkins/quiz-shimmer-diate-mule-wedges-10203_130X130.png","productimage80_jpg":"https://cdn.obsassets.com/dorothyperkins/quiz-shimmer-diate-mule-wedges-10203_80X80.jpg","productimage80_png":"https://cdn.obsassets.com/dorothyperkins/quiz-shimmer-diate-mule-wedges-10203_80X80.png","productimage":"https://images.dorothyperkins.com/i/DorothyPerkins/DP08005967_F_1.jpg?$Zoom$","productimage180_jpg":"https://cdn.obsassets.com/dorothyperkins/quiz-shimmer-diate-mule-wedges-10203_180X180.jpg"},"size_variants":[{"slug":"quiz-shimmer-diate-mule-wedges-10203","guid":"c2cca102214263b6f10c66808e37cdd59f1dd3c7f1d978aafd2e7c5848b10203","status":1,"size":"5","saleprice":11.99,"msrp":29.99,"offers":60,"stock":"Out Of Stock","url":"https://www.awin1.com/pclick.php?p=24184153083&a=209487&m=1134?www.dorothyperkins.com","free_delivery":{"saleprice":11.99,"GB":50,"US":38.5,"INTERNATIONAL":null},"quantity":0}]}]},{"store_id":163,"affiliate_id":1,"subcategory2_id":0,"storename":"furla","subcategory3_id":0,"subcategory4_id":0,"subcategory_slug":"shoes","subcategory4_slug":null,"brand_id":105,"subcategory3":"","subcategory_id":117,"subcategory3_slug":null,"subcategory2":"","subcategory4":"","category_id":5,"subcategory2_slug":null,"store_slug":"furla","subcategory":"shoes","category":"footwear","brand":"furla","category_slug":"footwear","sales":[],"variants":[{"title":"Blogger Alya Slingback Onyx 37","colour":"black","colourimageurl":"","images":{"productimage480_jpg":"https://cdn.obsassets.com/furla/furla-blogger-alya-slingback-onyx-37-4189a_480X480.jpg","productimage130_png":"https://cdn.obsassets.com/furla/furla-blogger-alya-slingback-onyx-37-4189a_130X130.png","productimage80_jpg":"https://cdn.obsassets.com/furla/furla-blogger-alya-slingback-onyx-37-4189a_80X80.jpg","productimage80_png":"https://cdn.obsassets.com/furla/furla-blogger-alya-slingback-onyx-37-4189a_80X80.png","productimage":"https://furla-cdn.thron.com/delivery/public/image/furla/0ca782f0-7a3d-4bb7-a21f-9a25b977d38c/lfff2u/std/670x670/furla.pngfurla_blogger_alya.png?scalemode=product","productimage180_jpg":"https://cdn.obsassets.com/furla/furla-blogger-alya-slingback-onyx-37-4189a_180X180.jpg"},"size_variants":[{"slug":"furla-blogger-alya-slingback-onyx-38-669d2","guid":"012f3f926c5f2b8ebffc2c9af383f35d613e126d3c101642499f1acb4cf669d2","status":1,"size":"adult","saleprice":147,"msrp":147,"offers":0,"stock":"In Stock","url":"http://www.anrdoezrs.net/click-7583358-12963290?url=https://www.furla.com/gb/en/eshop/woman/accessories/shoes/furla-blogger-alya-YB57100SC000ZYUU.html?dwvar_YB57100SC000ZYUU_color=YUU&dwvar_YB57100SC000ZYUU_size=37&cgid=Accessories-Shoes&fo_c=1747&fo_k=494216d8be539dbe8ff8050e5f74f03c&fo_s=tdgb","free_delivery":{"saleprice":147,"GB":null,"US":null,"INTERNATIONAL":null},"quantity":0},{"slug":"furla-blogger-alya-slingback-onyx-38-5-4618a","guid":"ee9941037ec6da804863188c505916097a238ccb83d8b2379179cd5d2894618a","status":1,"size":"adult","saleprice":147,"msrp":147,"offers":0,"stock":"In Stock","url":"http://www.anrdoezrs.net/click-7583358-12963290?url=https://www.furla.com/gb/en/eshop/woman/accessories/shoes/furla-blogger-alya-YB57100SC000ZYUU.html?dwvar_YB57100SC000ZYUU_color=YUU&dwvar_YB57100SC000ZYUU_size=37&cgid=Accessories-Shoes&fo_c=1747&fo_k=494216d8be539dbe8ff8050e5f74f03c&fo_s=tdgb","free_delivery":{"saleprice":147,"GB":null,"US":null,"INTERNATIONAL":null},"quantity":0},{"slug":"furla-blogger-alya-slingback-onyx-37-5-fc6c6","guid":"e5eaa5248b739467219e5a46d6f3cbaba2daaaaa09221bc262859a7079afc6c6","status":1,"size":"adult","saleprice":147,"msrp":147,"offers":0,"stock":"In Stock","url":"http://www.anrdoezrs.net/click-7583358-12963290?url=https://www.furla.com/gb/en/eshop/woman/accessories/shoes/furla-blogger-alya-YB57100SC000ZYUU.html?dwvar_YB57100SC000ZYUU_color=YUU&dwvar_YB57100SC000ZYUU_size=37&cgid=Accessories-Shoes&fo_c=1747&fo_k=494216d8be539dbe8ff8050e5f74f03c&fo_s=tdgb","free_delivery":{"saleprice":147,"GB":null,"US":null,"INTERNATIONAL":null},"quantity":0}]}]},{"store_id":112,"affiliate_id":3,"subcategory2_id":871,"storename":"asos","subcategory3_id":2827,"subcategory4_id":0,"subcategory_slug":"shoes","subcategory4_slug":null,"brand_id":26180,"subcategory3":"ballet flats","subcategory_id":117,"subcategory3_slug":"ballet-flats","subcategory2":"flats","subcategory4":"","category_id":5,"subcategory2_slug":"flats","store_slug":"asos","subcategory":"shoes","category":"footwear","brand":"asos design","category_slug":"footwear","sales":[],"variants":[{"title":"Lima Studded Ballet Flats","colour":null,"colourimageurl":"","images":{"productimage480_jpg":"https://cdn.obsassets.com/asos/asos-design-lima-studded-ballet-flats-a1cd5_480X480.jpg","productimage130_png":"https://cdn.obsassets.com/asos/asos-design-lima-studded-ballet-flats-a1cd5_130X130.png","productimage80_jpg":"https://cdn.obsassets.com/asos/asos-design-lima-studded-ballet-flats-a1cd5_80X80.jpg","productimage80_png":"https://cdn.obsassets.com/asos/asos-design-lima-studded-ballet-flats-a1cd5_80X80.png","productimage":"https://images.asos-media.com/products/asos-design-lima-studded-ballet-flats-in-bone/12863024-1-bone?$XXL$","productimage180_jpg":"https://cdn.obsassets.com/asos/asos-design-lima-studded-ballet-flats-a1cd5_180X180.jpg"},"size_variants":[{"slug":"asos-design-lima-studded-ballet-flats-a1cd5","guid":"8270d2ea2f6ef33f6dfb684083e2172f017f97a3873f217143bfb397553a1cd5","status":1,"size":"9","saleprice":25,"msrp":25,"offers":0,"stock":"In Stock","url":"https://www.awin1.com/pclick.php?p=25074801607&a=209487&m=5678?www.asos.com","free_delivery":{"saleprice":25,"GB":30,"US":31.66,"INTERNATIONAL":null},"quantity":0}]}]},{"store_id":17,"affiliate_id":3,"subcategory2_id":121,"storename":"dorothy perkins","subcategory3_id":1331,"subcategory4_id":0,"subcategory_slug":"shoes","subcategory4_slug":null,"brand_id":86,"subcategory3":"flatform","subcategory_id":117,"subcategory3_slug":"flatform","subcategory2":"wedges","subcategory4":"","category_id":5,"subcategory2_slug":"wedges","store_slug":"dorothy-perkins","subcategory":"shoes","category":"footwear","brand":"dorothy perkins","category_slug":"footwear","sales":[],"variants":[{"title":"Black 'rosalie' Flatform Mules","colour":"black","colourimageurl":"","images":{"productimage480_jpg":"https://cdn.obsassets.com/dorothyperkins/dorothy-perkins-black-rosalie-flatform-mules-91773_480X480.jpg","productimage130_png":"https://cdn.obsassets.com/dorothyperkins/dorothy-perkins-black-rosalie-flatform-mules-91773_130X130.png","productimage80_jpg":"https://cdn.obsassets.com/dorothyperkins/dorothy-perkins-black-rosalie-flatform-mules-91773_80X80.jpg","productimage80_png":"https://cdn.obsassets.com/dorothyperkins/dorothy-perkins-black-rosalie-flatform-mules-91773_80X80.png","productimage":"https://images.dorothyperkins.com/i/DorothyPerkins/DP19534513_F_1.jpg?$Zoom$","productimage180_jpg":"https://cdn.obsassets.com/dorothyperkins/dorothy-perkins-black-rosalie-flatform-mules-91773_180X180.jpg"},"size_variants":[{"slug":"dorothy-perkins-black-rosalie-flatform-mules-91773","guid":"00b12c9619b8cce173a61ed133996c3fb07b2a6b51567ae20f8cad00db791773","status":1,"size":"7","saleprice":12.5,"msrp":25,"offers":50,"stock":"In Stock","url":"https://www.awin1.com/pclick.php?p=25943098955&a=209487&m=1134?www.dorothyperkins.com","free_delivery":{"saleprice":12.5,"GB":50,"US":38.5,"INTERNATIONAL":null},"quantity":0}]}]},{"store_id":24,"affiliate_id":2,"subcategory2_id":956,"storename":"giglio","subcategory3_id":878,"subcategory4_id":0,"subcategory_slug":"shoes","subcategory4_slug":null,"brand_id":16040,"subcategory3":"brogues","subcategory_id":117,"subcategory3_slug":"brogues","subcategory2":"lace-ups","subcategory4":"","category_id":5,"subcategory2_slug":"lace-ups","store_slug":"giglio","subcategory":"shoes","category":"footwear","brand":"marsell","category_slug":"footwear","sales":[],"variants":[{"title":"Brogues Women","colour":"black","colourimageurl":"","images":{"productimage480_jpg":"https://cdn.obsassets.com/giglio/marsell-brogues-women-22cca_480X480.jpg","productimage130_png":"https://cdn.obsassets.com/giglio/marsell-brogues-women-22cca_130X130.png","productimage80_jpg":"https://cdn.obsassets.com/giglio/marsell-brogues-women-22cca_80X80.jpg","productimage80_png":"https://cdn.obsassets.com/giglio/marsell-brogues-women-22cca_80X80.png","productimage":"http://img.giglio.com/images/prodZoom/B03117.002_1.jpg","productimage180_jpg":"https://cdn.obsassets.com/giglio/marsell-brogues-women-22cca_180X180.jpg"},"size_variants":[{"slug":"marsell-brogues-women-22cca","guid":"d282f251a6dd882162392a85f40aca7210da92e85f5cc0795962186933b22cca","status":1,"size":"39,5","saleprice":325,"msrp":650,"offers":50,"stock":"In Stock","url":"http://click.linksynergy.com/link?id=WLgPX6ZX/Ec&offerid=467798.321438&type=15&murl=http://www.giglio.com/gbr/shoes-women_brogues-marsell-mw5691120s666.html?cSel=002&utm_source=rk-uk-feed&utm_medium=affiliation&utm_campaign=rk-pr&utm_term=MARSELL%20Brogues","free_delivery":{"saleprice":325,"GB":0,"US":0,"INTERNATIONAL":440},"quantity":0}]}]},{"store_id":168,"affiliate_id":2,"subcategory2_id":2597,"storename":"tessabit","subcategory3_id":0,"subcategory4_id":0,"subcategory_slug":"shoes","subcategory4_slug":null,"brand_id":19431,"subcategory3":"","subcategory_id":117,"subcategory3_slug":null,"subcategory2":"pumps","subcategory4":"","category_id":5,"subcategory2_slug":"pumps","store_slug":"tessabit","subcategory":"shoes","category":"footwear","brand":"francesco russo","category_slug":"footwear","sales":[],"variants":[{"title":"Leather Pumps ","colour":"white","colourimageurl":"","images":{"productimage480_jpg":"https://cdn.obsassets.com/tessabit/francesco-russo-leather-pumps-fa85f_480X480.jpg","productimage130_png":"https://cdn.obsassets.com/tessabit/francesco-russo-leather-pumps-fa85f_130X130.png","productimage80_jpg":"https://cdn.obsassets.com/tessabit/francesco-russo-leather-pumps-fa85f_80X80.jpg","productimage80_png":"https://cdn.obsassets.com/tessabit/francesco-russo-leather-pumps-fa85f_80X80.png","productimage":"https://www.tessabit.com/media/catalog/product/3/0/30S---FRANCESCO_RUSSO---R1P270202201.JPG","productimage180_jpg":"https://cdn.obsassets.com/tessabit/francesco-russo-leather-pumps-fa85f_180X180.jpg"},"size_variants":[{"slug":"francesco-russo-leather-pumps-45b2c","guid":"c33e1efd8fd57d91f3793d3c4f9d6c2bee165d61ec9059f6fea7528e27e45b2c","status":1,"size":"37½","saleprice":491,"msrp":491,"offers":0,"stock":"In Stock","url":"http://click.linksynergy.com/link?id=WLgPX6ZX/Ec&offerid=226286.66199&type=15&murl=http://www.tessabit.com/gb/woman-francesco-russo-pumps-leather-pumps-844178786/?___store=gb","free_delivery":{"saleprice":491,"GB":null,"US":null,"INTERNATIONAL":null},"quantity":0},{"slug":"francesco-russo-leather-pumps-fa85f","guid":"d9a965527f870bab89c1e8d5d4a0e011496de218edb5a0b99dac60561defa85f","status":1,"size":"36½","saleprice":491,"msrp":491,"offers":0,"stock":"In Stock","url":"http://click.linksynergy.com/link?id=WLgPX6ZX/Ec&offerid=226286.66197&type=15&murl=http://www.tessabit.com/gb/woman-francesco-russo-pumps-leather-pumps-844178786/?___store=gb","free_delivery":{"saleprice":491,"GB":null,"US":null,"INTERNATIONAL":null},"quantity":0}]}]},{"store_id":17,"affiliate_id":3,"subcategory2_id":2597,"storename":"dorothy perkins","subcategory3_id":0,"subcategory4_id":0,"subcategory_slug":"shoes","subcategory4_slug":null,"brand_id":86,"subcategory3":"","subcategory_id":117,"subcategory3_slug":null,"subcategory2":"pumps","subcategory4":"","category_id":5,"subcategory2_slug":"pumps","store_slug":"dorothy-perkins","subcategory":"shoes","category":"footwear","brand":"dorothy perkins","category_slug":"footwear","sales":[],"variants":[{"title":"Wide Fit Black 'peaky' Comfort Pumps","colour":"black","colourimageurl":"","images":{"productimage480_jpg":"https://cdn.obsassets.com/dorothyperkins/dorothy-perkins-wide-fit-black-peaky-comfort-pumps-9a9d7_480X480.jpg","productimage130_png":"https://cdn.obsassets.com/dorothyperkins/dorothy-perkins-wide-fit-black-peaky-comfort-pumps-9a9d7_130X130.png","productimage80_jpg":"https://cdn.obsassets.com/dorothyperkins/dorothy-perkins-wide-fit-black-peaky-comfort-pumps-9a9d7_80X80.jpg","productimage80_png":"https://cdn.obsassets.com/dorothyperkins/dorothy-perkins-wide-fit-black-peaky-comfort-pumps-9a9d7_80X80.png","productimage":"https://images.dorothyperkins.com/i/DorothyPerkins/DP35501713_F_1.jpg?$Zoom$","productimage180_jpg":"https://cdn.obsassets.com/dorothyperkins/dorothy-perkins-wide-fit-black-peaky-comfort-pumps-9a9d7_180X180.jpg"},"size_variants":[{"slug":"dorothy-perkins-wide-fit-black-peaky-comfort-pumps-9a9d7","guid":"9865daa215a903980d06e975f9815dc420dd38ac468e8e55189c7514ca79a9d7","status":1,"size":"3","saleprice":15,"msrp":25,"offers":40,"stock":"Out Of Stock","url":"https://www.awin1.com/pclick.php?p=25379386943&a=209487&m=1134?www.dorothyperkins.com","free_delivery":{"saleprice":15,"GB":50,"US":38.5,"INTERNATIONAL":null},"quantity":0}]}]},{"store_id":112,"affiliate_id":3,"subcategory2_id":871,"storename":"asos","subcategory3_id":0,"subcategory4_id":0,"subcategory_slug":"shoes","subcategory4_slug":null,"brand_id":26180,"subcategory3":"","subcategory_id":117,"subcategory3_slug":null,"subcategory2":"flats","subcategory4":"","category_id":5,"subcategory2_slug":"flats","store_slug":"asos","subcategory":"shoes","category":"footwear","brand":"asos design","category_slug":"footwear","sales":[],"variants":[{"title":"Matchsticks Flat Shoes","colour":"black","colourimageurl":"","images":{"productimage480_jpg":"https://cdn.obsassets.com/asos/asos-design-matchsticks-flat-shoes-7e7da_480X480.jpg","productimage130_png":"https://cdn.obsassets.com/asos/asos-design-matchsticks-flat-shoes-7e7da_130X130.png","productimage80_jpg":"https://cdn.obsassets.com/asos/asos-design-matchsticks-flat-shoes-7e7da_80X80.jpg","productimage80_png":"https://cdn.obsassets.com/asos/asos-design-matchsticks-flat-shoes-7e7da_80X80.png","productimage":"https://images.asos-media.com/products/asos-design-matchsticks-flat-shoes-in-black/11738468-1-black?$XXL$","productimage180_jpg":"https://cdn.obsassets.com/asos/asos-design-matchsticks-flat-shoes-7e7da_180X180.jpg"},"size_variants":[{"slug":"asos-design-matchsticks-flat-shoes-7e7da","guid":"e86492671e3b7e31ef46df864c5b3d9c5f1d733c24dfb4c9c6af1d8aafc7e7da","status":1,"size":"6","saleprice":28,"msrp":28,"offers":0,"stock":"Out Of Stock","url":"https://www.awin1.com/pclick.php?p=24989113281&a=209487&m=5678?www.asos.com","free_delivery":{"saleprice":28,"GB":30,"US":31.66,"INTERNATIONAL":null},"quantity":0}]}]},{"store_id":24,"affiliate_id":2,"subcategory2_id":956,"storename":"giglio","subcategory3_id":878,"subcategory4_id":0,"subcategory_slug":"shoes","subcategory4_slug":null,"brand_id":16040,"subcategory3":"brogues","subcategory_id":117,"subcategory3_slug":"brogues","subcategory2":"lace-ups","subcategory4":"","category_id":5,"subcategory2_slug":"lace-ups","store_slug":"giglio","subcategory":"shoes","category":"footwear","brand":"marsell","category_slug":"footwear","sales":[],"variants":[{"title":"Brogues Women","colour":null,"colourimageurl":"","images":{"productimage480_jpg":"https://cdn.obsassets.com/giglio/marsell-brogues-women-0d97e_480X480.jpg","productimage130_png":"https://cdn.obsassets.com/giglio/marsell-brogues-women-0d97e_130X130.png","productimage80_jpg":"https://cdn.obsassets.com/giglio/marsell-brogues-women-0d97e_80X80.jpg","productimage80_png":"https://cdn.obsassets.com/giglio/marsell-brogues-women-0d97e_80X80.png","productimage":"http://img.giglio.com/images/prodZoom/B05844.110_1.jpg","productimage180_jpg":"https://cdn.obsassets.com/giglio/marsell-brogues-women-0d97e_180X180.jpg"},"size_variants":[{"slug":"marsell-brogues-women-0d97e","guid":"c35fe4d02131ab99f28ad9c657b1ae56413ac04e8c2fccd47c8faf5b2e00d97e","status":1,"size":"36","saleprice":299,"msrp":299,"offers":0,"stock":"In Stock","url":"http://click.linksynergy.com/link?id=WLgPX6ZX/Ec&offerid=467798.321516&type=15&murl=http://www.giglio.com/gbr/shoes-women_brogues-marsell-mwg112p459.html?cSel=110&utm_source=rk-uk-feed&utm_medium=affiliation&utm_campaign=rk-pr&utm_term=MARSELL%20Brogues","free_delivery":{"saleprice":299,"GB":0,"US":0,"INTERNATIONAL":440},"quantity":0}]}]},{"store_id":112,"affiliate_id":3,"subcategory2_id":121,"storename":"asos","subcategory3_id":1331,"subcategory4_id":0,"subcategory_slug":"shoes","subcategory4_slug":null,"brand_id":259,"subcategory3":"flatform","subcategory_id":117,"subcategory3_slug":"flatform","subcategory2":"wedges","subcategory4":"","category_id":5,"subcategory2_slug":"wedges","store_slug":"asos","subcategory":"shoes","category":"footwear","brand":"superga","category_slug":"footwear","sales":[],"variants":[{"title":"2790 Espadrille Flatform Trainers","colour":"white","colourimageurl":"","images":{"productimage480_jpg":"https://cdn.obsassets.com/asos/superga-2790-espadrille-flatform-trainers-3e79d_480X480.jpg","productimage130_png":"https://cdn.obsassets.com/asos/superga-2790-espadrille-flatform-trainers-3e79d_130X130.png","productimage80_jpg":"https://cdn.obsassets.com/asos/superga-2790-espadrille-flatform-trainers-3e79d_80X80.jpg","productimage80_png":"https://cdn.obsassets.com/asos/superga-2790-espadrille-flatform-trainers-3e79d_80X80.png","productimage":"https://images.asos-media.com/products/superga-2790-espadrille-flatform-trainers-in-white/11213006-1-white901?$XXL$","productimage180_jpg":"https://cdn.obsassets.com/asos/superga-2790-espadrille-flatform-trainers-3e79d_180X180.jpg"},"size_variants":[{"slug":"superga-2790-espadrille-flatform-trainers-3e79d","guid":"acbb5f80e9da175d674bed4be650932b5832bc2806bdf12003e450ea5a63e79d","status":1,"size":"8","saleprice":65,"msrp":65,"offers":0,"stock":"In Stock","url":"https://www.awin1.com/pclick.php?p=24958628517&a=209487&m=5678?www.asos.com","free_delivery":{"saleprice":65,"GB":30,"US":31.66,"INTERNATIONAL":null},"quantity":0}]}]},{"store_id":24,"affiliate_id":2,"subcategory2_id":2597,"storename":"giglio","subcategory3_id":2901,"subcategory4_id":0,"subcategory_slug":"shoes","subcategory4_slug":null,"brand_id":5976,"subcategory3":"court","subcategory_id":117,"subcategory3_slug":"court","subcategory2":"pumps","subcategory4":"","category_id":5,"subcategory2_slug":"pumps","store_slug":"giglio","subcategory":"shoes","category":"footwear","brand":"sergio rossi","category_slug":"footwear","sales":[],"variants":[{"title":"Court Shoes Women","colour":"silver","colourimageurl":"","images":{"productimage480_jpg":"https://cdn.obsassets.com/giglio/sergio-rossi-court-shoes-women-06c5d_480X480.jpg","productimage130_png":"https://cdn.obsassets.com/giglio/sergio-rossi-court-shoes-women-06c5d_130X130.png","productimage80_jpg":"https://cdn.obsassets.com/giglio/sergio-rossi-court-shoes-women-06c5d_80X80.jpg","productimage80_png":"https://cdn.obsassets.com/giglio/sergio-rossi-court-shoes-women-06c5d_80X80.png","productimage":"http://img.giglio.com/images/prodZoom/302472.061_1.jpg","productimage180_jpg":"https://cdn.obsassets.com/giglio/sergio-rossi-court-shoes-women-06c5d_180X180.jpg"},"size_variants":[{"slug":"sergio-rossi-court-shoes-women-06c5d","guid":"3872d5c4f9fa655ffa830bff9410ac3700505c54b901ec5583bdcacaa3b06c5d","status":1,"size":"37,5","saleprice":263,"msrp":526,"offers":50,"stock":"In Stock","url":"http://click.linksynergy.com/link?id=WLgPX6ZX/Ec&offerid=467798.171905&type=15&murl=http://www.giglio.com/gbr/shoes-women_court-shoes-shoes-women-sergio-rossi-a78952mte157.html?cSel=061&utm_source=rk-uk-feed&utm_medium=affiliation&utm_campaign=rk-pr&utm_term=SERGIO%20ROSSI%20Court%20shoes","free_delivery":{"saleprice":263,"GB":0,"US":0,"INTERNATIONAL":440},"quantity":0}]}]},{"store_id":17,"affiliate_id":3,"subcategory2_id":2597,"storename":"dorothy perkins","subcategory3_id":2901,"subcategory4_id":0,"subcategory_slug":"shoes","subcategory4_slug":null,"brand_id":86,"subcategory3":"court","subcategory_id":117,"subcategory3_slug":"court","subcategory2":"pumps","subcategory4":"","category_id":5,"subcategory2_slug":"pumps","store_slug":"dorothy-perkins","subcategory":"shoes","category":"footwear","brand":"dorothy perkins","category_slug":"footwear","sales":[],"variants":[{"title":"Blush 'delia' Court Shoes","colour":"pink","colourimageurl":"","images":{"productimage480_jpg":"https://cdn.obsassets.com/dorothyperkins/dorothy-perkins-blush-delia-court-shoes-4db48_480X480.jpg","productimage130_png":"https://cdn.obsassets.com/dorothyperkins/dorothy-perkins-blush-delia-court-shoes-4db48_130X130.png","productimage80_jpg":"https://cdn.obsassets.com/dorothyperkins/dorothy-perkins-blush-delia-court-shoes-4db48_80X80.jpg","productimage80_png":"https://cdn.obsassets.com/dorothyperkins/dorothy-perkins-blush-delia-court-shoes-4db48_80X80.png","productimage":"https://images.dorothyperkins.com/i/DorothyPerkins/DP19253904_F_1.jpg?$Zoom$","productimage180_jpg":"https://cdn.obsassets.com/dorothyperkins/dorothy-perkins-blush-delia-court-shoes-4db48_180X180.jpg"},"size_variants":[{"slug":"dorothy-perkins-blush-delia-court-shoes-4db48","guid":"3251a53920d6dcafd095ef735f2362b1855ef3797dbdd2e71379d855ae54db48","status":1,"size":"9","saleprice":16.8,"msrp":28,"offers":40,"stock":"In Stock","url":"https://www.awin1.com/pclick.php?p=24075782025&a=209487&m=1134?www.dorothyperkins.com","free_delivery":{"saleprice":16.8,"GB":50,"US":38.5,"INTERNATIONAL":null},"quantity":0}]}]}]},"msg":"Here is the search results.","status":200}}
200
Shoes for Women
]]></system-out>
  </testcase>
  <testcase name="search" classname="com.obsessory.api.search.searchAPI2" time="3.148">
    <system-out><![CDATA[{"response":{"data":{"key":"Shoes for Men","timeTaken":2.185,"totalCount":26765,"debug":"\n       \"query\":{\n         \"bool\":{\n           \"must\":[\n                 \n          {\n               \"nested\": {\n                   \"path\": \"variants\",\n                   \n                   \"inner_hits\" : {\n                      \"_source\": { \"includes\":[\"variants.title\",\"variants.colour\",\"variants.rgb_colours\",\"variants.colourimageurl\",\"variants.images.productimage\",\"variants.images.productimage80_png\",\"variants.images.productimage130_png\",\"variants.images.productimage180_jpg\",\"variants.images.productimage80_jpg\",\"variants.images.productimage480_jpg\"]}\n                   },\n                   \"query\": {\n                      \"bool\":{\n                         \"must\":[\n                            {\n                                \"nested\":{\n                                   \"path\":\"variants.size_variants\",\n                                   \"inner_hits\":{},\n                                   \n                                   \"query\":{\n                                      \"bool\":{\n                                       \"must\":[\n                                          {\n          \"terms\":{\n              \"variants.size_variants.status\":[0,1]\n          }\n        }\n      \n                                         ],\n                                        \"must_not\":[\n                                             { \"terms\" : { \"variants.size_variants.guid\" : [] }},\n                                             { \"term\" : { \"variants.size_variants.qa_check_status\" : \"hide\" }}\n                                        ]\n                                      }\n                                   }\n                                }\n                             }\n                              ,{\n          \"term\":{\n              \"variants.internationaldelivery\":\"GB\"\n          }\n        }\n      \n\n                         ]\n                      }\n                   }\n               }\n           }\n       ,\n{\n            \"query_string\" : {\n                \"query\": \"(department:men) AND ((subcategory_slug:shoes))\",\n                \"minimum_should_match\":\"85%\"\n       \t\t\t}\n   \t\t\t}\n    ,\n            {\n               \"nested\":{\n                  \"path\":\"scores\",\n                  \"query\":{\n                     \"function_score\":{\n                        \"script_score\":{\n                           \"script\":{\n                              \"inline\":\"( (4 * ((doc['scores.product_score'].value == 0) ? 1 : doc['scores.product_score'].value)) + (2 * doc['scores.brand_score'].value) + (3 * doc['scores.store_score'].value) + (8 * doc['scores.seed'].value)) / 17\",\n                              \"lang\":\"painless\"\n                           }\n                        },\n                        \"score_mode\":\"avg\",\n                        \"boost_mode\":\"avg\"\n                     }\n                  },\n                  \"score_mode\":\"avg\"\n               }\n            }\n     \n              ]\n             }\n          }\n     ","breadCrumb":[],"flQuery":{"department":"men","subcategory":"shoes","q":"shoes"},"canonicalUrl":"","description":"<p>\r\n\t<a href=\"https://www.obsessory.com/shoes\" target=\"_blank\"><strong> More than 17,000 shoes</strong></a> on our site—what are you waiting for? Splurge on your shoe fetish with every style in the book. The <a href=\"https://www.obsessory.com/kitten-heels/\" target=\"_blank\"><strong>ladies will love our kitten heels</strong></a>,&nbsp;<a href=\"https://www.obsessory.com/pumps\" target=\"_blank\"><strong>pumps</strong></a>, and&nbsp;<a href=\"https://www.obsessory.com/boots\" target=\"_blank\"><strong>boots</strong></a>, while the&nbsp;<a href=\"https://www.obsessory.com/men-loafers\" target=\"_blank\"><strong>men will love the selection of loafers</strong></a> and trainers. As <a href=\"https://www.obsessory.com/kids-sandals\" target=\"_blank\"><strong>for the kids, we've got cute sandals</strong></a>, ballerinas, and even Timberlands for those munchkins. Added bonus, the sale section features shoes that are up to 70% off. Let's make your day, shall&nbsp;we?</p>","products":[{"store_id":112,"affiliate_id":3,"subcategory2_id":2436,"storename":"asos","subcategory3_id":0,"subcategory4_id":0,"subcategory_slug":"shoes","subcategory4_slug":null,"brand_id":26180,"subcategory3":"","subcategory_id":117,"subcategory3_slug":null,"subcategory2":"keds","subcategory4":"","category_id":5,"subcategory2_slug":"keds","store_slug":"asos","subcategory":"shoes","category":"footwear","brand":"asos design","category_slug":"footwear","sales":[],"variants":[{"title":"Wide Fit Slip On Plimsolls","colour":"white","colourimageurl":"","images":{"productimage480_jpg":"https://cdn.obsassets.com/asos/asos-design-wide-fit-slip-on-plimsolls-d6f64_480X480.jpg","productimage130_png":"https://cdn.obsassets.com/asos/asos-design-wide-fit-slip-on-plimsolls-d6f64_130X130.png","productimage80_jpg":"https://cdn.obsassets.com/asos/asos-design-wide-fit-slip-on-plimsolls-d6f64_80X80.jpg","productimage80_png":"https://cdn.obsassets.com/asos/asos-design-wide-fit-slip-on-plimsolls-d6f64_80X80.png","productimage":"https://images.asos-media.com/products/asos-design-wide-fit-slip-on-plimsolls-in-white-canvas/9510582-1-white?$XXL$","productimage180_jpg":"https://cdn.obsassets.com/asos/asos-design-wide-fit-slip-on-plimsolls-d6f64_180X180.jpg"},"size_variants":[{"slug":"asos-design-wide-fit-slip-on-plimsolls-d6f64","guid":"e238164f98adf09c5dbca0014e1ef25e3635e271c506ccfed876be3e5d8d6f64","status":1,"size":"8","saleprice":10,"msrp":10,"offers":0,"stock":"In Stock","url":"https://www.awin1.com/pclick.php?p=24958483685&a=209487&m=5678?www.asos.com","free_delivery":{"saleprice":10,"GB":30,"US":31.66,"INTERNATIONAL":null},"quantity":0}]}]},{"store_id":112,"affiliate_id":3,"subcategory2_id":2436,"storename":"asos","subcategory3_id":0,"subcategory4_id":0,"subcategory_slug":"shoes","subcategory4_slug":null,"brand_id":26180,"subcategory3":"","subcategory_id":117,"subcategory3_slug":null,"subcategory2":"keds","subcategory4":"","category_id":5,"subcategory2_slug":"keds","store_slug":"asos","subcategory":"shoes","category":"footwear","brand":"asos design","category_slug":"footwear","sales":[],"variants":[{"title":"Wide Fit Slip On Plimsolls","colour":"white","colourimageurl":"","images":{"productimage480_jpg":"https://cdn.obsassets.com/asos/asos-design-wide-fit-slip-on-plimsolls-a2286_480X480.jpg","productimage130_png":"https://cdn.obsassets.com/asos/asos-design-wide-fit-slip-on-plimsolls-a2286_130X130.png","productimage80_jpg":"https://cdn.obsassets.com/asos/asos-design-wide-fit-slip-on-plimsolls-a2286_80X80.jpg","productimage80_png":"https://cdn.obsassets.com/asos/asos-design-wide-fit-slip-on-plimsolls-a2286_80X80.png","productimage":"https://images.asos-media.com/products/asos-design-wide-fit-slip-on-plimsolls-in-white-leather-look-with-gum-sole/13294744-1-white?$XXLrmbnrbtm$","productimage180_jpg":"https://cdn.obsassets.com/asos/asos-design-wide-fit-slip-on-plimsolls-a2286_180X180.jpg"},"size_variants":[{"slug":"asos-design-wide-fit-slip-on-plimsolls-a2286","guid":"f81f65cb6fb7af6bc2f5e3b7270ae23f09c2f3515ae690de6f1f7735cb4a2286","status":1,"size":"10","saleprice":18,"msrp":18,"offers":0,"stock":"In Stock","url":"https://www.awin1.com/pclick.php?p=25164725087&a=209487&m=5678?www.asos.com","free_delivery":{"saleprice":18,"GB":30,"US":31.66,"INTERNATIONAL":null},"quantity":0}]}]},{"store_id":24,"affiliate_id":2,"subcategory2_id":1516,"storename":"giglio","subcategory3_id":0,"subcategory4_id":0,"subcategory_slug":"shoes","subcategory4_slug":null,"brand_id":18837,"subcategory3":"","subcategory_id":117,"subcategory3_slug":null,"subcategory2":"loafers","subcategory4":"","category_id":5,"subcategory2_slug":"loafers","store_slug":"giglio","subcategory":"shoes","category":"footwear","brand":"churchs","category_slug":"footwear","sales":[],"variants":[{"title":"Loafers Shoes Men","colour":null,"colourimageurl":"","images":{"productimage480_jpg":"https://cdn.obsassets.com/giglio/churchs-loafers-shoes-men-83fcc_480X480.jpg","productimage130_png":"https://cdn.obsassets.com/giglio/churchs-loafers-shoes-men-83fcc_130X130.png","productimage80_jpg":"https://cdn.obsassets.com/giglio/churchs-loafers-shoes-men-83fcc_80X80.jpg","productimage80_png":"https://cdn.obsassets.com/giglio/churchs-loafers-shoes-men-83fcc_80X80.png","productimage":"http://img.giglio.com/images/prodZoom/316760.102_1.jpg","productimage180_jpg":"https://cdn.obsassets.com/giglio/churchs-loafers-shoes-men-83fcc_180X180.jpg"},"size_variants":[{"slug":"churchs-loafers-shoes-men-83fcc","guid":"f07198a0384f7108243595c0f30035f8eaca6fcdb8abe7d5b59170fb5cc83fcc","status":1,"size":"6,5","saleprice":459,"msrp":459,"offers":0,"stock":"In Stock","url":"http://click.linksynergy.com/link?id=WLgPX6ZX/Ec&offerid=467798.321218&type=15&murl=http://www.giglio.com/gbr/shoes-men_loafers-shoes-men-church-s-edb0039fg-808.html?cSel=102&utm_source=rk-uk-feed&utm_medium=affiliation&utm_campaign=rk-pr&utm_term=CHURCH'S%20Loafers","free_delivery":{"saleprice":459,"GB":0,"US":0,"INTERNATIONAL":440},"quantity":0}]}]},{"store_id":168,"affiliate_id":2,"subcategory2_id":1516,"storename":"tessabit","subcategory3_id":0,"subcategory4_id":0,"subcategory_slug":"shoes","subcategory4_slug":null,"brand_id":2545,"subcategory3":"","subcategory_id":117,"subcategory3_slug":null,"subcategory2":"loafers","subcategory4":"","category_id":5,"subcategory2_slug":"loafers","store_slug":"tessabit","subcategory":"shoes","category":"footwear","brand":"car shoe","category_slug":"footwear","sales":[],"variants":[{"title":"Loafer ","colour":"brown","colourimageurl":"","images":{"productimage480_jpg":"https://cdn.obsassets.com/tessabit/car-shoe-loafer-2bc2a_480X480.jpg","productimage130_png":"https://cdn.obsassets.com/tessabit/car-shoe-loafer-2bc2a_130X130.png","productimage80_jpg":"https://cdn.obsassets.com/tessabit/car-shoe-loafer-2bc2a_80X80.jpg","productimage80_png":"https://cdn.obsassets.com/tessabit/car-shoe-loafer-2bc2a_80X80.png","productimage":"https://www.tessabit.com/media/catalog/product/2/9/29S---CAR_SHOE---KUD006LVAF0192.JPG","productimage180_jpg":"https://cdn.obsassets.com/tessabit/car-shoe-loafer-2bc2a_180X180.jpg"},"size_variants":[{"slug":"car-shoe-loafer-2bc2a","guid":"4055fadd129c467a751a72ff9a71d28caa4e2b5676d4617f68273516de82bc2a","status":1,"size":"8","saleprice":231,"msrp":330,"offers":30,"stock":"In Stock","url":"http://click.linksynergy.com/link?id=WLgPX6ZX/Ec&offerid=226286.14983&type=15&murl=http://www.tessabit.com/gb/man-car-shoe-loafers-loafer-838996976/?___store=gb","free_delivery":{"saleprice":231,"GB":null,"US":null,"INTERNATIONAL":null},"quantity":0}]}]},{"store_id":24,"affiliate_id":2,"subcategory2_id":1516,"storename":"giglio","subcategory3_id":0,"subcategory4_id":0,"subcategory_slug":"shoes","subcategory4_slug":null,"brand_id":19167,"subcategory3":"","subcategory_id":117,"subcategory3_slug":null,"subcategory2":"loafers","subcategory4":"","category_id":5,"subcategory2_slug":"loafers","store_slug":"giglio","subcategory":"shoes","category":"footwear","brand":"doucals","category_slug":"footwear","sales":[],"variants":[{"title":"Loafers Men","colour":"white","colourimageurl":"","images":{"productimage480_jpg":"https://cdn.obsassets.com/giglio/doucals-loafers-men-564b0_480X480.jpg","productimage130_png":"https://cdn.obsassets.com/giglio/doucals-loafers-men-564b0_130X130.png","productimage80_jpg":"https://cdn.obsassets.com/giglio/doucals-loafers-men-564b0_80X80.jpg","productimage80_png":"https://cdn.obsassets.com/giglio/doucals-loafers-men-564b0_80X80.png","productimage":"http://img.giglio.com/images/prodZoom/B12630.001_1.jpg","productimage180_jpg":"https://cdn.obsassets.com/giglio/doucals-loafers-men-564b0_180X180.jpg"},"size_variants":[{"slug":"doucals-loafers-men-29806","guid":"808f5fcbbb33b068ce4f1a80cb9538ded9cfd427660390b8187358fd4f629806","status":1,"size":"45","saleprice":301,"msrp":301,"offers":0,"stock":"In Stock","url":"http://click.linksynergy.com/link?id=WLgPX6ZX/Ec&offerid=467798.335521&type=15&murl=http://www.giglio.com/gbr/shoes-men_loafers-doucal-s-du2405phoeuf007a.html?cSel=001&utm_source=rk-uk-feed&utm_medium=affiliation&utm_campaign=rk-pr&utm_term=DOUCAL'S%20Loafers","free_delivery":{"saleprice":301,"GB":0,"US":0,"INTERNATIONAL":440},"quantity":0},{"slug":"doucals-loafers-men-564b0","guid":"52b38a1afb0c50df5d62157a8985ef558c7ae62d8e051cec1750aaae6ce564b0","status":1,"size":"40,5","saleprice":301,"msrp":301,"offers":0,"stock":"In Stock","url":"http://click.linksynergy.com/link?id=WLgPX6ZX/Ec&offerid=467798.335520&type=15&murl=http://www.giglio.com/gbr/shoes-men_loafers-doucal-s-du2405phoeuf007a.html?cSel=001&utm_source=rk-uk-feed&utm_medium=affiliation&utm_campaign=rk-pr&utm_term=DOUCAL'S%20Loafers","free_delivery":{"saleprice":301,"GB":0,"US":0,"INTERNATIONAL":440},"quantity":0}]}]},{"store_id":168,"affiliate_id":2,"subcategory2_id":0,"storename":"tessabit","subcategory3_id":0,"subcategory4_id":0,"subcategory_slug":"shoes","subcategory4_slug":null,"brand_id":18837,"subcategory3":"","subcategory_id":117,"subcategory3_slug":null,"subcategory2":"","subcategory4":"","category_id":5,"subcategory2_slug":null,"store_slug":"tessabit","subcategory":"shoes","category":"footwear","brand":"churchs","category_slug":"footwear","sales":[],"variants":[{"title":"Shanghai 10 Leather Shoes ","colour":"brown","colourimageurl":"","images":{"productimage480_jpg":"https://cdn.obsassets.com/tessabit/churchs-shanghai-10-leather-shoes-1445e_480X480.jpg","productimage130_png":"https://cdn.obsassets.com/tessabit/churchs-shanghai-10-leather-shoes-1445e_130X130.png","productimage80_jpg":"https://cdn.obsassets.com/tessabit/churchs-shanghai-10-leather-shoes-1445e_80X80.jpg","productimage80_png":"https://cdn.obsassets.com/tessabit/churchs-shanghai-10-leather-shoes-1445e_80X80.png","productimage":"https://www.tessabit.com/media/catalog/product/2/9/29W---CHURCH_S---EOG0099PWSHANGHAI10F0AEV.JPG","productimage180_jpg":"https://cdn.obsassets.com/tessabit/churchs-shanghai-10-leather-shoes-1445e_180X180.jpg"},"size_variants":[{"slug":"churchs-shanghai-10-leather-shoes-1445e","guid":"a4863fc670c1370420c9171e440f4e69a9d76d32016603c47928a501dd31445e","status":1,"size":"9½","saleprice":561,"msrp":802,"offers":30,"stock":"In Stock","url":"http://click.linksynergy.com/link?id=WLgPX6ZX/Ec&offerid=226286.43439&type=15&murl=http://www.tessabit.com/gb/man-church-s-loafers-shanghai-10-leather-shoes-832089285/?___store=gb","free_delivery":{"saleprice":561,"GB":null,"US":null,"INTERNATIONAL":null},"quantity":0}]}]},{"store_id":24,"affiliate_id":2,"subcategory2_id":956,"storename":"giglio","subcategory3_id":878,"subcategory4_id":0,"subcategory_slug":"shoes","subcategory4_slug":null,"brand_id":3741,"subcategory3":"brogues","subcategory_id":117,"subcategory3_slug":"brogues","subcategory2":"lace-ups","subcategory4":"","category_id":5,"subcategory2_slug":"lace-ups","store_slug":"giglio","subcategory":"shoes","category":"footwear","brand":"hogan","category_slug":"footwear","sales":[],"variants":[{"title":"Brogue Shoes Men","colour":"beige","colourimageurl":"","images":{"productimage480_jpg":"https://cdn.obsassets.com/giglio/hogan-brogue-shoes-men-1a424_480X480.jpg","productimage130_png":"https://cdn.obsassets.com/giglio/hogan-brogue-shoes-men-1a424_130X130.png","productimage80_jpg":"https://cdn.obsassets.com/giglio/hogan-brogue-shoes-men-1a424_80X80.jpg","productimage80_png":"https://cdn.obsassets.com/giglio/hogan-brogue-shoes-men-1a424_80X80.png","productimage":"http://img.giglio.com/images/prodZoom/315282.022_1.jpg","productimage180_jpg":"https://cdn.obsassets.com/giglio/hogan-brogue-shoes-men-1a424_180X180.jpg"},"size_variants":[{"slug":"hogan-brogue-shoes-men-1a424","guid":"5bab7fc09d3479e2a5cbbfc405c9ae32c1a8807fa47bd3fdd739bdc753e1a424","status":1,"size":"10","saleprice":292,"msrp":292,"offers":0,"stock":"In Stock","url":"http://click.linksynergy.com/link?id=WLgPX6ZX/Ec&offerid=467798.300885&type=15&murl=http://www.giglio.com/gbr/shoes-men_brogue-shoes-shoes-men-hogan-hxm4560bo00hg0.html?cSel=022&utm_source=rk-uk-feed&utm_medium=affiliation&utm_campaign=rk-pr&utm_term=HOGAN%20Brogue%20shoes","free_delivery":{"saleprice":292,"GB":0,"US":0,"INTERNATIONAL":440},"quantity":0}]}]},{"store_id":24,"affiliate_id":2,"subcategory2_id":956,"storename":"giglio","subcategory3_id":878,"subcategory4_id":0,"subcategory_slug":"shoes","subcategory4_slug":null,"brand_id":19167,"subcategory3":"brogues","subcategory_id":117,"subcategory3_slug":"brogues","subcategory2":"lace-ups","subcategory4":"","category_id":5,"subcategory2_slug":"lace-ups","store_slug":"giglio","subcategory":"shoes","category":"footwear","brand":"doucals","category_slug":"footwear","sales":[],"variants":[{"title":"Brogue Shoes Men","colour":"black","colourimageurl":"","images":{"productimage480_jpg":"https://cdn.obsassets.com/giglio/doucals-brogue-shoes-men-823af_480X480.jpg","productimage130_png":"https://cdn.obsassets.com/giglio/doucals-brogue-shoes-men-823af_130X130.png","productimage80_jpg":"https://cdn.obsassets.com/giglio/doucals-brogue-shoes-men-823af_80X80.jpg","productimage80_png":"https://cdn.obsassets.com/giglio/doucals-brogue-shoes-men-823af_80X80.png","productimage":"http://img.giglio.com/images/prodZoom/B12639.002_1.jpg","productimage180_jpg":"https://cdn.obsassets.com/giglio/doucals-brogue-shoes-men-823af_180X180.jpg"},"size_variants":[{"slug":"doucals-brogue-shoes-men-823af","guid":"a4e19aff7029e844b59b187395ea3378b8631234e65450adea486e48024823af","status":1,"size":"40","saleprice":217,"msrp":217,"offers":0,"stock":"In Stock","url":"http://click.linksynergy.com/link?id=WLgPX6ZX/Ec&offerid=467798.335580&type=15&murl=http://www.giglio.com/gbr/shoes-men_brogue-shoes-doucal-s-du1002rennuf028n.html?cSel=002&utm_source=rk-uk-feed&utm_medium=affiliation&utm_campaign=rk-pr&utm_term=DOUCAL'S%20Brogue%20shoes","free_delivery":{"saleprice":217,"GB":0,"US":0,"INTERNATIONAL":440},"quantity":0}]}]},{"store_id":24,"affiliate_id":2,"subcategory2_id":956,"storename":"giglio","subcategory3_id":878,"subcategory4_id":0,"subcategory_slug":"shoes","subcategory4_slug":null,"brand_id":16040,"subcategory3":"brogues","subcategory_id":117,"subcategory3_slug":"brogues","subcategory2":"lace-ups","subcategory4":"","category_id":5,"subcategory2_slug":"lace-ups","store_slug":"giglio","subcategory":"shoes","category":"footwear","brand":"marsell","category_slug":"footwear","sales":[],"variants":[{"title":"Brogue Shoes Men","colour":"black","colourimageurl":"","images":{"productimage480_jpg":"https://cdn.obsassets.com/giglio/marsell-brogue-shoes-men-5e289_480X480.jpg","productimage130_png":"https://cdn.obsassets.com/giglio/marsell-brogue-shoes-men-5e289_130X130.png","productimage80_jpg":"https://cdn.obsassets.com/giglio/marsell-brogue-shoes-men-5e289_80X80.jpg","productimage80_png":"https://cdn.obsassets.com/giglio/marsell-brogue-shoes-men-5e289_80X80.png","productimage":"http://img.giglio.com/images/prodZoom/B02798.002_1.jpg","productimage180_jpg":"https://cdn.obsassets.com/giglio/marsell-brogue-shoes-men-5e289_180X180.jpg"},"size_variants":[{"slug":"marsell-brogue-shoes-men-1515b","guid":"bfa86d9e5fe66463451ac5ec59848e43ce3159f0e58e6df1304b04a5ca61515b","status":1,"size":"44","saleprice":295,"msrp":590,"offers":50,"stock":"In Stock","url":"http://click.linksynergy.com/link?id=WLgPX6ZX/Ec&offerid=467798.321718&type=15&murl=http://www.giglio.com/gbr/shoes-men_brogue-shoes-marsell-mm2750200.html?cSel=002&utm_source=rk-uk-feed&utm_medium=affiliation&utm_campaign=rk-pr&utm_term=MARSELL%20Brogue%20shoes","free_delivery":{"saleprice":295,"GB":0,"US":0,"INTERNATIONAL":440},"quantity":0},{"slug":"marsell-brogue-shoes-men-3e2ab","guid":"f30b57f35d2099653d42ea75475cb57b238b9321f2b3605857c366424c83e2ab","status":1,"size":"42,5","saleprice":295,"msrp":590,"offers":50,"stock":"In Stock","url":"http://click.linksynergy.com/link?id=WLgPX6ZX/Ec&offerid=467798.321719&type=15&murl=http://www.giglio.com/gbr/shoes-men_brogue-shoes-marsell-mm2750200.html?cSel=002&utm_source=rk-uk-feed&utm_medium=affiliation&utm_campaign=rk-pr&utm_term=MARSELL%20Brogue%20shoes","free_delivery":{"saleprice":295,"GB":0,"US":0,"INTERNATIONAL":440},"quantity":0},{"slug":"marsell-brogue-shoes-men-5e289","guid":"424d865d6688a21955748b8576797e2b273b226fdb7844e557d3590a37b5e289","status":1,"size":"40","saleprice":295,"msrp":590,"offers":50,"stock":"In Stock","url":"http://click.linksynergy.com/link?id=WLgPX6ZX/Ec&offerid=467798.321717&type=15&murl=http://www.giglio.com/gbr/shoes-men_brogue-shoes-marsell-mm2750200.html?cSel=002&utm_source=rk-uk-feed&utm_medium=affiliation&utm_campaign=rk-pr&utm_term=MARSELL%20Brogue%20shoes","free_delivery":{"saleprice":295,"GB":0,"US":0,"INTERNATIONAL":440},"quantity":0}]}]},{"store_id":168,"affiliate_id":2,"subcategory2_id":889,"storename":"tessabit","subcategory3_id":0,"subcategory4_id":0,"subcategory_slug":"shoes","subcategory4_slug":null,"brand_id":18035,"subcategory3":"","subcategory_id":117,"subcategory3_slug":null,"subcategory2":"moccasins","subcategory4":"","category_id":5,"subcategory2_slug":"moccasins","store_slug":"tessabit","subcategory":"shoes","category":"footwear","brand":"tods","category_slug":"footwear","sales":[],"variants":[{"title":"Leather Moccasin ","colour":"blue","colourimageurl":"","images":{"productimage480_jpg":"https://cdn.obsassets.com/tessabit/tods-leather-moccasin-115f7_480X480.jpg","productimage130_png":"https://cdn.obsassets.com/tessabit/tods-leather-moccasin-115f7_130X130.png","productimage80_jpg":"https://cdn.obsassets.com/tessabit/tods-leather-moccasin-115f7_80X80.jpg","productimage80_png":"https://cdn.obsassets.com/tessabit/tods-leather-moccasin-115f7_80X80.png","productimage":"https://www.tessabit.com/media/catalog/product/3/0/30S---TOD_S---XXM0EO00010RE09979.JPG","productimage180_jpg":"https://cdn.obsassets.com/tessabit/tods-leather-moccasin-115f7_180X180.jpg"},"size_variants":[{"slug":"tods-leather-moccasin-3d920","guid":"31cb7ed5aeaa3258a57ec32cdfd0986f5bb4233043329f0a434272015583d920","status":1,"size":"10","saleprice":373,"msrp":373,"offers":0,"stock":"In Stock","url":"http://click.linksynergy.com/link?id=WLgPX6ZX/Ec&offerid=226286.64989&type=15&murl=http://www.tessabit.com/gb/man-tod-s-leather-moccasin-833747053/?___store=gb","free_delivery":{"saleprice":373,"GB":null,"US":null,"INTERNATIONAL":null},"quantity":0},{"slug":"tods-leather-moccasin-f5b6f","guid":"49e0b59d591dc859d5acc02c3ad8663a20f891e28287cc13066aa506717f5b6f","status":1,"size":"9½","saleprice":373,"msrp":373,"offers":0,"stock":"In Stock","url":"http://click.linksynergy.com/link?id=WLgPX6ZX/Ec&offerid=226286.64988&type=15&murl=http://www.tessabit.com/gb/man-tod-s-leather-moccasin-833747053/?___store=gb","free_delivery":{"saleprice":373,"GB":null,"US":null,"INTERNATIONAL":null},"quantity":0},{"slug":"tods-leather-moccasin-e8fa7","guid":"41cbce915a28207483a1be913effb0c1e1466f7060c7e0779cd7925e959e8fa7","status":1,"size":"8","saleprice":373,"msrp":373,"offers":0,"stock":"In Stock","url":"http://click.linksynergy.com/link?id=WLgPX6ZX/Ec&offerid=226286.64985&type=15&murl=http://www.tessabit.com/gb/man-tod-s-loafers-leather-moccasin-833747053/?___store=gb","free_delivery":{"saleprice":373,"GB":null,"US":null,"INTERNATIONAL":null},"quantity":0}]}]},{"store_id":106,"affiliate_id":3,"subcategory2_id":0,"storename":"outdoor gear","subcategory3_id":0,"subcategory4_id":0,"subcategory_slug":"shoes","subcategory4_slug":null,"brand_id":3039,"subcategory3":"","subcategory_id":117,"subcategory3_slug":null,"subcategory2":"","subcategory4":"","category_id":5,"subcategory2_slug":null,"store_slug":"outdoorgear","subcategory":"shoes","category":"footwear","brand":"dunlop","category_slug":"footwear","sales":[],"variants":[{"title":"Wellie Shoe","colour":null,"colourimageurl":"","images":{"productimage480_jpg":"https://cdn.obsassets.com/outdoorgear/dunlop-wellie-shoe-01da3_480X480.jpg","productimage130_png":"https://cdn.obsassets.com/outdoorgear/dunlop-wellie-shoe-01da3_130X130.png","productimage80_jpg":"https://cdn.obsassets.com/outdoorgear/dunlop-wellie-shoe-01da3_80X80.jpg","productimage80_png":"https://cdn.obsassets.com/outdoorgear/dunlop-wellie-shoe-01da3_80X80.png","productimage":"https://www.outdoorgear.co.uk/pix/big/116039-02_XL1.jpg","productimage180_jpg":"https://cdn.obsassets.com/outdoorgear/dunlop-wellie-shoe-01da3_180X180.jpg"},"size_variants":[{"slug":"dunlop-wellie-shoe-01da3","guid":"9be3a1ddb22f6ffd78abfea2eb5e536ef83e97d0b9dc6abc868d9d1bed401da3","status":1,"size":"","saleprice":10.81,"msrp":10.81,"offers":0,"stock":"In Stock","url":"https://www.outdoorgear.co.uk/Dunlop-Wellie-Shoe-sku11603901.asp?utm_source=AffiliateWindow&utm_medium=Affiliate-Partners&utm_campaign=AffiliateWindow-datafeed&CameFrom=aw?null","free_delivery":{"saleprice":10.81,"GB":50,"US":null,"INTERNATIONAL":null},"quantity":0}]}]},{"store_id":168,"affiliate_id":2,"subcategory2_id":1516,"storename":"tessabit","subcategory3_id":0,"subcategory4_id":0,"subcategory_slug":"shoes","subcategory4_slug":null,"brand_id":5893,"subcategory3":"","subcategory_id":117,"subcategory3_slug":null,"subcategory2":"loafers","subcategory4":"","category_id":5,"subcategory2_slug":"loafers","store_slug":"tessabit","subcategory":"shoes","category":"footwear","brand":"santoni","category_slug":"footwear","sales":[],"variants":[{"title":"Leather Loafer ","colour":"brown","colourimageurl":"","images":{"productimage480_jpg":"https://cdn.obsassets.com/tessabit/santoni-leather-loafer-26f63_480X480.jpg","productimage130_png":"https://cdn.obsassets.com/tessabit/santoni-leather-loafer-26f63_130X130.png","productimage80_jpg":"https://cdn.obsassets.com/tessabit/santoni-leather-loafer-26f63_80X80.jpg","productimage80_png":"https://cdn.obsassets.com/tessabit/santoni-leather-loafer-26f63_80X80.png","productimage":"https://www.tessabit.com/media/catalog/product/2/9/29W---SANTONI---MCNC16848SI5ESERB52.JPG","productimage180_jpg":"https://cdn.obsassets.com/tessabit/santoni-leather-loafer-26f63_180X180.jpg"},"size_variants":[{"slug":"santoni-leather-loafer-26f63","guid":"1e30f0b3d53a3afb57d9e89365c4761bc4b439342bfda51abca340bc3ed26f63","status":1,"size":"6½","saleprice":410,"msrp":585,"offers":30,"stock":"In Stock","url":"http://click.linksynergy.com/link?id=WLgPX6ZX/Ec&offerid=226286.58024&type=15&murl=http://www.tessabit.com/gb/man-santoni-leather-loafer-830292805/?___store=gb","free_delivery":{"saleprice":410,"GB":null,"US":null,"INTERNATIONAL":null},"quantity":0}]}]},{"store_id":168,"affiliate_id":2,"subcategory2_id":871,"storename":"tessabit","subcategory3_id":1663,"subcategory4_id":0,"subcategory_slug":"shoes","subcategory4_slug":null,"brand_id":15470,"subcategory3":"pool sliders","subcategory_id":117,"subcategory3_slug":"pool-sliders","subcategory2":"flats","subcategory4":"","category_id":5,"subcategory2_slug":"flats","store_slug":"tessabit","subcategory":"shoes","category":"footwear","brand":"y3","category_slug":"footwear","sales":[],"variants":[{"title":"Logo Mule ","colour":"black","colourimageurl":"","images":{"productimage480_jpg":"https://cdn.obsassets.com/tessabit/y3-logo-mule-d7318_480X480.jpg","productimage130_png":"https://cdn.obsassets.com/tessabit/y3-logo-mule-d7318_130X130.png","productimage80_jpg":"https://cdn.obsassets.com/tessabit/y3-logo-mule-d7318_80X80.jpg","productimage80_png":"https://cdn.obsassets.com/tessabit/y3-logo-mule-d7318_80X80.png","productimage":"https://www.tessabit.com/media/catalog/product/2/9/29S---Y-3---G26892Y-3ADILETTEAOPBLACK.JPG","productimage180_jpg":"https://cdn.obsassets.com/tessabit/y3-logo-mule-d7318_180X180.jpg"},"size_variants":[{"slug":"y3-logo-mule-d7318","guid":"75c16186be7595ea5c770c2079cb6f09c01cd7d50b8f6160e6153944664d7318","status":1,"size":"7","saleprice":80,"msrp":114,"offers":30,"stock":"In Stock","url":"http://click.linksynergy.com/link?id=WLgPX6ZX/Ec&offerid=226286.13882&type=15&murl=http://www.tessabit.com/gb/catalog/product/view/id/352458/s/logo-mule/?___store=gb","free_delivery":{"saleprice":80,"GB":null,"US":null,"INTERNATIONAL":null},"quantity":0}]}]},{"store_id":24,"affiliate_id":2,"subcategory2_id":1516,"storename":"giglio","subcategory3_id":0,"subcategory4_id":0,"subcategory_slug":"shoes","subcategory4_slug":null,"brand_id":18837,"subcategory3":"","subcategory_id":117,"subcategory3_slug":null,"subcategory2":"loafers","subcategory4":"","category_id":5,"subcategory2_slug":"loafers","store_slug":"giglio","subcategory":"shoes","category":"footwear","brand":"churchs","category_slug":"footwear","sales":[],"variants":[{"title":"Loafers Shoes Men","colour":"blue","colourimageurl":"","images":{"productimage480_jpg":"https://cdn.obsassets.com/giglio/churchs-loafers-shoes-men-c0fb5_480X480.jpg","productimage130_png":"https://cdn.obsassets.com/giglio/churchs-loafers-shoes-men-c0fb5_130X130.png","productimage80_jpg":"https://cdn.obsassets.com/giglio/churchs-loafers-shoes-men-c0fb5_80X80.jpg","productimage80_png":"https://cdn.obsassets.com/giglio/churchs-loafers-shoes-men-c0fb5_80X80.png","productimage":"http://img.giglio.com/images/prodZoom/316761.009_1.jpg","productimage180_jpg":"https://cdn.obsassets.com/giglio/churchs-loafers-shoes-men-c0fb5_180X180.jpg"},"size_variants":[{"slug":"churchs-loafers-shoes-men-c0fb5","guid":"8b0ba6c5f9be5232ff23c79323a98270b118bcaaac8ea67e9f4fd595e09c0fb5","status":1,"size":"7,5","saleprice":459,"msrp":459,"offers":0,"stock":"In Stock","url":"http://click.linksynergy.com/link?id=WLgPX6ZX/Ec&offerid=467798.321228&type=15&murl=http://www.giglio.com/gbr/shoes-men_loafers-shoes-men-church-s-edb0039ve-235.html?cSel=009&utm_source=rk-uk-feed&utm_medium=affiliation&utm_campaign=rk-pr&utm_term=CHURCH'S%20Loafers","free_delivery":{"saleprice":459,"GB":0,"US":0,"INTERNATIONAL":440},"quantity":0}]}]},{"store_id":24,"affiliate_id":2,"subcategory2_id":956,"storename":"giglio","subcategory3_id":878,"subcategory4_id":0,"subcategory_slug":"shoes","subcategory4_slug":null,"brand_id":16040,"subcategory3":"brogues","subcategory_id":117,"subcategory3_slug":"brogues","subcategory2":"lace-ups","subcategory4":"","category_id":5,"subcategory2_slug":"lace-ups","store_slug":"giglio","subcategory":"shoes","category":"footwear","brand":"marsell","category_slug":"footwear","sales":[],"variants":[{"title":"Brogue Shoes Men","colour":"black","colourimageurl":"","images":{"productimage480_jpg":"https://cdn.obsassets.com/giglio/marsell-brogue-shoes-men-1e078_480X480.jpg","productimage130_png":"https://cdn.obsassets.com/giglio/marsell-brogue-shoes-men-1e078_130X130.png","productimage80_jpg":"https://cdn.obsassets.com/giglio/marsell-brogue-shoes-men-1e078_80X80.jpg","productimage80_png":"https://cdn.obsassets.com/giglio/marsell-brogue-shoes-men-1e078_80X80.png","productimage":"http://img.giglio.com/images/prodZoom/B06162.002_1.jpg","productimage180_jpg":"https://cdn.obsassets.com/giglio/marsell-brogue-shoes-men-1e078_180X180.jpg"},"size_variants":[{"slug":"marsell-brogue-shoes-men-1e078","guid":"a5c33f8b09458da650e61caee8c9a1548df9c27fe1b6e28944b9c1e702a1e078","status":1,"size":"41,5","saleprice":416,"msrp":416,"offers":0,"stock":"In Stock","url":"http://click.linksynergy.com/link?id=WLgPX6ZX/Ec&offerid=467798.334522&type=15&murl=http://www.giglio.com/gbr/shoes-men_brogue-shoes-marsell-mm3101260.html?cSel=002&utm_source=rk-uk-feed&utm_medium=affiliation&utm_campaign=rk-pr&utm_term=MARSELL%20Brogue%20shoes","free_delivery":{"saleprice":416,"GB":0,"US":0,"INTERNATIONAL":440},"quantity":0}]}]},{"store_id":24,"affiliate_id":2,"subcategory2_id":1516,"storename":"giglio","subcategory3_id":0,"subcategory4_id":0,"subcategory_slug":"shoes","subcategory4_slug":null,"brand_id":99,"subcategory3":"","subcategory_id":117,"subcategory3_slug":null,"subcategory2":"loafers","subcategory4":"","category_id":5,"subcategory2_slug":"loafers","store_slug":"giglio","subcategory":"shoes","category":"footwear","brand":"fendi","category_slug":"footwear","sales":[],"variants":[{"title":"Loafers Shoes Men","colour":"black","colourimageurl":"","images":{"productimage480_jpg":"https://cdn.obsassets.com/giglio/fendi-loafers-shoes-men-a0ef1_480X480.jpg","productimage130_png":"https://cdn.obsassets.com/giglio/fendi-loafers-shoes-men-a0ef1_130X130.png","productimage80_jpg":"https://cdn.obsassets.com/giglio/fendi-loafers-shoes-men-a0ef1_80X80.jpg","productimage80_png":"https://cdn.obsassets.com/giglio/fendi-loafers-shoes-men-a0ef1_80X80.png","productimage":"http://img.giglio.com/images/prodZoom/310915.002_1.jpg","productimage180_jpg":"https://cdn.obsassets.com/giglio/fendi-loafers-shoes-men-a0ef1_180X180.jpg"},"size_variants":[{"slug":"fendi-loafers-shoes-men-8c4b7","guid":"2e343106bbf5b78fe6497a7ee8d154f058c5eb9aafce0363d0e10ba08b58c4b7","status":1,"size":"8","saleprice":626,"msrp":626,"offers":0,"stock":"In Stock","url":"http://click.linksynergy.com/link?id=WLgPX6ZX/Ec&offerid=467798.296255&type=15&murl=http://www.giglio.com/gbr/shoes-men_loafers-shoes-men-fendi-7d1300a9sj.html?cSel=002&utm_source=rk-uk-feed&utm_medium=affiliation&utm_campaign=rk-pr&utm_term=FENDI%20Loafers","free_delivery":{"saleprice":626,"GB":0,"US":0,"INTERNATIONAL":440},"quantity":0},{"slug":"fendi-loafers-shoes-men-a0ef1","guid":"bdd43cef250c00f89b9db6e71e1f80c4034f1e4c549ab50da2ea74111caa0ef1","status":1,"size":"8,5","saleprice":626,"msrp":626,"offers":0,"stock":"In Stock","url":"http://click.linksynergy.com/link?id=WLgPX6ZX/Ec&offerid=467798.296261&type=15&murl=http://www.giglio.com/gbr/shoes-men_loafers-shoes-men-fendi-7d1300a9sj.html?cSel=002&utm_source=rk-uk-feed&utm_medium=affiliation&utm_campaign=rk-pr&utm_term=FENDI%20Loafers","free_delivery":{"saleprice":626,"GB":0,"US":0,"INTERNATIONAL":440},"quantity":0}]}]},{"store_id":112,"affiliate_id":3,"subcategory2_id":2597,"storename":"asos","subcategory3_id":2901,"subcategory4_id":0,"subcategory_slug":"shoes","subcategory4_slug":null,"brand_id":8670,"subcategory3":"court","subcategory_id":117,"subcategory3_slug":"court","subcategory2":"pumps","subcategory4":"","category_id":5,"subcategory2_slug":"pumps","store_slug":"asos","subcategory":"shoes","category":"footwear","brand":"adidas originals","category_slug":"footwear","sales":[],"variants":[{"title":"Court Vantage Trainers Cq2562","colour":"black","colourimageurl":"","images":{"productimage480_jpg":"https://cdn.obsassets.com/asos/adidas-originals-court-vantage-trainers-cq2562-431fd_480X480.jpg","productimage130_png":"https://cdn.obsassets.com/asos/adidas-originals-court-vantage-trainers-cq2562-431fd_130X130.png","productimage80_jpg":"https://cdn.obsassets.com/asos/adidas-originals-court-vantage-trainers-cq2562-431fd_80X80.jpg","productimage80_png":"https://cdn.obsassets.com/asos/adidas-originals-court-vantage-trainers-cq2562-431fd_80X80.png","productimage":"https://images.asos-media.com/products/adidas-originals-court-vantage-trainers-in-black-cq2562/8839286-1-black?$XXL$","productimage180_jpg":"https://cdn.obsassets.com/asos/adidas-originals-court-vantage-trainers-cq2562-431fd_180X180.jpg"},"size_variants":[{"slug":"adidas-originals-court-vantage-trainers-cq2562-431fd","guid":"234b2f929a3e2b0a60e45cad3c0d2534c0d29c77c7f443fd035a9e51b97431fd","status":1,"size":"5","saleprice":24,"msrp":24,"offers":0,"stock":"Out Of Stock","url":"https://www.awin1.com/pclick.php?p=24957740453&a=209487&m=5678?www.asos.com","free_delivery":{"saleprice":24,"GB":30,"US":31.66,"INTERNATIONAL":null},"quantity":0}]}]},{"store_id":24,"affiliate_id":2,"subcategory2_id":956,"storename":"giglio","subcategory3_id":878,"subcategory4_id":0,"subcategory_slug":"shoes","subcategory4_slug":null,"brand_id":19167,"subcategory3":"brogues","subcategory_id":117,"subcategory3_slug":"brogues","subcategory2":"lace-ups","subcategory4":"","category_id":5,"subcategory2_slug":"lace-ups","store_slug":"giglio","subcategory":"shoes","category":"footwear","brand":"doucals","category_slug":"footwear","sales":[],"variants":[{"title":"Brogue Shoes Men","colour":"blue","colourimageurl":"","images":{"productimage480_jpg":"https://cdn.obsassets.com/giglio/doucals-brogue-shoes-men-92deb_480X480.jpg","productimage130_png":"https://cdn.obsassets.com/giglio/doucals-brogue-shoes-men-92deb_130X130.png","productimage80_jpg":"https://cdn.obsassets.com/giglio/doucals-brogue-shoes-men-92deb_80X80.jpg","productimage80_png":"https://cdn.obsassets.com/giglio/doucals-brogue-shoes-men-92deb_80X80.png","productimage":"http://img.giglio.com/images/prodZoom/B12629.009_1.jpg","productimage180_jpg":"https://cdn.obsassets.com/giglio/doucals-brogue-shoes-men-92deb_180X180.jpg"},"size_variants":[{"slug":"doucals-brogue-shoes-men-92deb","guid":"463538a431716dc1c1b91700e4b2eba0d27cafb578c41763c2e856079e192deb","status":1,"size":"39,5","saleprice":259,"msrp":259,"offers":0,"stock":"In Stock","url":"http://click.linksynergy.com/link?id=WLgPX6ZX/Ec&offerid=467798.335510&type=15&murl=http://www.giglio.com/gbr/shoes-men_brogue-shoes-doucal-s-du2630rennuf018n.html?cSel=009&utm_source=rk-uk-feed&utm_medium=affiliation&utm_campaign=rk-pr&utm_term=DOUCAL'S%20Brogue%20shoes","free_delivery":{"saleprice":259,"GB":0,"US":0,"INTERNATIONAL":440},"quantity":0}]}]},{"store_id":168,"affiliate_id":2,"subcategory2_id":889,"storename":"tessabit","subcategory3_id":0,"subcategory4_id":0,"subcategory_slug":"shoes","subcategory4_slug":null,"brand_id":18035,"subcategory3":"","subcategory_id":117,"subcategory3_slug":null,"subcategory2":"moccasins","subcategory4":"","category_id":5,"subcategory2_slug":"moccasins","store_slug":"tessabit","subcategory":"shoes","category":"footwear","brand":"tods","category_slug":"footwear","sales":[],"variants":[{"title":"Leather Moccasin ","colour":"gray","colourimageurl":"","images":{"productimage480_jpg":"https://cdn.obsassets.com/tessabit/tods-leather-moccasin-3ebe6_480X480.jpg","productimage130_png":"https://cdn.obsassets.com/tessabit/tods-leather-moccasin-3ebe6_130X130.png","productimage80_jpg":"https://cdn.obsassets.com/tessabit/tods-leather-moccasin-3ebe6_80X80.jpg","productimage80_png":"https://cdn.obsassets.com/tessabit/tods-leather-moccasin-3ebe6_80X80.png","productimage":"https://www.tessabit.com/media/catalog/product/3/0/30S---TOD_S---XXM15C0CN30RE0C405.JPG","productimage180_jpg":"https://cdn.obsassets.com/tessabit/tods-leather-moccasin-3ebe6_180X180.jpg"},"size_variants":[{"slug":"tods-leather-moccasin-a3b8c","guid":"c9f61b8e4eb91492fa172fa7b8ce101426d9fe7bc43c659b333ac17da59a3b8c","status":1,"size":"10","saleprice":396,"msrp":396,"offers":0,"stock":"In Stock","url":"http://click.linksynergy.com/link?id=WLgPX6ZX/Ec&offerid=226286.68695&type=15&murl=http://www.tessabit.com/gb/man-tod-s-loafers-leather-moccasin-838174918/?___store=gb","free_delivery":{"saleprice":396,"GB":null,"US":null,"INTERNATIONAL":null},"quantity":0},{"slug":"tods-leather-moccasin-4237d","guid":"aebbd11faac44656c3543c067db511f9b29cfee11bb27c951828858cec74237d","status":1,"size":"7½","saleprice":396,"msrp":396,"offers":0,"stock":"In Stock","url":"http://click.linksynergy.com/link?id=WLgPX6ZX/Ec&offerid=226286.67769&type=15&murl=http://www.tessabit.com/gb/man-tod-s-loafers-leather-moccasin-838174918/?___store=gb","free_delivery":{"saleprice":396,"GB":null,"US":null,"INTERNATIONAL":null},"quantity":0},{"slug":"tods-leather-moccasin-6e6c7","guid":"4293dd0327863923ae980d6e72f5ceba0045414fe56677266ff4a8edc846e6c7","status":1,"size":"7","saleprice":396,"msrp":396,"offers":0,"stock":"In Stock","url":"http://click.linksynergy.com/link?id=WLgPX6ZX/Ec&offerid=226286.67768&type=15&murl=http://www.tessabit.com/gb/man-tod-s-loafers-leather-moccasin-838174918/?___store=gb","free_delivery":{"saleprice":396,"GB":null,"US":null,"INTERNATIONAL":null},"quantity":0}]}]},{"store_id":24,"affiliate_id":2,"subcategory2_id":956,"storename":"giglio","subcategory3_id":878,"subcategory4_id":0,"subcategory_slug":"shoes","subcategory4_slug":null,"brand_id":67,"subcategory3":"brogues","subcategory_id":117,"subcategory3_slug":"brogues","subcategory2":"lace-ups","subcategory4":"","category_id":5,"subcategory2_slug":"lace-ups","store_slug":"giglio","subcategory":"shoes","category":"footwear","brand":"christian louboutin","category_slug":"footwear","sales":[],"variants":[{"title":"Brogue Shoes Men","colour":"black","colourimageurl":"","images":{"productimage480_jpg":"https://cdn.obsassets.com/giglio/christian-louboutin-brogue-shoes-men-79a96_480X480.jpg","productimage130_png":"https://cdn.obsassets.com/giglio/christian-louboutin-brogue-shoes-men-79a96_130X130.png","productimage80_jpg":"https://cdn.obsassets.com/giglio/christian-louboutin-brogue-shoes-men-79a96_80X80.jpg","productimage80_png":"https://cdn.obsassets.com/giglio/christian-louboutin-brogue-shoes-men-79a96_80X80.png","productimage":"http://img.giglio.com/images/prodZoom/312376.002_1.jpg","productimage180_jpg":"https://cdn.obsassets.com/giglio/christian-louboutin-brogue-shoes-men-79a96_180X180.jpg"},"size_variants":[{"slug":"christian-louboutin-brogue-shoes-men-79a96","guid":"ed010f757ab9658c3d9b2010737305ecc9fe66f35515aae3544547671f479a96","status":1,"size":"42","saleprice":555,"msrp":555,"offers":0,"stock":"In Stock","url":"http://click.linksynergy.com/link?id=WLgPX6ZX/Ec&offerid=467798.320735&type=15&murl=http://www.giglio.com/gbr/shoes-men_brogue-shoes-shoes-men-christian-louboutin-1200922.html?cSel=002&utm_source=rk-uk-feed&utm_medium=affiliation&utm_campaign=rk-pr&utm_term=CHRISTIAN%20LOUBOUTIN%20Brogue%20shoes","free_delivery":{"saleprice":555,"GB":0,"US":0,"INTERNATIONAL":440},"quantity":0}]}]}]},"msg":"Here is the search results.","status":200}}
200
Shoes for Men
]]></system-out>
  </testcase>
  <testcase name="search" classname="com.obsessory.api.search.searchAPI3" time="2.552">
    <system-out><![CDATA[{"response":{"data":{"key":"Shoes for Kids","timeTaken":1.357,"totalCount":7565,"debug":"\n       \"query\":{\n         \"bool\":{\n           \"must\":[\n                 \n          {\n               \"nested\": {\n                   \"path\": \"variants\",\n                   \n                   \"inner_hits\" : {\n                      \"_source\": { \"includes\":[\"variants.title\",\"variants.colour\",\"variants.rgb_colours\",\"variants.colourimageurl\",\"variants.images.productimage\",\"variants.images.productimage80_png\",\"variants.images.productimage130_png\",\"variants.images.productimage180_jpg\",\"variants.images.productimage80_jpg\",\"variants.images.productimage480_jpg\"]}\n                   },\n                   \"query\": {\n                      \"bool\":{\n                         \"must\":[\n                            {\n                                \"nested\":{\n                                   \"path\":\"variants.size_variants\",\n                                   \"inner_hits\":{},\n                                   \n                                   \"query\":{\n                                      \"bool\":{\n                                       \"must\":[\n                                          {\n          \"terms\":{\n              \"variants.size_variants.status\":[0,1]\n          }\n        }\n      \n                                         ],\n                                        \"must_not\":[\n                                             { \"terms\" : { \"variants.size_variants.guid\" : [] }},\n                                             { \"term\" : { \"variants.size_variants.qa_check_status\" : \"hide\" }}\n                                        ]\n                                      }\n                                   }\n                                }\n                             }\n                              ,{\n          \"term\":{\n              \"variants.internationaldelivery\":\"GB\"\n          }\n        }\n      \n\n                         ]\n                      }\n                   }\n               }\n           }\n       ,\n{\n            \"query_string\" : {\n                \"query\": \"(department:kids) AND ((subcategory_slug:shoes))\",\n                \"minimum_should_match\":\"85%\"\n       \t\t\t}\n   \t\t\t}\n    ,\n            {\n               \"nested\":{\n                  \"path\":\"scores\",\n                  \"query\":{\n                     \"function_score\":{\n                        \"script_score\":{\n                           \"script\":{\n                              \"inline\":\"( (4 * ((doc['scores.product_score'].value == 0) ? 1 : doc['scores.product_score'].value)) + (2 * doc['scores.brand_score'].value) + (3 * doc['scores.store_score'].value) + (8 * doc['scores.seed'].value)) / 17\",\n                              \"lang\":\"painless\"\n                           }\n                        },\n                        \"score_mode\":\"avg\",\n                        \"boost_mode\":\"avg\"\n                     }\n                  },\n                  \"score_mode\":\"avg\"\n               }\n            }\n     \n              ]\n             }\n          }\n     ","breadCrumb":[],"flQuery":{"department":"kids","subcategory":"shoes","q":"shoes"},"canonicalUrl":"","description":"<p>\r\n\t<a href=\"https://www.obsessory.com/shoes\" target=\"_blank\"><strong> More than 17,000 shoes</strong></a> on our site—what are you waiting for? Splurge on your shoe fetish with every style in the book. The <a href=\"https://www.obsessory.com/kitten-heels/\" target=\"_blank\"><strong>ladies will love our kitten heels</strong></a>,&nbsp;<a href=\"https://www.obsessory.com/pumps\" target=\"_blank\"><strong>pumps</strong></a>, and&nbsp;<a href=\"https://www.obsessory.com/boots\" target=\"_blank\"><strong>boots</strong></a>, while the&nbsp;<a href=\"https://www.obsessory.com/men-loafers\" target=\"_blank\"><strong>men will love the selection of loafers</strong></a> and trainers. As <a href=\"https://www.obsessory.com/kids-sandals\" target=\"_blank\"><strong>for the kids, we've got cute sandals</strong></a>, ballerinas, and even Timberlands for those munchkins. Added bonus, the sale section features shoes that are up to 70% off. Let's make your day, shall&nbsp;we?</p>","products":[{"store_id":24,"affiliate_id":2,"subcategory2_id":0,"storename":"giglio","subcategory3_id":0,"subcategory4_id":0,"subcategory_slug":"shoes","subcategory4_slug":null,"brand_id":3741,"subcategory3":"","subcategory_id":117,"subcategory3_slug":null,"subcategory2":"","subcategory4":"","category_id":5,"subcategory2_slug":null,"store_slug":"giglio","subcategory":"shoes","category":"footwear","brand":"hogan","category_slug":"footwear","sales":[],"variants":[{"title":"Shoes Kids","colour":"golden","colourimageurl":"","images":{"productimage480_jpg":"https://cdn.obsassets.com/giglio/hogan-shoes-kids-9a55f_480X480.jpg","productimage130_png":"https://cdn.obsassets.com/giglio/hogan-shoes-kids-9a55f_130X130.png","productimage80_jpg":"https://cdn.obsassets.com/giglio/hogan-shoes-kids-9a55f_80X80.jpg","productimage80_png":"https://cdn.obsassets.com/giglio/hogan-shoes-kids-9a55f_80X80.png","productimage":"http://img.giglio.com/images/prodZoom/A86896.047_1.jpg","productimage180_jpg":"https://cdn.obsassets.com/giglio/hogan-shoes-kids-9a55f_180X180.jpg"},"size_variants":[{"slug":"hogan-shoes-kids-9a55f","guid":"6e810775993a15592b613f38ad13d20259ef5179ecad8ca7024579467d29a55f","status":1,"size":"29","saleprice":95,"msrp":190,"offers":50,"stock":"In Stock","url":"http://click.linksynergy.com/link?id=WLgPX6ZX/Ec&offerid=467798.281182&type=15&murl=http://www.giglio.com/gbr/girls-shoes-kids_shoes-hogan-hxc3710ap30m8x.html?cSel=047&utm_source=rk-uk-feed&utm_medium=affiliation&utm_campaign=rk-pr&utm_term=HOGAN%20Shoes","free_delivery":{"saleprice":95,"GB":0,"US":0,"INTERNATIONAL":440},"quantity":0}]}]},{"store_id":24,"affiliate_id":2,"subcategory2_id":0,"storename":"giglio","subcategory3_id":0,"subcategory4_id":0,"subcategory_slug":"shoes","subcategory4_slug":null,"brand_id":3741,"subcategory3":"","subcategory_id":117,"subcategory3_slug":null,"subcategory2":"","subcategory4":"","category_id":5,"subcategory2_slug":null,"store_slug":"giglio","subcategory":"shoes","category":"footwear","brand":"hogan","category_slug":"footwear","sales":[],"variants":[{"title":"Shoes Kids","colour":"white","colourimageurl":"","images":{"productimage480_jpg":"https://cdn.obsassets.com/giglio/hogan-shoes-kids-272b4_480X480.jpg","productimage130_png":"https://cdn.obsassets.com/giglio/hogan-shoes-kids-272b4_130X130.png","productimage80_jpg":"https://cdn.obsassets.com/giglio/hogan-shoes-kids-272b4_80X80.jpg","productimage80_png":"https://cdn.obsassets.com/giglio/hogan-shoes-kids-272b4_80X80.png","productimage":"http://img.giglio.com/images/prodZoom/B13309.001_1.jpg","productimage180_jpg":"https://cdn.obsassets.com/giglio/hogan-shoes-kids-272b4_180X180.jpg"},"size_variants":[{"slug":"hogan-shoes-kids-61ab8","guid":"2e1a15736c6ea3471419f4fcd7a17ba838d427251b2d11d55978c59366161ab8","status":1,"size":"29","saleprice":159,"msrp":159,"offers":0,"stock":"In Stock","url":"http://click.linksynergy.com/link?id=WLgPX6ZX/Ec&offerid=467798.335855&type=15&murl=http://www.giglio.com/gbr/girls-shoes-kids_shoes-hogan-hxc2220t548nm4.html?cSel=001&utm_source=rk-uk-feed&utm_medium=affiliation&utm_campaign=rk-pr&utm_term=HOGAN%20Shoes","free_delivery":{"saleprice":159,"GB":0,"US":0,"INTERNATIONAL":440},"quantity":0},{"slug":"hogan-shoes-kids-272b4","guid":"5c6cdc43f70f55fc96f6b23119dc49878c2877f950001c18f03c15d7660272b4","status":1,"size":"35","saleprice":159,"msrp":159,"offers":0,"stock":"In Stock","url":"http://click.linksynergy.com/link?id=WLgPX6ZX/Ec&offerid=467798.335854&type=15&murl=http://www.giglio.com/gbr/girls-shoes-kids_shoes-hogan-hxc2220t548nm4.html?cSel=001&utm_source=rk-uk-feed&utm_medium=affiliation&utm_campaign=rk-pr&utm_term=HOGAN%20Shoes","free_delivery":{"saleprice":159,"GB":0,"US":0,"INTERNATIONAL":440},"quantity":0}]}]},{"store_id":24,"affiliate_id":2,"subcategory2_id":0,"storename":"giglio","subcategory3_id":0,"subcategory4_id":0,"subcategory_slug":"shoes","subcategory4_slug":null,"brand_id":5004,"subcategory3":"","subcategory_id":117,"subcategory3_slug":null,"subcategory2":"","subcategory4":"","category_id":5,"subcategory2_slug":null,"store_slug":"giglio","subcategory":"shoes","category":"footwear","brand":"monnalisa","category_slug":"footwear","sales":[],"variants":[{"title":"Shoes Kids","colour":null,"colourimageurl":"","images":{"productimage480_jpg":"https://cdn.obsassets.com/giglio/monnalisa-shoes-kids-36797_480X480.jpg","productimage130_png":"https://cdn.obsassets.com/giglio/monnalisa-shoes-kids-36797_130X130.png","productimage80_jpg":"https://cdn.obsassets.com/giglio/monnalisa-shoes-kids-36797_80X80.jpg","productimage80_png":"https://cdn.obsassets.com/giglio/monnalisa-shoes-kids-36797_80X80.png","productimage":"http://img.giglio.com/images/prodZoom/B13563.090_1.jpg","productimage180_jpg":"https://cdn.obsassets.com/giglio/monnalisa-shoes-kids-36797_180X180.jpg"},"size_variants":[{"slug":"monnalisa-shoes-kids-36797","guid":"edf61bb2877ddd441e2eea4493060dac92d50ef43de97661b49c920fdc536797","status":1,"size":"35","saleprice":146,"msrp":146,"offers":0,"stock":"In Stock","url":"http://click.linksynergy.com/link?id=WLgPX6ZX/Ec&offerid=467798.338505&type=15&murl=http://www.giglio.com/gbr/girls-shoes-kids_shoes-monnalisa-87503057010173.html?cSel=090&utm_source=rk-uk-feed&utm_medium=affiliation&utm_campaign=rk-pr&utm_term=MONNALISA%20Shoes","free_delivery":{"saleprice":146,"GB":0,"US":0,"INTERNATIONAL":440},"quantity":0}]}]},{"store_id":24,"affiliate_id":2,"subcategory2_id":0,"storename":"giglio","subcategory3_id":0,"subcategory4_id":0,"subcategory_slug":"shoes","subcategory4_slug":null,"brand_id":5004,"subcategory3":"","subcategory_id":117,"subcategory3_slug":null,"subcategory2":"","subcategory4":"","category_id":5,"subcategory2_slug":null,"store_slug":"giglio","subcategory":"shoes","category":"footwear","brand":"monnalisa","category_slug":"footwear","sales":[],"variants":[{"title":"Shoes Kids","colour":"pink","colourimageurl":"","images":{"productimage480_jpg":"https://cdn.obsassets.com/giglio/monnalisa-shoes-kids-01cba_480X480.jpg","productimage130_png":"https://cdn.obsassets.com/giglio/monnalisa-shoes-kids-01cba_130X130.png","productimage80_jpg":"https://cdn.obsassets.com/giglio/monnalisa-shoes-kids-01cba_80X80.jpg","productimage80_png":"https://cdn.obsassets.com/giglio/monnalisa-shoes-kids-01cba_80X80.png","productimage":"http://img.giglio.com/images/prodZoom/311466.010_1.jpg","productimage180_jpg":"https://cdn.obsassets.com/giglio/monnalisa-shoes-kids-01cba_180X180.jpg"},"size_variants":[{"slug":"monnalisa-shoes-kids-01cba","guid":"d5b9db1f6646747712916ca52210d7be2d039aae67c21e7dc311bc8ac7801cba","status":1,"size":"24","saleprice":57,"msrp":57,"offers":0,"stock":"In Stock","url":"http://click.linksynergy.com/link?id=WLgPX6ZX/Ec&offerid=467798.312256&type=15&murl=http://www.giglio.com/gbr/girls-shoes-kids_shoes-monnalisa-8350005709.html?cSel=010&utm_source=rk-uk-feed&utm_medium=affiliation&utm_campaign=rk-pr&utm_term=MONNALISA%20Shoes","free_delivery":{"saleprice":57,"GB":0,"US":0,"INTERNATIONAL":440},"quantity":0}]}]},{"store_id":24,"affiliate_id":2,"subcategory2_id":0,"storename":"giglio","subcategory3_id":0,"subcategory4_id":0,"subcategory_slug":"shoes","subcategory4_slug":null,"brand_id":13517,"subcategory3":"","subcategory_id":117,"subcategory3_slug":null,"subcategory2":"","subcategory4":"","category_id":5,"subcategory2_slug":null,"store_slug":"giglio","subcategory":"shoes","category":"footwear","brand":"moschino teen","category_slug":"footwear","sales":[],"variants":[{"title":"Shoes Kids","colour":"black","colourimageurl":"","images":{"productimage480_jpg":"https://cdn.obsassets.com/giglio/moschino-teen-shoes-kids-4c8ac_480X480.jpg","productimage130_png":"https://cdn.obsassets.com/giglio/moschino-teen-shoes-kids-4c8ac_130X130.png","productimage80_jpg":"https://cdn.obsassets.com/giglio/moschino-teen-shoes-kids-4c8ac_80X80.jpg","productimage80_png":"https://cdn.obsassets.com/giglio/moschino-teen-shoes-kids-4c8ac_80X80.png","productimage":"http://img.giglio.com/images/prodZoom/A93159.002_1.jpg","productimage180_jpg":"https://cdn.obsassets.com/giglio/moschino-teen-shoes-kids-4c8ac_180X180.jpg"},"size_variants":[{"slug":"moschino-teen-shoes-kids-4c8ac","guid":"1f9814d7c57460da58dc767d33921986f0e0d3250cdb2a05338020979724c8ac","status":1,"size":"35","saleprice":152,"msrp":217,"offers":30,"stock":"In Stock","url":"http://click.linksynergy.com/link?id=WLgPX6ZX/Ec&offerid=467798.272419&type=15&murl=http://www.giglio.com/gbr/boys-shoes-kids_shoes-moschino-teen-61812.html?cSel=002&utm_source=rk-uk-feed&utm_medium=affiliation&utm_campaign=rk-pr&utm_term=MOSCHINO%20TEEN%20Shoes","free_delivery":{"saleprice":152,"GB":0,"US":0,"INTERNATIONAL":440},"quantity":0}]}]},{"store_id":24,"affiliate_id":2,"subcategory2_id":0,"storename":"giglio","subcategory3_id":0,"subcategory4_id":0,"subcategory_slug":"shoes","subcategory4_slug":null,"brand_id":3577,"subcategory3":"","subcategory_id":117,"subcategory3_slug":null,"subcategory2":"","subcategory4":"","category_id":5,"subcategory2_slug":null,"store_slug":"giglio","subcategory":"shoes","category":"footwear","brand":"golden goose","category_slug":"footwear","sales":[],"variants":[{"title":"Shoes Kids","colour":"white","colourimageurl":"","images":{"productimage480_jpg":"https://cdn.obsassets.com/giglio/golden-goose-shoes-kids-87b65_480X480.jpg","productimage130_png":"https://cdn.obsassets.com/giglio/golden-goose-shoes-kids-87b65_130X130.png","productimage80_jpg":"https://cdn.obsassets.com/giglio/golden-goose-shoes-kids-87b65_80X80.jpg","productimage80_png":"https://cdn.obsassets.com/giglio/golden-goose-shoes-kids-87b65_80X80.png","productimage":"http://img.giglio.com/images/prodZoom/314972.001_1.jpg","productimage180_jpg":"https://cdn.obsassets.com/giglio/golden-goose-shoes-kids-87b65_180X180.jpg"},"size_variants":[{"slug":"golden-goose-shoes-kids-87b65","guid":"3c534c661f19e98b2f9de092b937da900530f98fccacb71faa294149b6d87b65","status":1,"size":"31","saleprice":146,"msrp":146,"offers":0,"stock":"In Stock","url":"http://click.linksynergy.com/link?id=WLgPX6ZX/Ec&offerid=467798.300310&type=15&murl=http://www.giglio.com/gbr/boys-shoes-kids_shoes-golden-goose-g36ks301b43.html?cSel=001&utm_source=rk-uk-feed&utm_medium=affiliation&utm_campaign=rk-pr&utm_term=GOLDEN%20GOOSE%20Shoes","free_delivery":{"saleprice":146,"GB":0,"US":0,"INTERNATIONAL":440},"quantity":0}]}]},{"store_id":24,"affiliate_id":2,"subcategory2_id":0,"storename":"giglio","subcategory3_id":0,"subcategory4_id":0,"subcategory_slug":"shoes","subcategory4_slug":null,"brand_id":5004,"subcategory3":"","subcategory_id":117,"subcategory3_slug":null,"subcategory2":"","subcategory4":"","category_id":5,"subcategory2_slug":null,"store_slug":"giglio","subcategory":"shoes","category":"footwear","brand":"monnalisa","category_slug":"footwear","sales":[],"variants":[{"title":"Shoes Kids","colour":"golden","colourimageurl":"","images":{"productimage480_jpg":"https://cdn.obsassets.com/giglio/monnalisa-shoes-kids-e5eae_480X480.jpg","productimage130_png":"https://cdn.obsassets.com/giglio/monnalisa-shoes-kids-e5eae_130X130.png","productimage80_jpg":"https://cdn.obsassets.com/giglio/monnalisa-shoes-kids-e5eae_80X80.jpg","productimage80_png":"https://cdn.obsassets.com/giglio/monnalisa-shoes-kids-e5eae_80X80.png","productimage":"http://img.giglio.com/images/prodZoom/311476.047_1.jpg","productimage180_jpg":"https://cdn.obsassets.com/giglio/monnalisa-shoes-kids-e5eae_180X180.jpg"},"size_variants":[{"slug":"monnalisa-shoes-kids-e5eae","guid":"dc6e8111a4c665539c61739069ecad6424e23aa1a3d7e389d389389c3b6e5eae","status":1,"size":"33","saleprice":150,"msrp":150,"offers":0,"stock":"In Stock","url":"http://click.linksynergy.com/link?id=WLgPX6ZX/Ec&offerid=467798.307510&type=15&murl=http://www.giglio.com/gbr/girls-shoes-kids_shoes-monnalisa-8750075707.html?cSel=047&utm_source=rk-uk-feed&utm_medium=affiliation&utm_campaign=rk-pr&utm_term=MONNALISA%20Shoes","free_delivery":{"saleprice":150,"GB":0,"US":0,"INTERNATIONAL":440},"quantity":0}]}]},{"store_id":24,"affiliate_id":2,"subcategory2_id":0,"storename":"giglio","subcategory3_id":0,"subcategory4_id":0,"subcategory_slug":"shoes","subcategory4_slug":null,"brand_id":25040,"subcategory3":"","subcategory_id":117,"subcategory3_slug":null,"subcategory2":"","subcategory4":"","category_id":5,"subcategory2_slug":null,"store_slug":"giglio","subcategory":"shoes","category":"footwear","brand":"hogan baby","category_slug":"footwear","sales":[],"variants":[{"title":"Shoes Kids","colour":"blue","colourimageurl":"","images":{"productimage480_jpg":"https://cdn.obsassets.com/giglio/hogan-baby-shoes-kids-30549_480X480.jpg","productimage130_png":"https://cdn.obsassets.com/giglio/hogan-baby-shoes-kids-30549_130X130.png","productimage80_jpg":"https://cdn.obsassets.com/giglio/hogan-baby-shoes-kids-30549_80X80.jpg","productimage80_png":"https://cdn.obsassets.com/giglio/hogan-baby-shoes-kids-30549_80X80.png","productimage":"http://img.giglio.com/images/prodZoom/304433.009_1.jpg","productimage180_jpg":"https://cdn.obsassets.com/giglio/hogan-baby-shoes-kids-30549_180X180.jpg"},"size_variants":[{"slug":"hogan-baby-shoes-kids-30549","guid":"4400af8c2f5523d5e4c82f2f627847a81d7d230ee616843dd99f1316ac730549","status":1,"size":"24","saleprice":134,"msrp":134,"offers":0,"stock":"In Stock","url":"http://click.linksynergy.com/link?id=WLgPX6ZX/Ec&offerid=467798.193230&type=15&murl=http://www.giglio.com/gbr/boys-shoes-kids_shoes-hogan-baby-hxt3710ap30m94.html?cSel=009&utm_source=rk-uk-feed&utm_medium=affiliation&utm_campaign=rk-pr&utm_term=HOGAN%20BABY%20Shoes","free_delivery":{"saleprice":134,"GB":0,"US":0,"INTERNATIONAL":440},"quantity":0}]}]},{"store_id":24,"affiliate_id":2,"subcategory2_id":0,"storename":"giglio","subcategory3_id":0,"subcategory4_id":0,"subcategory_slug":"shoes","subcategory4_slug":null,"brand_id":5004,"subcategory3":"","subcategory_id":117,"subcategory3_slug":null,"subcategory2":"","subcategory4":"","category_id":5,"subcategory2_slug":null,"store_slug":"giglio","subcategory":"shoes","category":"footwear","brand":"monnalisa","category_slug":"footwear","sales":[],"variants":[{"title":"Shoes Kids","colour":"pink","colourimageurl":"","images":{"productimage480_jpg":"https://cdn.obsassets.com/giglio/monnalisa-shoes-kids-db086_480X480.jpg","productimage130_png":"https://cdn.obsassets.com/giglio/monnalisa-shoes-kids-db086_130X130.png","productimage80_jpg":"https://cdn.obsassets.com/giglio/monnalisa-shoes-kids-db086_80X80.jpg","productimage80_png":"https://cdn.obsassets.com/giglio/monnalisa-shoes-kids-db086_80X80.png","productimage":"http://img.giglio.com/images/prodZoom/305563.010_1.jpg","productimage180_jpg":"https://cdn.obsassets.com/giglio/monnalisa-shoes-kids-db086_180X180.jpg"},"size_variants":[{"slug":"monnalisa-shoes-kids-db086","guid":"e24552778c0d9ea73675220d64cc96cc217b44da3408751602ed4bb5d31db086","status":1,"size":"23","saleprice":32,"msrp":63,"offers":50,"stock":"In Stock","url":"http://click.linksynergy.com/link?id=WLgPX6ZX/Ec&offerid=467798.195471&type=15&murl=http://www.giglio.com/gbr/girls-shoes-kids_shoes-monnalisa-8340064719.html?cSel=010&utm_source=rk-uk-feed&utm_medium=affiliation&utm_campaign=rk-pr&utm_term=MONNALISA%20Shoes","free_delivery":{"saleprice":32,"GB":0,"US":0,"INTERNATIONAL":440},"quantity":0}]}]},{"store_id":24,"affiliate_id":2,"subcategory2_id":0,"storename":"giglio","subcategory3_id":0,"subcategory4_id":0,"subcategory_slug":"shoes","subcategory4_slug":null,"brand_id":3741,"subcategory3":"","subcategory_id":117,"subcategory3_slug":null,"subcategory2":"","subcategory4":"","category_id":5,"subcategory2_slug":null,"store_slug":"giglio","subcategory":"shoes","category":"footwear","brand":"hogan","category_slug":"footwear","sales":[],"variants":[{"title":"Shoes Kids","colour":"blue","colourimageurl":"","images":{"productimage480_jpg":"https://cdn.obsassets.com/giglio/hogan-shoes-kids-6d8e1_480X480.jpg","productimage130_png":"https://cdn.obsassets.com/giglio/hogan-shoes-kids-6d8e1_130X130.png","productimage80_jpg":"https://cdn.obsassets.com/giglio/hogan-shoes-kids-6d8e1_80X80.jpg","productimage80_png":"https://cdn.obsassets.com/giglio/hogan-shoes-kids-6d8e1_80X80.png","productimage":"http://img.giglio.com/images/prodZoom/275830.009_1.jpg","productimage180_jpg":"https://cdn.obsassets.com/giglio/hogan-shoes-kids-6d8e1_180X180.jpg"},"size_variants":[{"slug":"hogan-shoes-kids-5beee","guid":"a3a629fb7f11018378ef7572553001692405b812ceff32b2db3b46657a65beee","status":1,"size":"39","saleprice":230,"msrp":230,"offers":0,"stock":"In Stock","url":"http://click.linksynergy.com/link?id=WLgPX6ZX/Ec&offerid=467798.12135042201&type=15&murl=https://www.giglio.com/gbr/boys-shoes-kids_shoes-hogan-hxr00n0v3118gm.html?cSel=009&utm_source=rk-uk-feed&utm_medium=affiliation&utm_campaign=rk-pr&utm_term=HOGAN%20Shoes","free_delivery":{"saleprice":230,"GB":0,"US":0,"INTERNATIONAL":440},"quantity":0},{"slug":"hogan-shoes-kids-6d8e1","guid":"0a10e8827aa3f7a475881038066d5d660c562007d7804aae6b51ad4007a6d8e1","status":1,"size":"37","saleprice":230,"msrp":230,"offers":0,"stock":"In Stock","url":"http://click.linksynergy.com/link?id=WLgPX6ZX/Ec&offerid=467798.11971148348&type=15&murl=https://www.giglio.com/gbr/boys-shoes-kids_shoes-hogan-hxr00n0v3118gm.html?cSel=009&utm_source=rk-uk-feed&utm_medium=affiliation&utm_campaign=rk-pr&utm_term=HOGAN%20Shoes","free_delivery":{"saleprice":230,"GB":0,"US":0,"INTERNATIONAL":440},"quantity":0}]}]},{"store_id":24,"affiliate_id":2,"subcategory2_id":0,"storename":"giglio","subcategory3_id":0,"subcategory4_id":0,"subcategory_slug":"shoes","subcategory4_slug":null,"brand_id":5004,"subcategory3":"","subcategory_id":117,"subcategory3_slug":null,"subcategory2":"","subcategory4":"","category_id":5,"subcategory2_slug":null,"store_slug":"giglio","subcategory":"shoes","category":"footwear","brand":"monnalisa","category_slug":"footwear","sales":[],"variants":[{"title":"Shoes Kids","colour":"beige","colourimageurl":"","images":{"productimage480_jpg":"https://cdn.obsassets.com/giglio/monnalisa-shoes-kids-05663_480X480.jpg","productimage130_png":"https://cdn.obsassets.com/giglio/monnalisa-shoes-kids-05663_130X130.png","productimage80_jpg":"https://cdn.obsassets.com/giglio/monnalisa-shoes-kids-05663_80X80.jpg","productimage80_png":"https://cdn.obsassets.com/giglio/monnalisa-shoes-kids-05663_80X80.png","productimage":"http://img.giglio.com/images/prodZoom/305569.022_1.jpg","productimage180_jpg":"https://cdn.obsassets.com/giglio/monnalisa-shoes-kids-05663_180X180.jpg"},"size_variants":[{"slug":"monnalisa-shoes-kids-05663","guid":"36b30fc46fdd6f7448b800d7cd61d074808ed61b2f4026afe8b2129b84305663","status":1,"size":"35","saleprice":96,"msrp":191,"offers":50,"stock":"In Stock","url":"http://click.linksynergy.com/link?id=WLgPX6ZX/Ec&offerid=467798.201455&type=15&murl=http://www.giglio.com/gbr/girls-shoes-kids_shoes-monnalisa-8c40044723.html?cSel=022&utm_source=rk-uk-feed&utm_medium=affiliation&utm_campaign=rk-pr&utm_term=MONNALISA%20Shoes","free_delivery":{"saleprice":96,"GB":0,"US":0,"INTERNATIONAL":440},"quantity":0}]}]},{"store_id":182,"affiliate_id":3,"subcategory2_id":0,"storename":"karl lagerfeld","subcategory3_id":0,"subcategory4_id":0,"subcategory_slug":"shoes","subcategory4_slug":null,"brand_id":149,"subcategory3":"","subcategory_id":117,"subcategory3_slug":null,"subcategory2":"","subcategory4":"","category_id":5,"subcategory2_slug":null,"store_slug":"karl-lagerfeld","subcategory":"shoes","category":"footwear","brand":"karl lagerfeld","category_slug":"footwear","sales":[],"variants":[{"title":"Karl Slip On Shoes ","colour":"black","colourimageurl":"","images":{"productimage480_jpg":"https://cdn.obsassets.com/karllagerfeld/karl-lagerfeld-karl-slip-on-shoes-894fb_480X480.jpg","productimage130_png":"https://cdn.obsassets.com/karllagerfeld/karl-lagerfeld-karl-slip-on-shoes-894fb_130X130.png","productimage80_jpg":"https://cdn.obsassets.com/karllagerfeld/karl-lagerfeld-karl-slip-on-shoes-894fb_80X80.jpg","productimage80_png":"https://cdn.obsassets.com/karllagerfeld/karl-lagerfeld-karl-slip-on-shoes-894fb_80X80.png","productimage":"https://cdn.yoox.biz/46/46605636GC_14_F.JPG","productimage180_jpg":"https://cdn.obsassets.com/karllagerfeld/karl-lagerfeld-karl-slip-on-shoes-894fb_180X180.jpg"},"size_variants":[{"slug":"karl-lagerfeld-karl-slip-on-shoes-058ad","guid":"5d3df07b2f8664c074bd8c961a574d05060229e462886106e24cb555d68058ad","status":1,"size":"1Y","saleprice":95,"msrp":95,"offers":0,"stock":"In Stock","url":"https://www.awin1.com/pclick.php?p=22393606213&a=209487&m=11194?www.karl.com/gb","free_delivery":{"saleprice":95,"GB":null,"US":null,"INTERNATIONAL":null},"quantity":0},{"slug":"karl-lagerfeld-karl-slip-on-shoes-abb99","guid":"536f50ff5b1c13b4f099da73c93ffcb79c8f0d6108f7fccf01c769a7ee6abb99","status":1,"size":"2Y","saleprice":95,"msrp":95,"offers":0,"stock":"In Stock","url":"https://www.awin1.com/pclick.php?p=22393606215&a=209487&m=11194?www.karl.com/gb","free_delivery":{"saleprice":95,"GB":null,"US":null,"INTERNATIONAL":null},"quantity":0},{"slug":"karl-lagerfeld-karl-slip-on-shoes-0866f","guid":"1ee95b2e836cf99180912627ba5efba5cf4ad0882e472c1b91d8313ce240866f","status":1,"size":"13C","saleprice":95,"msrp":95,"offers":0,"stock":"In Stock","url":"https://www.awin1.com/pclick.php?p=22393606211&a=209487&m=11194?www.karl.com/gb","free_delivery":{"saleprice":95,"GB":null,"US":null,"INTERNATIONAL":null},"quantity":0}]}]},{"store_id":24,"affiliate_id":2,"subcategory2_id":0,"storename":"giglio","subcategory3_id":0,"subcategory4_id":0,"subcategory_slug":"shoes","subcategory4_slug":null,"brand_id":3741,"subcategory3":"","subcategory_id":117,"subcategory3_slug":null,"subcategory2":"","subcategory4":"","category_id":5,"subcategory2_slug":null,"store_slug":"giglio","subcategory":"shoes","category":"footwear","brand":"hogan","category_slug":"footwear","sales":[],"variants":[{"title":"Shoes Kids","colour":"gray","colourimageurl":"","images":{"productimage480_jpg":"https://cdn.obsassets.com/giglio/hogan-shoes-kids-6876a_480X480.jpg","productimage130_png":"https://cdn.obsassets.com/giglio/hogan-shoes-kids-6876a_130X130.png","productimage80_jpg":"https://cdn.obsassets.com/giglio/hogan-shoes-kids-6876a_80X80.jpg","productimage80_png":"https://cdn.obsassets.com/giglio/hogan-shoes-kids-6876a_80X80.png","productimage":"http://img.giglio.com/images/prodZoom/315234.020_1.jpg","productimage180_jpg":"https://cdn.obsassets.com/giglio/hogan-shoes-kids-6876a_180X180.jpg"},"size_variants":[{"slug":"hogan-shoes-kids-6876a","guid":"2b6c61b9dde3be97ad92ef68a1e0cd3b965b66fe05801f25ddd01c6d0656876a","status":1,"size":"40","saleprice":234,"msrp":234,"offers":0,"stock":"In Stock","url":"http://click.linksynergy.com/link?id=WLgPX6ZX/Ec&offerid=467798.337780&type=15&murl=http://www.giglio.com/gbr/boys-shoes-kids_shoes-hogan-hxr00n0v311nm8.html?cSel=020&utm_source=rk-uk-feed&utm_medium=affiliation&utm_campaign=rk-pr&utm_term=HOGAN%20Shoes","free_delivery":{"saleprice":234,"GB":0,"US":0,"INTERNATIONAL":440},"quantity":0}]}]},{"store_id":8,"affiliate_id":3,"subcategory2_id":956,"storename":"boden","subcategory3_id":878,"subcategory4_id":0,"subcategory_slug":"shoes","subcategory4_slug":null,"brand_id":47,"subcategory3":"brogues","subcategory_id":117,"subcategory3_slug":"brogues","subcategory2":"lace-ups","subcategory4":"","category_id":5,"subcategory2_slug":"lace-ups","store_slug":"boden","subcategory":"shoes","category":"footwear","brand":"boden","category_slug":"footwear","sales":[],"variants":[{"title":"Brogues Gold Girls","colour":"golden","colourimageurl":"","images":{"productimage480_jpg":"https://cdn.obsassets.com/boden/boden-brogues-gold-girls-638c2_480X480.jpg","productimage130_png":"https://cdn.obsassets.com/boden/boden-brogues-gold-girls-638c2_130X130.png","productimage80_jpg":"https://cdn.obsassets.com/boden/boden-brogues-gold-girls-638c2_80X80.jpg","productimage80_png":"https://cdn.obsassets.com/boden/boden-brogues-gold-girls-638c2_80X80.png","productimage":"https://www.bodenimages.com/productimages/Zoomlarge/19gwin_c0450_gld.jpg","productimage180_jpg":"https://cdn.obsassets.com/boden/boden-brogues-gold-girls-638c2_180X180.jpg"},"size_variants":[{"slug":"boden-brogues-gold-girls-638c2","guid":"8aade628bf74016591a36f6c0f02ddd7170152df130b3d92c6430c64d51638c2","status":1,"size":"36,37,34,35","saleprice":27.6,"msrp":46,"offers":40,"stock":"In Stock","url":"https://www.awin1.com/pclick.php?p=25641787747&a=209487&m=1669?www.boden.co.uk","free_delivery":{"saleprice":27.6,"GB":null,"US":37.73,"INTERNATIONAL":null},"quantity":0}]}]},{"store_id":24,"affiliate_id":2,"subcategory2_id":0,"storename":"giglio","subcategory3_id":0,"subcategory4_id":0,"subcategory_slug":"shoes","subcategory4_slug":null,"brand_id":15224,"subcategory3":"","subcategory_id":117,"subcategory3_slug":null,"subcategory2":"","subcategory4":"","category_id":5,"subcategory2_slug":null,"store_slug":"giglio","subcategory":"shoes","category":"footwear","brand":"ea7","category_slug":"footwear","sales":[],"variants":[{"title":"Shoes Kids","colour":"silver","colourimageurl":"","images":{"productimage480_jpg":"https://cdn.obsassets.com/giglio/ea7-shoes-kids-40c30_480X480.jpg","productimage130_png":"https://cdn.obsassets.com/giglio/ea7-shoes-kids-40c30_130X130.png","productimage80_jpg":"https://cdn.obsassets.com/giglio/ea7-shoes-kids-40c30_80X80.jpg","productimage80_png":"https://cdn.obsassets.com/giglio/ea7-shoes-kids-40c30_80X80.png","productimage":"http://img.giglio.com/images/prodZoom/316502.061_1.jpg","productimage180_jpg":"https://cdn.obsassets.com/giglio/ea7-shoes-kids-40c30_180X180.jpg"},"size_variants":[{"slug":"ea7-shoes-kids-b6fd3","guid":"8401a99759cbad5101606c494b139abaa0c3c42488c49294c5969bdb620b6fd3","status":1,"size":"32","saleprice":82,"msrp":82,"offers":0,"stock":"In Stock","url":"http://click.linksynergy.com/link?id=WLgPX6ZX/Ec&offerid=467798.321151&type=15&murl=http://www.giglio.com/gbr/boys-shoes-kids_shoes-ea7-xsx006xcc53-893.html?cSel=061&utm_source=rk-uk-feed&utm_medium=affiliation&utm_campaign=rk-pr&utm_term=EA7%20Shoes","free_delivery":{"saleprice":82,"GB":0,"US":0,"INTERNATIONAL":440},"quantity":0},{"slug":"ea7-shoes-kids-40c30","guid":"6793e1c477efbf2759a5509780d8555a7eabeaa59704c9b33d8b258175b40c30","status":1,"size":"37","saleprice":82,"msrp":82,"offers":0,"stock":"In Stock","url":"http://click.linksynergy.com/link?id=WLgPX6ZX/Ec&offerid=467798.321156&type=15&murl=http://www.giglio.com/gbr/boys-shoes-kids_shoes-ea7-xsx006xcc53-893.html?cSel=061&utm_source=rk-uk-feed&utm_medium=affiliation&utm_campaign=rk-pr&utm_term=EA7%20Shoes","free_delivery":{"saleprice":82,"GB":0,"US":0,"INTERNATIONAL":440},"quantity":0}]}]},{"store_id":24,"affiliate_id":2,"subcategory2_id":0,"storename":"giglio","subcategory3_id":0,"subcategory4_id":0,"subcategory_slug":"shoes","subcategory4_slug":null,"brand_id":8670,"subcategory3":"","subcategory_id":117,"subcategory3_slug":null,"subcategory2":"","subcategory4":"","category_id":5,"subcategory2_slug":null,"store_slug":"giglio","subcategory":"shoes","category":"footwear","brand":"adidas originals","category_slug":"footwear","sales":[],"variants":[{"title":"Shoes Kids","colour":"blue","colourimageurl":"","images":{"productimage480_jpg":"https://cdn.obsassets.com/giglio/adidas-originals-shoes-kids-3b8a7_480X480.jpg","productimage130_png":"https://cdn.obsassets.com/giglio/adidas-originals-shoes-kids-3b8a7_130X130.png","productimage80_jpg":"https://cdn.obsassets.com/giglio/adidas-originals-shoes-kids-3b8a7_80X80.jpg","productimage80_png":"https://cdn.obsassets.com/giglio/adidas-originals-shoes-kids-3b8a7_80X80.png","productimage":"http://img.giglio.com/images/prodZoom/313405.009_1.jpg","productimage180_jpg":"https://cdn.obsassets.com/giglio/adidas-originals-shoes-kids-3b8a7_180X180.jpg"},"size_variants":[{"slug":"adidas-originals-shoes-kids-3b8a7","guid":"99cbf997c0714a99f8e31dafd40a4edfcfb28f576cc2b7293665e1a85c33b8a7","status":1,"size":"4","saleprice":50,"msrp":50,"offers":0,"stock":"In Stock","url":"http://click.linksynergy.com/link?id=WLgPX6ZX/Ec&offerid=467798.298017&type=15&murl=http://www.giglio.com/gbr/boys-shoes-kids_shoes-adidas-originals-by9144-440.html?cSel=009&utm_source=rk-uk-feed&utm_medium=affiliation&utm_campaign=rk-pr&utm_term=ADIDAS%20ORIGINALS%20Shoes","free_delivery":{"saleprice":50,"GB":0,"US":0,"INTERNATIONAL":440},"quantity":0}]}]},{"store_id":24,"affiliate_id":2,"subcategory2_id":0,"storename":"giglio","subcategory3_id":0,"subcategory4_id":0,"subcategory_slug":"shoes","subcategory4_slug":null,"brand_id":3741,"subcategory3":"","subcategory_id":117,"subcategory3_slug":null,"subcategory2":"","subcategory4":"","category_id":5,"subcategory2_slug":null,"store_slug":"giglio","subcategory":"shoes","category":"footwear","brand":"hogan","category_slug":"footwear","sales":[],"variants":[{"title":"Shoes Kids","colour":"gray","colourimageurl":"","images":{"productimage480_jpg":"https://cdn.obsassets.com/giglio/hogan-shoes-kids-4c8cd_480X480.jpg","productimage130_png":"https://cdn.obsassets.com/giglio/hogan-shoes-kids-4c8cd_130X130.png","productimage80_jpg":"https://cdn.obsassets.com/giglio/hogan-shoes-kids-4c8cd_80X80.jpg","productimage80_png":"https://cdn.obsassets.com/giglio/hogan-shoes-kids-4c8cd_80X80.png","productimage":"http://img.giglio.com/images/prodZoom/304457.020_1.jpg","productimage180_jpg":"https://cdn.obsassets.com/giglio/hogan-shoes-kids-4c8cd_180X180.jpg"},"size_variants":[{"slug":"hogan-shoes-kids-f98a8","guid":"047b9899f1c71d698167d470e322f00a0016cb3ec7b355dbc9a00d35831f98a8","status":1,"size":"29","saleprice":190,"msrp":190,"offers":0,"stock":"In Stock","url":"http://click.linksynergy.com/link?id=WLgPX6ZX/Ec&offerid=467798.266469&type=15&murl=http://www.giglio.com/gbr/boys-shoes-kids_shoes-hogan-hxc4840cf90ibq.html?cSel=020&utm_source=rk-uk-feed&utm_medium=affiliation&utm_campaign=rk-pr&utm_term=HOGAN%20Shoes","free_delivery":{"saleprice":190,"GB":0,"US":0,"INTERNATIONAL":440},"quantity":0},{"slug":"hogan-shoes-kids-4c8cd","guid":"84acb68136837587493e6f0787ece8f726e9082c02656d03e2ad824ef974c8cd","status":1,"size":"30","saleprice":190,"msrp":190,"offers":0,"stock":"In Stock","url":"http://click.linksynergy.com/link?id=WLgPX6ZX/Ec&offerid=467798.266470&type=15&murl=http://www.giglio.com/gbr/boys-shoes-kids_shoes-hogan-hxc4840cf90ibq.html?cSel=020&utm_source=rk-uk-feed&utm_medium=affiliation&utm_campaign=rk-pr&utm_term=HOGAN%20Shoes","free_delivery":{"saleprice":190,"GB":0,"US":0,"INTERNATIONAL":440},"quantity":0}]}]},{"store_id":24,"affiliate_id":2,"subcategory2_id":0,"storename":"giglio","subcategory3_id":0,"subcategory4_id":0,"subcategory_slug":"shoes","subcategory4_slug":null,"brand_id":8670,"subcategory3":"","subcategory_id":117,"subcategory3_slug":null,"subcategory2":"","subcategory4":"","category_id":5,"subcategory2_slug":null,"store_slug":"giglio","subcategory":"shoes","category":"footwear","brand":"adidas originals","category_slug":"footwear","sales":[],"variants":[{"title":"Shoes Kids","colour":"white","colourimageurl":"","images":{"productimage480_jpg":"https://cdn.obsassets.com/giglio/adidas-originals-shoes-kids-b2c00_480X480.jpg","productimage130_png":"https://cdn.obsassets.com/giglio/adidas-originals-shoes-kids-b2c00_130X130.png","productimage80_jpg":"https://cdn.obsassets.com/giglio/adidas-originals-shoes-kids-b2c00_80X80.jpg","productimage80_png":"https://cdn.obsassets.com/giglio/adidas-originals-shoes-kids-b2c00_80X80.png","productimage":"http://img.giglio.com/images/prodZoom/313406.001_1.jpg","productimage180_jpg":"https://cdn.obsassets.com/giglio/adidas-originals-shoes-kids-b2c00_180X180.jpg"},"size_variants":[{"slug":"adidas-originals-shoes-kids-28cac","guid":"d5f79d628137db2c333eed41a2661d04aef026bc882e2676215ef72cdf128cac","status":1,"size":"20","saleprice":38,"msrp":38,"offers":0,"stock":"In Stock","url":"http://click.linksynergy.com/link?id=WLgPX6ZX/Ec&offerid=467798.300183&type=15&murl=http://www.giglio.com/gbr/boys-shoes-kids_shoes-adidas-originals-g28218-878.html?cSel=001&utm_source=rk-uk-feed&utm_medium=affiliation&utm_campaign=rk-pr&utm_term=ADIDAS%20ORIGINALS%20Shoes","free_delivery":{"saleprice":38,"GB":0,"US":0,"INTERNATIONAL":440},"quantity":0},{"slug":"adidas-originals-shoes-kids-b2c00","guid":"5a19bf0bb788a357e7a69f2ab6df04ca5843fa58eb1da5388ba73fdf33fb2c00","status":1,"size":"21","saleprice":38,"msrp":38,"offers":0,"stock":"In Stock","url":"http://click.linksynergy.com/link?id=WLgPX6ZX/Ec&offerid=467798.300182&type=15&murl=http://www.giglio.com/gbr/boys-shoes-kids_shoes-adidas-originals-g28218-878.html?cSel=001&utm_source=rk-uk-feed&utm_medium=affiliation&utm_campaign=rk-pr&utm_term=ADIDAS%20ORIGINALS%20Shoes","free_delivery":{"saleprice":38,"GB":0,"US":0,"INTERNATIONAL":440},"quantity":0}]}]},{"store_id":24,"affiliate_id":2,"subcategory2_id":0,"storename":"giglio","subcategory3_id":0,"subcategory4_id":0,"subcategory_slug":"shoes","subcategory4_slug":null,"brand_id":5004,"subcategory3":"","subcategory_id":117,"subcategory3_slug":null,"subcategory2":"","subcategory4":"","category_id":5,"subcategory2_slug":null,"store_slug":"giglio","subcategory":"shoes","category":"footwear","brand":"monnalisa","category_slug":"footwear","sales":[],"variants":[{"title":"Shoes Kids","colour":"pink","colourimageurl":"","images":{"productimage480_jpg":"https://cdn.obsassets.com/giglio/monnalisa-shoes-kids-37632_480X480.jpg","productimage130_png":"https://cdn.obsassets.com/giglio/monnalisa-shoes-kids-37632_130X130.png","productimage80_jpg":"https://cdn.obsassets.com/giglio/monnalisa-shoes-kids-37632_80X80.jpg","productimage80_png":"https://cdn.obsassets.com/giglio/monnalisa-shoes-kids-37632_80X80.png","productimage":"http://img.giglio.com/images/prodZoom/305565.010_1.jpg","productimage180_jpg":"https://cdn.obsassets.com/giglio/monnalisa-shoes-kids-37632_180X180.jpg"},"size_variants":[{"slug":"monnalisa-shoes-kids-37632","guid":"42e74f337382b2adb00771c8307aa4197a63bb09127d673b4ffb395a20937632","status":1,"size":"21","saleprice":54,"msrp":109,"offers":50,"stock":"In Stock","url":"http://click.linksynergy.com/link?id=WLgPX6ZX/Ec&offerid=467798.196458&type=15&murl=http://www.giglio.com/gbr/girls-shoes-kids_shoes-monnalisa-8340014705.html?cSel=010&utm_source=rk-uk-feed&utm_medium=affiliation&utm_campaign=rk-pr&utm_term=MONNALISA%20Shoes","free_delivery":{"saleprice":54,"GB":0,"US":0,"INTERNATIONAL":440},"quantity":0}]}]},{"store_id":24,"affiliate_id":2,"subcategory2_id":0,"storename":"giglio","subcategory3_id":0,"subcategory4_id":0,"subcategory_slug":"shoes","subcategory4_slug":null,"brand_id":3741,"subcategory3":"","subcategory_id":117,"subcategory3_slug":null,"subcategory2":"","subcategory4":"","category_id":5,"subcategory2_slug":null,"store_slug":"giglio","subcategory":"shoes","category":"footwear","brand":"hogan","category_slug":"footwear","sales":[],"variants":[{"title":"Shoes Kids","colour":"blue","colourimageurl":"","images":{"productimage480_jpg":"https://cdn.obsassets.com/giglio/hogan-shoes-kids-67b5a_480X480.jpg","productimage130_png":"https://cdn.obsassets.com/giglio/hogan-shoes-kids-67b5a_130X130.png","productimage80_jpg":"https://cdn.obsassets.com/giglio/hogan-shoes-kids-67b5a_80X80.jpg","productimage80_png":"https://cdn.obsassets.com/giglio/hogan-shoes-kids-67b5a_80X80.png","productimage":"http://img.giglio.com/images/prodZoom/315243.009_1.jpg","productimage180_jpg":"https://cdn.obsassets.com/giglio/hogan-shoes-kids-67b5a_180X180.jpg"},"size_variants":[{"slug":"hogan-shoes-kids-67b5a","guid":"124468ca9f08d458a98141456a9f27b017e82b82a3fe43ddb238a19973067b5a","status":1,"size":"35","saleprice":217,"msrp":217,"offers":0,"stock":"In Stock","url":"http://click.linksynergy.com/link?id=WLgPX6ZX/Ec&offerid=467798.306972&type=15&murl=http://www.giglio.com/gbr/boys-shoes-kids_shoes-hogan-hxc3400k390mu0.html?cSel=009&utm_source=rk-uk-feed&utm_medium=affiliation&utm_campaign=rk-pr&utm_term=HOGAN%20Shoes","free_delivery":{"saleprice":217,"GB":0,"US":0,"INTERNATIONAL":440},"quantity":0}]}]}]},"msg":"Here is the search results.","status":200}}
200
Shoes for Kids
]]></system-out>
  </testcase>
  <testcase name="search" classname="com.obsessory.api.womens.womensAPI1" time="3.627">
    <system-out><![CDATA[{"response":{"data":{"key":"Tops for Women","timeTaken":2.635,"totalCount":100122,"debug":"\n       \"query\":{\n         \"bool\":{\n           \"must\":[\n                 \n          {\n               \"nested\": {\n                   \"path\": \"variants\",\n                   \n                   \"inner_hits\" : {\n                      \"_source\": { \"includes\":[\"variants.title\",\"variants.colour\",\"variants.rgb_colours\",\"variants.colourimageurl\",\"variants.images.productimage\",\"variants.images.productimage80_png\",\"variants.images.productimage130_png\",\"variants.images.productimage180_jpg\",\"variants.images.productimage80_jpg\",\"variants.images.productimage480_jpg\"]}\n                   },\n                   \"query\": {\n                      \"bool\":{\n                         \"must\":[\n                            {\n                                \"nested\":{\n                                   \"path\":\"variants.size_variants\",\n                                   \"inner_hits\":{},\n                                   \n                                   \"query\":{\n                                      \"bool\":{\n                                       \"must\":[\n                                          {\n          \"terms\":{\n              \"variants.size_variants.status\":[0,1]\n          }\n        }\n      \n                                         ],\n                                        \"must_not\":[\n                                             { \"terms\" : { \"variants.size_variants.guid\" : [] }},\n                                             { \"term\" : { \"variants.size_variants.qa_check_status\" : \"hide\" }}\n                                        ]\n                                      }\n                                   }\n                                }\n                             }\n                              ,{\n          \"term\":{\n              \"variants.internationaldelivery\":\"GB\"\n          }\n        }\n      \n\n                         ]\n                      }\n                   }\n               }\n           }\n       ,\n{\n            \"query_string\" : {\n                \"query\": \"(department:women) AND ((subcategory_slug:tops))\",\n                \"minimum_should_match\":\"85%\"\n       \t\t\t}\n   \t\t\t}\n    ,\n            {\n               \"nested\":{\n                  \"path\":\"scores\",\n                  \"query\":{\n                     \"function_score\":{\n                        \"script_score\":{\n                           \"script\":{\n                              \"inline\":\"( (4 * ((doc['scores.product_score'].value == 0) ? 1 : doc['scores.product_score'].value)) + (2 * doc['scores.brand_score'].value) + (3 * doc['scores.store_score'].value) + (8 * doc['scores.seed'].value)) / 17\",\n                              \"lang\":\"painless\"\n                           }\n                        },\n                        \"score_mode\":\"avg\",\n                        \"boost_mode\":\"avg\"\n                     }\n                  },\n                  \"score_mode\":\"avg\"\n               }\n            }\n     \n              ]\n             }\n          }\n     ","breadCrumb":[],"flQuery":{"subcategory":"tops","link":"/tops"},"canonicalUrl":"/tops","description":"<p>\r\n\tFind tops that suits your personal style from our collection of 48000 tops that are on a 90% sale. Scroll through tank tops from Topshop starting from £1 to embellished tops from Dolce & Gabbana at £3546.&nbsp;<a href=\"https://www.obsessory.com/crop-top\" target=\"_blank\"><strong>Crop tops</strong></a> are currently trending and you can pick the one that fits you from Maison Margiela, Del Pozo or any brand that you like. You could pair the crop top with a high waist&nbsp;<a href=\"https://www.obsessory.com/pencil-skirt\" target=\"_blank\"><strong>pencil skirt</strong></a>/trousers and heels for a perfect night-out ensemble. Also don’t forget to check out the&nbsp;<a href=\"https://www.obsessory.com/ruffles/\" target=\"_blank\"><strong>ruffled</strong></a> one shoulder tops that are ideal for a day look.&nbsp;</p>","products":[{"store_id":112,"affiliate_id":3,"subcategory2_id":2223,"storename":"asos","subcategory3_id":0,"subcategory4_id":0,"subcategory_slug":"tops","subcategory4_slug":null,"brand_id":17154,"subcategory3":"","subcategory_id":732,"subcategory3_slug":null,"subcategory2":"crop top","subcategory4":"","category_id":4,"subcategory2_slug":"crop-top","store_slug":"asos","subcategory":"tops","category":"clothing","brand":"pimkie","category_slug":"clothing","sales":[],"variants":[{"title":"Button Front Linen Crop Top","colour":"beige","colourimageurl":"","images":{"productimage480_jpg":"https://cdn.obsassets.com/asos/pimkie-button-front-linen-crop-top-50c74_480X480.jpg","productimage130_png":"https://cdn.obsassets.com/asos/pimkie-button-front-linen-crop-top-50c74_130X130.png","productimage80_jpg":"https://cdn.obsassets.com/asos/pimkie-button-front-linen-crop-top-50c74_80X80.jpg","productimage80_png":"https://cdn.obsassets.com/asos/pimkie-button-front-linen-crop-top-50c74_80X80.png","productimage":"https://images.asos-media.com/products/pimkie-button-front-linen-crop-top-in-beige/12062357-1-beige?$XXL$","productimage180_jpg":"https://cdn.obsassets.com/asos/pimkie-button-front-linen-crop-top-50c74_180X180.jpg"},"size_variants":[{"slug":"pimkie-button-front-linen-crop-top-50c74","guid":"3c3f450d0081b6266dad3318d4475989ef3e158a10cdeb914d9f8b7899050c74","status":1,"size":"36","saleprice":4.5,"msrp":4.5,"offers":0,"stock":"Out Of Stock","url":"https://www.awin1.com/pclick.php?p=24959282185&a=209487&m=5678?www.asos.com","free_delivery":{"saleprice":4.5,"GB":30,"US":31.66,"INTERNATIONAL":null},"quantity":0}]}]},{"store_id":112,"affiliate_id":3,"subcategory2_id":1799,"storename":"asos","subcategory3_id":0,"subcategory4_id":0,"subcategory_slug":"tops","subcategory4_slug":null,"brand_id":26180,"subcategory3":"","subcategory_id":732,"subcategory3_slug":null,"subcategory2":"smock top","subcategory4":"","category_id":4,"subcategory2_slug":"smock-top","store_slug":"asos","subcategory":"tops","category":"clothing","brand":"asos design","category_slug":"clothing","sales":[],"variants":[{"title":"Tall Sheer Smock Top With Tie Front","colour":"white","colourimageurl":"","images":{"productimage480_jpg":"https://cdn.obsassets.com/asos/asos-design-tall-sheer-smock-top-with-tie-front-d5076_480X480.jpg","productimage130_png":"https://cdn.obsassets.com/asos/asos-design-tall-sheer-smock-top-with-tie-front-d5076_130X130.png","productimage80_jpg":"https://cdn.obsassets.com/asos/asos-design-tall-sheer-smock-top-with-tie-front-d5076_80X80.jpg","productimage80_png":"https://cdn.obsassets.com/asos/asos-design-tall-sheer-smock-top-with-tie-front-d5076_80X80.png","productimage":"https://images.asos-media.com/products/asos-design-tall-sheer-smock-top-with-tie-front/11089035-1-cream?$XXLrmbnrbtm$","productimage180_jpg":"https://cdn.obsassets.com/asos/asos-design-tall-sheer-smock-top-with-tie-front-d5076_180X180.jpg"},"size_variants":[{"slug":"asos-design-tall-sheer-smock-top-with-tie-front-d5076","guid":"392c94af677f990b8314f6b42bd97c14c6e257a2222c63152b68e6bb4cbd5076","status":1,"size":"8","saleprice":12.5,"msrp":12.5,"offers":0,"stock":"In Stock","url":"https://www.awin1.com/pclick.php?p=24960407051&a=209487&m=5678?www.asos.com","free_delivery":{"saleprice":12.5,"GB":30,"US":31.66,"INTERNATIONAL":null},"quantity":0}]}]},{"store_id":112,"affiliate_id":3,"subcategory2_id":0,"storename":"asos","subcategory3_id":0,"subcategory4_id":0,"subcategory_slug":"tops","subcategory4_slug":null,"brand_id":16492,"subcategory3":"","subcategory_id":732,"subcategory3_slug":null,"subcategory2":"","subcategory4":"","category_id":4,"subcategory2_slug":null,"store_slug":"asos","subcategory":"tops","category":"clothing","brand":"miss selfridge petite","category_slug":"clothing","sales":[],"variants":[{"title":"Bardot Top","colour":null,"colourimageurl":"","images":{"productimage480_jpg":"https://cdn.obsassets.com/asos/miss-selfridge-petite-bardot-top-33b80_480X480.jpg","productimage130_png":"https://cdn.obsassets.com/asos/miss-selfridge-petite-bardot-top-33b80_130X130.png","productimage80_jpg":"https://cdn.obsassets.com/asos/miss-selfridge-petite-bardot-top-33b80_80X80.jpg","productimage80_png":"https://cdn.obsassets.com/asos/miss-selfridge-petite-bardot-top-33b80_80X80.png","productimage":"https://images.asos-media.com/products/miss-selfridge-petite-bardot-top-in-floral-print/13154210-1-multi?$XXLrmbnrbtm$","productimage180_jpg":"https://cdn.obsassets.com/asos/miss-selfridge-petite-bardot-top-33b80_180X180.jpg"},"size_variants":[{"slug":"miss-selfridge-petite-bardot-top-33b80","guid":"b994defb6f605240800c4b69d2d374bb5473d4ba0be9bf9432608bad56e33b80","status":1,"size":"10","saleprice":7,"msrp":7,"offers":0,"stock":"Out Of Stock","url":"https://www.awin1.com/pclick.php?p=24960269533&a=209487&m=5678?www.asos.com","free_delivery":{"saleprice":7,"GB":30,"US":31.66,"INTERNATIONAL":null},"quantity":0}]}]},{"store_id":191,"affiliate_id":3,"subcategory2_id":0,"storename":"josh v","subcategory3_id":0,"subcategory4_id":0,"subcategory_slug":"tops","subcategory4_slug":null,"brand_id":25857,"subcategory3":"","subcategory_id":732,"subcategory3_slug":null,"subcategory2":"","subcategory4":"","category_id":4,"subcategory2_slug":null,"store_slug":"josh-v","subcategory":"tops","category":"clothing","brand":"josh v","category_slug":"clothing","sales":[],"variants":[{"title":"Jv Kira Top","colour":"white","colourimageurl":"","images":{"productimage480_jpg":"https://cdn.obsassets.com/joshv/josh-v-jv-kira-top-14535_480X480.jpg","productimage130_png":"https://cdn.obsassets.com/joshv/josh-v-jv-kira-top-14535_130X130.png","productimage80_jpg":"https://cdn.obsassets.com/joshv/josh-v-jv-kira-top-14535_80X80.jpg","productimage80_png":"https://cdn.obsassets.com/joshv/josh-v-jv-kira-top-14535_80X80.png","productimage":"https://joshv.com/uk/../media/catalog/product/j/v/jv-kira-white-top-goed-joshv-2018-front_3.jpg","productimage180_jpg":"https://cdn.obsassets.com/joshv/josh-v-jv-kira-top-14535_180X180.jpg"},"size_variants":[{"slug":"josh-v-jv-kira-top-14535","guid":"2b519be3e8c75c0b72eac0779271cd5a204cf06780663f1bef33d750f1814535","status":1,"size":"L","saleprice":71.99,"msrp":71.99,"offers":0,"stock":"In Stock","url":"https://joshv.com/uk/jv-jv-5000-0105-033-5?joshv.com/uk/","free_delivery":{"saleprice":71.99,"GB":null,"US":null,"INTERNATIONAL":null},"quantity":0}]}]},{"store_id":148,"affiliate_id":3,"subcategory2_id":0,"storename":"designer desirables","subcategory3_id":0,"subcategory4_id":0,"subcategory_slug":"tops","subcategory4_slug":null,"brand_id":24114,"subcategory3":"","subcategory_id":732,"subcategory3_slug":null,"subcategory2":"","subcategory4":"","category_id":4,"subcategory2_slug":null,"store_slug":"designer-desirables","subcategory":"tops","category":"clothing","brand":"woodford & reay","category_slug":"clothing","sales":[],"variants":[{"title":"Baroque Noir Ivory Gold Silk Drawstring Kaftan ","colour":"white","colourimageurl":"","images":{"productimage480_jpg":"https://cdn.obsassets.com/designerdesirables/woodford-reay-baroque-noir-ivory-gold-silk-drawstring-kaftan-3f33f_480X480.jpg","productimage130_png":"https://cdn.obsassets.com/designerdesirables/woodford-reay-baroque-noir-ivory-gold-silk-drawstring-kaftan-3f33f_130X130.png","productimage80_jpg":"https://cdn.obsassets.com/designerdesirables/woodford-reay-baroque-noir-ivory-gold-silk-drawstring-kaftan-3f33f_80X80.jpg","productimage80_png":"https://cdn.obsassets.com/designerdesirables/woodford-reay-baroque-noir-ivory-gold-silk-drawstring-kaftan-3f33f_80X80.png","productimage":"https://www.designerdesirables.com/images/products/1530371252-75732700.jpg","productimage180_jpg":"https://cdn.obsassets.com/designerdesirables/woodford-reay-baroque-noir-ivory-gold-silk-drawstring-kaftan-3f33f_180X180.jpg"},"size_variants":[{"slug":"woodford-reay-baroque-noir-ivory-gold-silk-drawstring-kaftan-3f33f","guid":"9f4046ee7a71e634dbc202f3d3d3d8490f2e5ebca231efba2a2ca7131f13f33f","status":1,"size":"One Size","saleprice":119.99,"msrp":119.99,"offers":0,"stock":"In Stock","url":"https://www.designerdesirables.com/kaftans-c74/baroque-ivory-gold-silk-drawstring-kaftan-p36576?www.designerdesirables.com/","free_delivery":{"saleprice":119.99,"GB":150,"US":null,"INTERNATIONAL":null},"quantity":0}]}]},{"store_id":112,"affiliate_id":3,"subcategory2_id":0,"storename":"asos","subcategory3_id":0,"subcategory4_id":0,"subcategory_slug":"tops","subcategory4_slug":null,"brand_id":26180,"subcategory3":"","subcategory_id":732,"subcategory3_slug":null,"subcategory2":"","subcategory4":"","category_id":4,"subcategory2_slug":null,"store_slug":"asos","subcategory":"tops","category":"clothing","brand":"asos design","category_slug":"clothing","sales":[],"variants":[{"title":"Curve Long Sleeve Taffeta Check Top With Neck Tie","colour":null,"colourimageurl":"","images":{"productimage480_jpg":"https://cdn.obsassets.com/asos/asos-design-curve-long-sleeve-taffeta-check-top-with-neck-tie-9e028_480X480.jpg","productimage130_png":"https://cdn.obsassets.com/asos/asos-design-curve-long-sleeve-taffeta-check-top-with-neck-tie-9e028_130X130.png","productimage80_jpg":"https://cdn.obsassets.com/asos/asos-design-curve-long-sleeve-taffeta-check-top-with-neck-tie-9e028_80X80.jpg","productimage80_png":"https://cdn.obsassets.com/asos/asos-design-curve-long-sleeve-taffeta-check-top-with-neck-tie-9e028_80X80.png","productimage":"https://images.asos-media.com/products/asos-design-curve-long-sleeve-taffeta-check-top-with-neck-tie/12892162-1-multi?$XXLrmbnrbtm$","productimage180_jpg":"https://cdn.obsassets.com/asos/asos-design-curve-long-sleeve-taffeta-check-top-with-neck-tie-9e028_180X180.jpg"},"size_variants":[{"slug":"asos-design-curve-long-sleeve-taffeta-check-top-with-neck-tie-9e028","guid":"5962ccfad826abe0b54000be492d6f9df9019aedb640a4cf69d0e8569979e028","status":1,"size":"20","saleprice":16,"msrp":16,"offers":0,"stock":"In Stock","url":"https://www.awin1.com/pclick.php?p=25074803871&a=209487&m=5678?www.asos.com","free_delivery":{"saleprice":16,"GB":30,"US":31.66,"INTERNATIONAL":null},"quantity":0}]}]},{"store_id":112,"affiliate_id":3,"subcategory2_id":2223,"storename":"asos","subcategory3_id":0,"subcategory4_id":0,"subcategory_slug":"tops","subcategory4_slug":null,"brand_id":24852,"subcategory3":"","subcategory_id":732,"subcategory3_slug":null,"subcategory2":"crop top","subcategory4":"","category_id":4,"subcategory2_slug":"crop-top","store_slug":"asos","subcategory":"tops","category":"clothing","brand":"asos edition","category_slug":"clothing","sales":[],"variants":[{"title":"Blouson Sleeve Crop Top","colour":"blue","colourimageurl":"","images":{"productimage480_jpg":"https://cdn.obsassets.com/asos/asos-edition-blouson-sleeve-crop-top-d7ccf_480X480.jpg","productimage130_png":"https://cdn.obsassets.com/asos/asos-edition-blouson-sleeve-crop-top-d7ccf_130X130.png","productimage80_jpg":"https://cdn.obsassets.com/asos/asos-edition-blouson-sleeve-crop-top-d7ccf_80X80.jpg","productimage80_png":"https://cdn.obsassets.com/asos/asos-edition-blouson-sleeve-crop-top-d7ccf_80X80.png","productimage":"https://images.asos-media.com/products/asos-edition-blouson-sleeve-crop-top-in-sequin/12727887-1-black?$XXL$","productimage180_jpg":"https://cdn.obsassets.com/asos/asos-edition-blouson-sleeve-crop-top-d7ccf_180X180.jpg"},"size_variants":[{"slug":"asos-edition-blouson-sleeve-crop-top-d7ccf","guid":"e3eb7a17386a2ec7775c7f3f80c238a0e7c584b0f287c32aaf7919dbba4d7ccf","status":1,"size":"10","saleprice":30,"msrp":30,"offers":0,"stock":"In Stock","url":"https://www.awin1.com/pclick.php?p=24960217681&a=209487&m=5678?www.asos.com","free_delivery":{"saleprice":30,"GB":30,"US":31.66,"INTERNATIONAL":null},"quantity":0}]}]},{"store_id":191,"affiliate_id":3,"subcategory2_id":0,"storename":"josh v","subcategory3_id":0,"subcategory4_id":0,"subcategory_slug":"tops","subcategory4_slug":null,"brand_id":25857,"subcategory3":"","subcategory_id":732,"subcategory3_slug":null,"subcategory2":"","subcategory4":"","category_id":4,"subcategory2_slug":null,"store_slug":"josh-v","subcategory":"tops","category":"clothing","brand":"josh v","category_slug":"clothing","sales":[],"variants":[{"title":"Taylor Top","colour":"pink","colourimageurl":"","images":{"productimage480_jpg":"https://cdn.obsassets.com/joshv/josh-v-taylor-top-4bca8_480X480.jpg","productimage130_png":"https://cdn.obsassets.com/joshv/josh-v-taylor-top-4bca8_130X130.png","productimage80_jpg":"https://cdn.obsassets.com/joshv/josh-v-taylor-top-4bca8_80X80.jpg","productimage80_png":"https://cdn.obsassets.com/joshv/josh-v-taylor-top-4bca8_80X80.png","productimage":"https://joshv.com/uk/../media/catalog/product/t/a/taylor-bohemian_nude-top-joshv-spring-2019-front_4.jpg","productimage180_jpg":"https://cdn.obsassets.com/joshv/josh-v-taylor-top-4bca8_180X180.jpg"},"size_variants":[{"slug":"josh-v-taylor-top-4bca8","guid":"c206e7b21f8935f1f716e110f5168f84d69d3cbad43b14082d5614c337d4bca8","status":1,"size":"XS","saleprice":71.99,"msrp":71.99,"offers":0,"stock":"In Stock","url":"https://joshv.com/uk/jv-jv-1901-1106-125-2?joshv.com/uk/","free_delivery":{"saleprice":71.99,"GB":null,"US":null,"INTERNATIONAL":null},"quantity":0}]}]},{"store_id":112,"affiliate_id":3,"subcategory2_id":0,"storename":"asos","subcategory3_id":0,"subcategory4_id":0,"subcategory_slug":"tops","subcategory4_slug":null,"brand_id":26180,"subcategory3":"","subcategory_id":732,"subcategory3_slug":null,"subcategory2":"","subcategory4":"","category_id":4,"subcategory2_slug":null,"store_slug":"asos","subcategory":"tops","category":"clothing","brand":"asos design","category_slug":"clothing","sales":[],"variants":[{"title":"Denim Cropped Shirred Top","colour":"blue","colourimageurl":"","images":{"productimage480_jpg":"https://cdn.obsassets.com/asos/asos-design-denim-cropped-shirred-top-e80b6_480X480.jpg","productimage130_png":"https://cdn.obsassets.com/asos/asos-design-denim-cropped-shirred-top-e80b6_130X130.png","productimage80_jpg":"https://cdn.obsassets.com/asos/asos-design-denim-cropped-shirred-top-e80b6_80X80.jpg","productimage80_png":"https://cdn.obsassets.com/asos/asos-design-denim-cropped-shirred-top-e80b6_80X80.png","productimage":"https://images.asos-media.com/products/asos-design-denim-cropped-shirred-top-in-blue/11245549-1-blue?$XXL$","productimage180_jpg":"https://cdn.obsassets.com/asos/asos-design-denim-cropped-shirred-top-e80b6_180X180.jpg"},"size_variants":[{"slug":"asos-design-denim-cropped-shirred-top-e80b6","guid":"37420a1c2573625a5c104316971cafc3fb47b2e67ff2ea1b14ad978e99ce80b6","status":1,"size":"12","saleprice":14.5,"msrp":14.5,"offers":0,"stock":"Out Of Stock","url":"https://www.awin1.com/pclick.php?p=23477295419&a=209487&m=5678?www.asos.com","free_delivery":{"saleprice":14.5,"GB":30,"US":31.66,"INTERNATIONAL":null},"quantity":0}]}]},{"store_id":191,"affiliate_id":3,"subcategory2_id":0,"storename":"josh v","subcategory3_id":0,"subcategory4_id":0,"subcategory_slug":"tops","subcategory4_slug":null,"brand_id":25857,"subcategory3":"","subcategory_id":732,"subcategory3_slug":null,"subcategory2":"","subcategory4":"","category_id":4,"subcategory2_slug":null,"store_slug":"josh-v","subcategory":"tops","category":"clothing","brand":"josh v","category_slug":"clothing","sales":[],"variants":[{"title":"Cibella Top","colour":"yellow","colourimageurl":"","images":{"productimage480_jpg":"https://cdn.obsassets.com/joshv/josh-v-cibella-top-5233f_480X480.jpg","productimage130_png":"https://cdn.obsassets.com/joshv/josh-v-cibella-top-5233f_130X130.png","productimage80_jpg":"https://cdn.obsassets.com/joshv/josh-v-cibella-top-5233f_80X80.jpg","productimage80_png":"https://cdn.obsassets.com/joshv/josh-v-cibella-top-5233f_80X80.png","productimage":"https://joshv.com/uk/../media/catalog/product/c/i/cibella-daisy_yellow-top-joshv-spring-2019-front_2.jpg","productimage180_jpg":"https://cdn.obsassets.com/joshv/josh-v-cibella-top-5233f_180X180.jpg"},"size_variants":[{"slug":"josh-v-cibella-top-5233f","guid":"868998cbbcfbca500f7e8f0c27a615def5e8b358ec90b339c4bf2cb665e5233f","status":1,"size":"M","saleprice":98.99,"msrp":98.99,"offers":0,"stock":"In Stock","url":"https://joshv.com/uk/jv-jv-1902-0106-126-4?joshv.com/uk/","free_delivery":{"saleprice":98.99,"GB":null,"US":null,"INTERNATIONAL":null},"quantity":0}]}]},{"store_id":17,"affiliate_id":3,"subcategory2_id":0,"storename":"dorothy perkins","subcategory3_id":0,"subcategory4_id":0,"subcategory_slug":"tops","subcategory4_slug":null,"brand_id":15260,"subcategory3":"","subcategory_id":732,"subcategory3_slug":null,"subcategory2":"","subcategory4":"","category_id":4,"subcategory2_slug":null,"store_slug":"dorothy-perkins","subcategory":"tops","category":"clothing","brand":"girls on film","category_slug":"clothing","sales":[],"variants":[{"title":"Cobalt Velvet Top","colour":null,"colourimageurl":"","images":{"productimage480_jpg":"https://cdn.obsassets.com/dorothyperkins/girls-on-film-cobalt-velvet-top-95099_480X480.jpg","productimage130_png":"https://cdn.obsassets.com/dorothyperkins/girls-on-film-cobalt-velvet-top-95099_130X130.png","productimage80_jpg":"https://cdn.obsassets.com/dorothyperkins/girls-on-film-cobalt-velvet-top-95099_80X80.jpg","productimage80_png":"https://cdn.obsassets.com/dorothyperkins/girls-on-film-cobalt-velvet-top-95099_80X80.png","productimage":"https://images.dorothyperkins.com/i/DorothyPerkins/DP68300337_F_1.jpg?$Zoom$","productimage180_jpg":"https://cdn.obsassets.com/dorothyperkins/girls-on-film-cobalt-velvet-top-95099_180X180.jpg"},"size_variants":[{"slug":"girls-on-film-cobalt-velvet-top-95099","guid":"8eef6936ef59e808afcd0bf8ddf98d41edffc450fd35cb1c741e911574f95099","status":1,"size":"6","saleprice":16.8,"msrp":24,"offers":30,"stock":"In Stock","url":"https://www.awin1.com/pclick.php?p=26104040475&a=209487&m=1134?www.dorothyperkins.com","free_delivery":{"saleprice":16.8,"GB":50,"US":38.5,"INTERNATIONAL":null},"quantity":0}]}]},{"store_id":148,"affiliate_id":3,"subcategory2_id":0,"storename":"designer desirables","subcategory3_id":0,"subcategory4_id":0,"subcategory_slug":"tops","subcategory4_slug":null,"brand_id":24130,"subcategory3":"","subcategory_id":732,"subcategory3_slug":null,"subcategory2":"","subcategory4":"","category_id":4,"subcategory2_slug":null,"store_slug":"designer-desirables","subcategory":"tops","category":"clothing","brand":"my story","category_slug":"clothing","sales":[],"variants":[{"title":"Aqua Marble Chiffon Neon Beaded Tassle Kaftan ","colour":"aqua","colourimageurl":"","images":{"productimage480_jpg":"https://cdn.obsassets.com/designerdesirables/my-story-aqua-marble-chiffon-neon-beaded-tassle-kaftan-9e45b_480X480.jpg","productimage130_png":"https://cdn.obsassets.com/designerdesirables/my-story-aqua-marble-chiffon-neon-beaded-tassle-kaftan-9e45b_130X130.png","productimage80_jpg":"https://cdn.obsassets.com/designerdesirables/my-story-aqua-marble-chiffon-neon-beaded-tassle-kaftan-9e45b_80X80.jpg","productimage80_png":"https://cdn.obsassets.com/designerdesirables/my-story-aqua-marble-chiffon-neon-beaded-tassle-kaftan-9e45b_80X80.png","productimage":"https://www.designerdesirables.com/images/products/1525107883-96027000.jpg","productimage180_jpg":"https://cdn.obsassets.com/designerdesirables/my-story-aqua-marble-chiffon-neon-beaded-tassle-kaftan-9e45b_180X180.jpg"},"size_variants":[{"slug":"my-story-aqua-marble-chiffon-neon-beaded-tassle-kaftan-9e45b","guid":"170f4852e85c1a87a8dfdd6a1ea831e834efb2c964537c878035d2733969e45b","status":1,"size":"One Size","saleprice":65,"msrp":129.99,"offers":50,"stock":"In Stock","url":"https://www.designerdesirables.com/tops-c9/holiday-beach-tops-c112/aqua-marble-chiffon-neon-beaded-tassle-kaftan-p35552?www.designerdesirables.com/","free_delivery":{"saleprice":65,"GB":150,"US":null,"INTERNATIONAL":null},"quantity":0}]}]},{"store_id":112,"affiliate_id":3,"subcategory2_id":2485,"storename":"asos","subcategory3_id":0,"subcategory4_id":0,"subcategory_slug":"tops","subcategory4_slug":null,"brand_id":26180,"subcategory3":"","subcategory_id":732,"subcategory3_slug":null,"subcategory2":"maternity top","subcategory4":"","category_id":4,"subcategory2_slug":"maternity-top","store_slug":"asos","subcategory":"tops","category":"clothing","brand":"asos design","category_slug":"clothing","sales":[],"variants":[{"title":"Maternity Embellished Top With Split Sleeve Detail","colour":"brown","colourimageurl":"","images":{"productimage480_jpg":"https://cdn.obsassets.com/asos/asos-design-maternity-embellished-top-with-split-sleeve-detail-24592_480X480.jpg","productimage130_png":"https://cdn.obsassets.com/asos/asos-design-maternity-embellished-top-with-split-sleeve-detail-24592_130X130.png","productimage80_jpg":"https://cdn.obsassets.com/asos/asos-design-maternity-embellished-top-with-split-sleeve-detail-24592_80X80.jpg","productimage80_png":"https://cdn.obsassets.com/asos/asos-design-maternity-embellished-top-with-split-sleeve-detail-24592_80X80.png","productimage":"https://images.asos-media.com/products/asos-design-maternity-embellished-top-with-split-sleeve-detail/13031145-1-nude?$XXLrmbnrbtm$","productimage180_jpg":"https://cdn.obsassets.com/asos/asos-design-maternity-embellished-top-with-split-sleeve-detail-24592_180X180.jpg"},"size_variants":[{"slug":"asos-design-maternity-embellished-top-with-split-sleeve-detail-24592","guid":"ecf0eee409deb4a9648b6f73e80ef15bd7e7e0fed1f122de3e1785cbf0d24592","status":1,"size":"16","saleprice":22,"msrp":22,"offers":0,"stock":"In Stock","url":"https://www.awin1.com/pclick.php?p=25160137809&a=209487&m=5678?www.asos.com","free_delivery":{"saleprice":22,"GB":30,"US":31.66,"INTERNATIONAL":null},"quantity":0}]}]},{"store_id":112,"affiliate_id":3,"subcategory2_id":0,"storename":"asos","subcategory3_id":0,"subcategory4_id":0,"subcategory_slug":"tops","subcategory4_slug":null,"brand_id":26180,"subcategory3":"","subcategory_id":732,"subcategory3_slug":null,"subcategory2":"","subcategory4":"","category_id":4,"subcategory2_slug":null,"store_slug":"asos","subcategory":"tops","category":"clothing","brand":"asos design","category_slug":"clothing","sales":[],"variants":[{"title":"Petite Square Neck Top","colour":null,"colourimageurl":"","images":{"productimage480_jpg":"https://cdn.obsassets.com/asos/asos-design-petite-square-neck-top-ae588_480X480.jpg","productimage130_png":"https://cdn.obsassets.com/asos/asos-design-petite-square-neck-top-ae588_130X130.png","productimage80_jpg":"https://cdn.obsassets.com/asos/asos-design-petite-square-neck-top-ae588_80X80.jpg","productimage80_png":"https://cdn.obsassets.com/asos/asos-design-petite-square-neck-top-ae588_80X80.png","productimage":"https://images.asos-media.com/products/asos-design-petite-square-neck-top-in-cream/13245904-1-cream?$XXLrmbnrbtm$","productimage180_jpg":"https://cdn.obsassets.com/asos/asos-design-petite-square-neck-top-ae588_180X180.jpg"},"size_variants":[{"slug":"asos-design-petite-square-neck-top-ae588","guid":"66fb5b7ffc23fe16e8390c5bc9ece87230d136f33a3a33cbbc4d557f7e3ae588","status":1,"size":"16","saleprice":14,"msrp":14,"offers":0,"stock":"In Stock","url":"https://www.awin1.com/pclick.php?p=25109883383&a=209487&m=5678?www.asos.com","free_delivery":{"saleprice":14,"GB":30,"US":31.66,"INTERNATIONAL":null},"quantity":0}]}]},{"store_id":112,"affiliate_id":3,"subcategory2_id":0,"storename":"asos","subcategory3_id":0,"subcategory4_id":0,"subcategory_slug":"tops","subcategory4_slug":null,"brand_id":26180,"subcategory3":"","subcategory_id":732,"subcategory3_slug":null,"subcategory2":"","subcategory4":"","category_id":4,"subcategory2_slug":null,"store_slug":"asos","subcategory":"tops","category":"clothing","brand":"asos design","category_slug":"clothing","sales":[],"variants":[{"title":"Short Sleeve Satin Top With Scoop Neck And Shoulder Detail","colour":"green","colourimageurl":"","images":{"productimage480_jpg":"https://cdn.obsassets.com/asos/asos-design-short-sleeve-satin-top-with-scoop-neck-and-shoulder-detail-f1470_480X480.jpg","productimage130_png":"https://cdn.obsassets.com/asos/asos-design-short-sleeve-satin-top-with-scoop-neck-and-shoulder-detail-f1470_130X130.png","productimage80_jpg":"https://cdn.obsassets.com/asos/asos-design-short-sleeve-satin-top-with-scoop-neck-and-shoulder-detail-f1470_80X80.jpg","productimage80_png":"https://cdn.obsassets.com/asos/asos-design-short-sleeve-satin-top-with-scoop-neck-and-shoulder-detail-f1470_80X80.png","productimage":"https://images.asos-media.com/products/asos-design-short-sleeve-satin-top-with-scoop-neck-and-shoulder-detail/12423481-1-green?$XXL$","productimage180_jpg":"https://cdn.obsassets.com/asos/asos-design-short-sleeve-satin-top-with-scoop-neck-and-shoulder-detail-f1470_180X180.jpg"},"size_variants":[{"slug":"asos-design-short-sleeve-satin-top-with-scoop-neck-and-shoulder-detail-f1470","guid":"dd68c619a517602165e91c3b10c5d64874b9842887d1682c170fe780239f1470","status":1,"size":"8","saleprice":17.5,"msrp":17.5,"offers":0,"stock":"In Stock","url":"https://www.awin1.com/pclick.php?p=24959608047&a=209487&m=5678?www.asos.com","free_delivery":{"saleprice":17.5,"GB":30,"US":31.66,"INTERNATIONAL":null},"quantity":0}]}]},{"store_id":112,"affiliate_id":3,"subcategory2_id":2223,"storename":"asos","subcategory3_id":0,"subcategory4_id":0,"subcategory_slug":"tops","subcategory4_slug":null,"brand_id":26180,"subcategory3":"","subcategory_id":732,"subcategory3_slug":null,"subcategory2":"crop top","subcategory4":"","category_id":4,"subcategory2_slug":"crop-top","store_slug":"asos","subcategory":"tops","category":"clothing","brand":"asos design","category_slug":"clothing","sales":[],"variants":[{"title":"Curve Square Neck Crop Top","colour":null,"colourimageurl":"","images":{"productimage480_jpg":"https://cdn.obsassets.com/asos/asos-design-curve-square-neck-crop-top-19a31_480X480.jpg","productimage130_png":"https://cdn.obsassets.com/asos/asos-design-curve-square-neck-crop-top-19a31_130X130.png","productimage80_jpg":"https://cdn.obsassets.com/asos/asos-design-curve-square-neck-crop-top-19a31_80X80.jpg","productimage80_png":"https://cdn.obsassets.com/asos/asos-design-curve-square-neck-crop-top-19a31_80X80.png","productimage":"https://images.asos-media.com/products/asos-design-curve-square-neck-crop-top-in-stripe/12087745-1-mono?$XXLrmbnrbtm$","productimage180_jpg":"https://cdn.obsassets.com/asos/asos-design-curve-square-neck-crop-top-19a31_180X180.jpg"},"size_variants":[{"slug":"asos-design-curve-square-neck-crop-top-19a31","guid":"a721c59d83e7fa7846dd7558e24f6cbb4c5758fe602f4d34da19f68bb0319a31","status":1,"size":"24","saleprice":5.5,"msrp":5.5,"offers":0,"stock":"Out Of Stock","url":"https://www.awin1.com/pclick.php?p=24959355273&a=209487&m=5678?www.asos.com","free_delivery":{"saleprice":5.5,"GB":30,"US":31.66,"INTERNATIONAL":null},"quantity":0}]}]},{"store_id":112,"affiliate_id":3,"subcategory2_id":0,"storename":"asos","subcategory3_id":0,"subcategory4_id":0,"subcategory_slug":"tops","subcategory4_slug":null,"brand_id":17207,"subcategory3":"","subcategory_id":732,"subcategory3_slug":null,"subcategory2":"","subcategory4":"","category_id":4,"subcategory2_slug":null,"store_slug":"asos","subcategory":"tops","category":"clothing","brand":"john zack petite","category_slug":"clothing","sales":[],"variants":[{"title":"Velvet Wrap Front Fluted Hem Top","colour":"pink","colourimageurl":"","images":{"productimage480_jpg":"https://cdn.obsassets.com/asos/john-zack-petite-velvet-wrap-front-fluted-hem-top-d74a0_480X480.jpg","productimage130_png":"https://cdn.obsassets.com/asos/john-zack-petite-velvet-wrap-front-fluted-hem-top-d74a0_130X130.png","productimage80_jpg":"https://cdn.obsassets.com/asos/john-zack-petite-velvet-wrap-front-fluted-hem-top-d74a0_80X80.jpg","productimage80_png":"https://cdn.obsassets.com/asos/john-zack-petite-velvet-wrap-front-fluted-hem-top-d74a0_80X80.png","productimage":"https://images.asos-media.com/products/john-zack-petite-velvet-wrap-front-fluted-hem-top-in-pink/13620108-1-pink?$XXLrmbnrbtm$","productimage180_jpg":"https://cdn.obsassets.com/asos/john-zack-petite-velvet-wrap-front-fluted-hem-top-d74a0_180X180.jpg"},"size_variants":[{"slug":"john-zack-petite-velvet-wrap-front-fluted-hem-top-d74a0","guid":"e92a3fa670df79856eef75f4ee3e073ee11b6b2cc8d0deb3ac24ef53e7fd74a0","status":1,"size":"10","saleprice":35,"msrp":35,"offers":0,"stock":"In Stock","url":"https://www.awin1.com/pclick.php?p=25127170333&a=209487&m=5678?www.asos.com","free_delivery":{"saleprice":35,"GB":30,"US":31.66,"INTERNATIONAL":null},"quantity":0}]}]},{"store_id":112,"affiliate_id":3,"subcategory2_id":0,"storename":"asos","subcategory3_id":0,"subcategory4_id":0,"subcategory_slug":"tops","subcategory4_slug":null,"brand_id":26180,"subcategory3":"","subcategory_id":732,"subcategory3_slug":null,"subcategory2":"","subcategory4":"","category_id":4,"subcategory2_slug":null,"store_slug":"asos","subcategory":"tops","category":"clothing","brand":"asos design","category_slug":"clothing","sales":[],"variants":[{"title":"Off Shoulder Top With Lace Up Detail","colour":"black","colourimageurl":"","images":{"productimage480_jpg":"https://cdn.obsassets.com/asos/asos-design-off-shoulder-top-with-lace-up-detail-6106b_480X480.jpg","productimage130_png":"https://cdn.obsassets.com/asos/asos-design-off-shoulder-top-with-lace-up-detail-6106b_130X130.png","productimage80_jpg":"https://cdn.obsassets.com/asos/asos-design-off-shoulder-top-with-lace-up-detail-6106b_80X80.jpg","productimage80_png":"https://cdn.obsassets.com/asos/asos-design-off-shoulder-top-with-lace-up-detail-6106b_80X80.png","productimage":"https://images.asos-media.com/products/asos-design-off-shoulder-top-with-lace-up-detail-in-textured-cotton/11653487-1-tan?$XXL$","productimage180_jpg":"https://cdn.obsassets.com/asos/asos-design-off-shoulder-top-with-lace-up-detail-6106b_180X180.jpg"},"size_variants":[{"slug":"asos-design-off-shoulder-top-with-lace-up-detail-6106b","guid":"776d850eea05be08293aace5fcd8dad5c22f1452f49f189bdbf9fcc75dc6106b","status":1,"size":"12","saleprice":6,"msrp":6,"offers":0,"stock":"Out Of Stock","url":"https://www.awin1.com/pclick.php?p=24958884759&a=209487&m=5678?www.asos.com","free_delivery":{"saleprice":6,"GB":30,"US":31.66,"INTERNATIONAL":null},"quantity":0}]}]},{"store_id":191,"affiliate_id":3,"subcategory2_id":0,"storename":"josh v","subcategory3_id":0,"subcategory4_id":0,"subcategory_slug":"tops","subcategory4_slug":null,"brand_id":25857,"subcategory3":"","subcategory_id":732,"subcategory3_slug":null,"subcategory2":"","subcategory4":"","category_id":4,"subcategory2_slug":null,"store_slug":"josh-v","subcategory":"tops","category":"clothing","brand":"josh v","category_slug":"clothing","sales":[],"variants":[{"title":"Teo Top","colour":"pink","colourimageurl":"","images":{"productimage480_jpg":"https://cdn.obsassets.com/joshv/josh-v-teo-top-a23c8_480X480.jpg","productimage130_png":"https://cdn.obsassets.com/joshv/josh-v-teo-top-a23c8_130X130.png","productimage80_jpg":"https://cdn.obsassets.com/joshv/josh-v-teo-top-a23c8_80X80.jpg","productimage80_png":"https://cdn.obsassets.com/joshv/josh-v-teo-top-a23c8_80X80.png","productimage":"https://joshv.com/uk/../media/catalog/product/t/e/teo-bohemian_nude-top-joshv-spring-2019-front.jpg","productimage180_jpg":"https://cdn.obsassets.com/joshv/josh-v-teo-top-a23c8_180X180.jpg"},"size_variants":[{"slug":"josh-v-teo-top-a23c8","guid":"c7e2fc2ee735ec5ac2f7f18703bfd65562ad79e313faca5bfc630bf9c5fa23c8","status":1,"size":"XL","saleprice":80.99,"msrp":80.99,"offers":0,"stock":"In Stock","url":"https://joshv.com/uk/jv-jv-1901-1104-125-6?joshv.com/uk/","free_delivery":{"saleprice":80.99,"GB":null,"US":null,"INTERNATIONAL":null},"quantity":0}]}]},{"store_id":191,"affiliate_id":3,"subcategory2_id":0,"storename":"josh v","subcategory3_id":0,"subcategory4_id":0,"subcategory_slug":"tops","subcategory4_slug":null,"brand_id":25857,"subcategory3":"","subcategory_id":732,"subcategory3_slug":null,"subcategory2":"","subcategory4":"","category_id":4,"subcategory2_slug":null,"store_slug":"josh-v","subcategory":"tops","category":"clothing","brand":"josh v","category_slug":"clothing","sales":[],"variants":[{"title":"Cibella Top","colour":"yellow","colourimageurl":"","images":{"productimage480_jpg":"https://cdn.obsassets.com/joshv/josh-v-cibella-top-17228_480X480.jpg","productimage130_png":"https://cdn.obsassets.com/joshv/josh-v-cibella-top-17228_130X130.png","productimage80_jpg":"https://cdn.obsassets.com/joshv/josh-v-cibella-top-17228_80X80.jpg","productimage80_png":"https://cdn.obsassets.com/joshv/josh-v-cibella-top-17228_80X80.png","productimage":"https://joshv.com/uk/../media/catalog/product/c/i/cibella-daisy_yellow-top-joshv-spring-2019-front.jpg","productimage180_jpg":"https://cdn.obsassets.com/joshv/josh-v-cibella-top-17228_180X180.jpg"},"size_variants":[{"slug":"josh-v-cibella-top-17228","guid":"4b6ecc55cb7e7756efae91ca4e52222118f799882ccaa6809bb65bfe8a117228","status":1,"size":"XL","saleprice":98.99,"msrp":98.99,"offers":0,"stock":"In Stock","url":"https://joshv.com/uk/jv-jv-1902-0106-126-6?joshv.com/uk/","free_delivery":{"saleprice":98.99,"GB":null,"US":null,"INTERNATIONAL":null},"quantity":0}]}]}]},"msg":"Here is the search results.","status":200}}
200
Tops for Women
]]></system-out>
  </testcase>
  <testcase name="search" classname="com.obsessory.api.womens.womensAPI2" time="2.421">
    <system-out><![CDATA[{"response":{"data":{"key":"Outerwear for Women","timeTaken":1.218,"totalCount":3367,"debug":"\n       \"query\":{\n         \"bool\":{\n           \"must\":[\n                 \n          {\n               \"nested\": {\n                   \"path\": \"variants\",\n                   \n                   \"inner_hits\" : {\n                      \"_source\": { \"includes\":[\"variants.title\",\"variants.colour\",\"variants.rgb_colours\",\"variants.colourimageurl\",\"variants.images.productimage\",\"variants.images.productimage80_png\",\"variants.images.productimage130_png\",\"variants.images.productimage180_jpg\",\"variants.images.productimage80_jpg\",\"variants.images.productimage480_jpg\"]}\n                   },\n                   \"query\": {\n                      \"bool\":{\n                         \"must\":[\n                            {\n                                \"nested\":{\n                                   \"path\":\"variants.size_variants\",\n                                   \"inner_hits\":{},\n                                   \n                                   \"query\":{\n                                      \"bool\":{\n                                       \"must\":[\n                                          {\n          \"terms\":{\n              \"variants.size_variants.status\":[0,1]\n          }\n        }\n      \n                                         ],\n                                        \"must_not\":[\n                                             { \"terms\" : { \"variants.size_variants.guid\" : [] }},\n                                             { \"term\" : { \"variants.size_variants.qa_check_status\" : \"hide\" }}\n                                        ]\n                                      }\n                                   }\n                                }\n                             }\n                              ,{\n          \"term\":{\n              \"variants.internationaldelivery\":\"GB\"\n          }\n        }\n      \n\n                         ]\n                      }\n                   }\n               }\n           }\n       ,\n{\n            \"query_string\" : {\n                \"query\": \"(department:women) AND ((subcategory_slug:outerwear))\",\n                \"minimum_should_match\":\"85%\"\n       \t\t\t}\n   \t\t\t}\n    ,\n            {\n               \"nested\":{\n                  \"path\":\"scores\",\n                  \"query\":{\n                     \"function_score\":{\n                        \"script_score\":{\n                           \"script\":{\n                              \"inline\":\"( (4 * ((doc['scores.product_score'].value == 0) ? 1 : doc['scores.product_score'].value)) + (2 * doc['scores.brand_score'].value) + (3 * doc['scores.store_score'].value) + (8 * doc['scores.seed'].value)) / 17\",\n                              \"lang\":\"painless\"\n                           }\n                        },\n                        \"score_mode\":\"avg\",\n                        \"boost_mode\":\"avg\"\n                     }\n                  },\n                  \"score_mode\":\"avg\"\n               }\n            }\n     \n              ]\n             }\n          }\n     ","breadCrumb":[],"flQuery":{"subcategory":"outerwear","link":"/outerwear"},"canonicalUrl":"/outerwear","description":"<p>\r\n\tLayer up and stay warm in stylish coats and jackets from over<em>&nbsp;</em>2000&nbsp;<a href=\"https://www.obsessory.com/outerwear\" target=\"_blank\"><strong>products</strong></a><strong>.</strong> You will find<strong>&nbsp;<a href=\"https://www.obsessory.com/jackets\" target=\"_blank\">jackets</a></strong>,<a href=\"https://www.obsessory.com/coats\" target=\"_blank\"><strong> coats</strong></a>,&nbsp;<a href=\"https://www.obsessory.com/blazers\" target=\"_blank\"><strong>blazers</strong></a>,<strong>&nbsp;</strong><a href=\"https://www.obsessory.com/ponchos\" target=\"_blank\"><strong>ponchos</strong></a> and many more styles that are hot this season.  Our assortment consists of&nbsp;<a href=\"https://www.obsessory.com/alexander-mcqueen-blazers\" target=\"_blank\"><strong>Mcqueen blazers</strong></a>,&nbsp;<a href=\"https://www.obsessory.com/new-look-ponchos\" target=\"_blank\"><strong>New Look</strong></a><strong>&nbsp;</strong>knitted ponchos,<strong>&nbsp;</strong><a href=\"https://www.obsessory.com/miu-miu-coats\" target=\"_blank\"><strong>Miu Miu</strong></a><strong>&nbsp;</strong>coats with front snaps and&nbsp;<a href=\"https://www.obsessory.com/gant-outerwear\" target=\"_blank\"><strong>Gant</strong></a><strong>&nbsp;</strong>puffer vests, to name a view. From regular everyday use to social events, our assortment has something for every occasion and in a versatile range of £5 to £9750. You will find<strong>&nbsp;</strong><a href=\"https://www.obsessory.com/gilets\" target=\"_blank\"><strong>gilets</strong></a> in muted hues, fringe trim ponchos and sequined jackets in the curated collection making it all uniquely stylish and cool.&nbsp;</p>","products":[{"store_id":64,"affiliate_id":3,"subcategory2_id":0,"storename":"yoox","subcategory3_id":0,"subcategory4_id":0,"subcategory_slug":"outerwear","subcategory4_slug":null,"brand_id":809,"subcategory3":"","subcategory_id":101,"subcategory3_slug":null,"subcategory2":"","subcategory4":"","category_id":4,"subcategory2_slug":null,"store_slug":"yoox","subcategory":"outerwear","category":"clothing","brand":"denim & supply ralph lauren","category_slug":"clothing","sales":[],"variants":[{"title":"Denim Denim Outerwear","colour":"blue","colourimageurl":"","images":{"productimage480_jpg":"https://cdn.obsassets.com/yoox/denim-supply-ralph-lauren-denim-denim-outerwear-b847d_480X480.jpg","productimage130_png":"https://cdn.obsassets.com/yoox/denim-supply-ralph-lauren-denim-denim-outerwear-b847d_130X130.png","productimage80_jpg":"https://cdn.obsassets.com/yoox/denim-supply-ralph-lauren-denim-denim-outerwear-b847d_80X80.jpg","productimage80_png":"https://cdn.obsassets.com/yoox/denim-supply-ralph-lauren-denim-denim-outerwear-b847d_80X80.png","productimage":"http://cdn.yoox.biz/42/42528853IL_14_F.JPG","productimage180_jpg":"https://cdn.obsassets.com/yoox/denim-supply-ralph-lauren-denim-denim-outerwear-b847d_180X180.jpg"},"size_variants":[{"slug":"denim-supply-ralph-lauren-denim-denim-outerwear-women-5b3d6","guid":"db061733ede1ecdc98a1b93bd25609bed5a1f62942ece8e6b7cbf5f075e5b3d6","status":1,"size":"L","saleprice":120,"msrp":175,"offers":30,"stock":"In Stock","url":"http://www.awin1.com/pclick.php?p=3609069727&a=209487&m=2017?www.yoox.com","free_delivery":{"saleprice":120,"GB":null,"US":null,"INTERNATIONAL":null},"quantity":null},{"slug":"denim-supply-ralph-lauren-denim-denim-outerwear-b847d","guid":"78f9775af7a8952213fe4edb7ec5adce2b0fb762e72e9d5e2aff5616352b847d","status":1,"size":"M","saleprice":120,"msrp":175,"offers":30,"stock":"In Stock","url":"http://www.awin1.com/pclick.php?p=3609069725&a=209487&m=2017?www.yoox.com","free_delivery":{"saleprice":120,"GB":null,"US":null,"INTERNATIONAL":null},"quantity":null}]}]},{"store_id":64,"affiliate_id":3,"subcategory2_id":0,"storename":"yoox","subcategory3_id":0,"subcategory4_id":0,"subcategory_slug":"outerwear","subcategory4_slug":null,"brand_id":12994,"subcategory3":"","subcategory_id":101,"subcategory3_slug":null,"subcategory2":"","subcategory4":"","category_id":4,"subcategory2_slug":null,"store_slug":"yoox","subcategory":"outerwear","category":"clothing","brand":"twenty easy by kaos","category_slug":"clothing","sales":[],"variants":[{"title":"Denim Denim Outerwear","colour":"blue","colourimageurl":"","images":{"productimage480_jpg":"https://cdn.obsassets.com/yoox/twenty-easy-by-kaos-denim-denim-outerwear-4ce7c_480X480.jpg","productimage130_png":"https://cdn.obsassets.com/yoox/twenty-easy-by-kaos-denim-denim-outerwear-4ce7c_130X130.png","productimage80_jpg":"https://cdn.obsassets.com/yoox/twenty-easy-by-kaos-denim-denim-outerwear-4ce7c_80X80.jpg","productimage80_png":"https://cdn.obsassets.com/yoox/twenty-easy-by-kaos-denim-denim-outerwear-4ce7c_80X80.png","productimage":"http://cdn.yoox.biz/42/42532385IW_14_F.JPG","productimage180_jpg":"https://cdn.obsassets.com/yoox/twenty-easy-by-kaos-denim-denim-outerwear-4ce7c_180X180.jpg"},"size_variants":[{"slug":"twenty-easy-by-kaos-denim-denim-outerwear-4ce7c","guid":"8c8a57adbbd50857f41a92600c367d1d60d8c996e2af9184efd85e571d14ce7c","status":1,"size":"S","saleprice":21,"msrp":62,"offers":65,"stock":"In Stock","url":"http://www.awin1.com/pclick.php?p=3671153397&a=209487&m=2017?www.yoox.com","free_delivery":{"saleprice":21,"GB":null,"US":null,"INTERNATIONAL":null},"quantity":null}]}]},{"store_id":64,"affiliate_id":3,"subcategory2_id":0,"storename":"yoox","subcategory3_id":0,"subcategory4_id":0,"subcategory_slug":"outerwear","subcategory4_slug":null,"brand_id":45,"subcategory3":"","subcategory_id":101,"subcategory3_slug":null,"subcategory2":"","subcategory4":"","category_id":4,"subcategory2_slug":null,"store_slug":"yoox","subcategory":"outerwear","category":"clothing","brand":"blumarine","category_slug":"clothing","sales":[],"variants":[{"title":"Denim Denim Outerwear Women","colour":"silver","colourimageurl":"","images":{"productimage480_jpg":"https://cdn.obsassets.com/yoox/blumarine-denim-denim-outerwear-women-4e13f_480X480.jpg","productimage130_png":"https://cdn.obsassets.com/yoox/blumarine-denim-denim-outerwear-women-4e13f_130X130.png","productimage80_jpg":"https://cdn.obsassets.com/yoox/blumarine-denim-denim-outerwear-women-4e13f_80X80.jpg","productimage80_png":"https://images.obscdn.com/yoox/silver-yoox-blumarine-denim-denim-outerwear-women-outerwear-9f565e06c53ecf745f88a24ef711b34d4731e35556241e4c051837fcfb74e13f_80X80.png","productimage":"http://cdn.yoox.biz/42/42496426FR_14_F.JPG","productimage180_jpg":"https://cdn.obsassets.com/yoox/blumarine-denim-denim-outerwear-women-4e13f_180X180.jpg"},"size_variants":[{"slug":"blumarine-denim-denim-outerwear-women-4e13f","guid":"9f565e06c53ecf745f88a24ef711b34d4731e35556241e4c051837fcfb74e13f","status":1,"size":"10","saleprice":160,"msrp":217,"offers":25,"stock":"In Stock","url":"http://www.awin1.com/pclick.php?p=3532638799&a=209487&m=2017?www.yoox.com","free_delivery":{"saleprice":160,"GB":null,"US":null,"INTERNATIONAL":null},"quantity":null}]}]},{"store_id":64,"affiliate_id":3,"subcategory2_id":0,"storename":"yoox","subcategory3_id":0,"subcategory4_id":0,"subcategory_slug":"outerwear","subcategory4_slug":null,"brand_id":15588,"subcategory3":"","subcategory_id":101,"subcategory3_slug":null,"subcategory2":"","subcategory4":"","category_id":4,"subcategory2_slug":null,"store_slug":"yoox","subcategory":"outerwear","category":"clothing","brand":"le voliere","category_slug":"clothing","sales":[],"variants":[{"title":"Denim Denim Outerwear","colour":"white","colourimageurl":"","images":{"productimage480_jpg":"https://cdn.obsassets.com/yoox/le-voliere-denim-denim-outerwear-036ea_480X480.jpg","productimage130_png":"https://cdn.obsassets.com/yoox/le-voliere-denim-denim-outerwear-036ea_130X130.png","productimage80_jpg":"https://cdn.obsassets.com/yoox/le-voliere-denim-denim-outerwear-036ea_80X80.jpg","productimage80_png":"https://cdn.obsassets.com/yoox/le-voliere-denim-denim-outerwear-036ea_80X80.png","productimage":"http://cdn.yoox.biz/42/42618755PQ_14_F.JPG","productimage180_jpg":"https://cdn.obsassets.com/yoox/le-voliere-denim-denim-outerwear-036ea_180X180.jpg"},"size_variants":[{"slug":"le-voliere-denim-denim-outerwear-036ea","guid":"8af0ca0caacc23a95b69c63d7d52b669f410d82dde1e5f5f25c1991b2d6036ea","status":1,"size":"XS","saleprice":28,"msrp":84,"offers":65,"stock":"In Stock","url":"http://www.awin1.com/pclick.php?p=13431643467&a=209487&m=2017?www.yoox.com","free_delivery":{"saleprice":28,"GB":null,"US":null,"INTERNATIONAL":null},"quantity":null}]}]},{"store_id":102,"affiliate_id":3,"subcategory2_id":0,"storename":"ugg","subcategory3_id":0,"subcategory4_id":0,"subcategory_slug":"outerwear","subcategory4_slug":null,"brand_id":6563,"subcategory3":"","subcategory_id":101,"subcategory3_slug":null,"subcategory2":"","subcategory4":"","category_id":4,"subcategory2_slug":null,"store_slug":"ugg","subcategory":"outerwear","category":"clothing","brand":"ugg","category_slug":"clothing","sales":[],"variants":[{"title":"Renee Toscana Shearling Vest","colour":"black","colourimageurl":"","images":{"productimage480_jpg":"https://cdn.obsassets.com/ugg/ugg-renee-toscana-shearling-vest-2eb88_480X480.jpg","productimage130_png":"https://cdn.obsassets.com/ugg/ugg-renee-toscana-shearling-vest-2eb88_130X130.png","productimage80_jpg":"https://cdn.obsassets.com/ugg/ugg-renee-toscana-shearling-vest-2eb88_80X80.jpg","productimage80_png":"https://cdn.obsassets.com/ugg/ugg-renee-toscana-shearling-vest-2eb88_80X80.png","productimage":"https://production-eu-deckers.demandware.net/dw/image/v2/ABCR_PRD/on/demandware.static/-/Sites-masterCatalogUgg/default/dwa31911c2/images/grey/1017642-BLK_3.jpg?sw=900&sfrm=jpg","productimage180_jpg":"https://cdn.obsassets.com/ugg/ugg-renee-toscana-shearling-vest-2eb88_180X180.jpg"},"size_variants":[{"slug":"ugg-renee-toscana-shearling-vest-c59fa","guid":"e9b5d712a9c30c2d12f92ecba413e7f440f54c25f54f2abd81cd3215e3bc59fa","status":1,"size":"","saleprice":795,"msrp":795,"offers":0,"stock":"In Stock","url":"https://www.awin1.com/pclick.php?p=13816947557&a=209487&m=3382?www.uggaustralia.co.uk","free_delivery":{"saleprice":795,"GB":0,"US":0,"INTERNATIONAL":null},"quantity":0},{"slug":"ugg-renee-toscana-shearling-vest-c6adf","guid":"05dcdae3a528ffe4b72d1d50648760e98c0f15d775f9be6cf09737de26ec6adf","status":1,"size":"","saleprice":795,"msrp":795,"offers":0,"stock":"In Stock","url":"https://www.awin1.com/pclick.php?p=13816947565&a=209487&m=3382?www.uggaustralia.co.uk","free_delivery":{"saleprice":795,"GB":0,"US":0,"INTERNATIONAL":null},"quantity":0},{"slug":"ugg-renee-toscana-shearling-vest-a0189","guid":"3125ea71cd4640f7aa4fded67e39309bb7098696ec3e5f979001ccff2f6a0189","status":1,"size":"","saleprice":795,"msrp":795,"offers":0,"stock":"In Stock","url":"https://www.awin1.com/pclick.php?p=22507298903&a=209487&m=3382?www.uggaustralia.co.uk","free_delivery":{"saleprice":795,"GB":0,"US":0,"INTERNATIONAL":null},"quantity":0}]}]},{"store_id":64,"affiliate_id":3,"subcategory2_id":0,"storename":"yoox","subcategory3_id":0,"subcategory4_id":0,"subcategory_slug":"outerwear","subcategory4_slug":null,"brand_id":12930,"subcategory3":"","subcategory_id":101,"subcategory3_slug":null,"subcategory2":"","subcategory4":"","category_id":4,"subcategory2_slug":null,"store_slug":"yoox","subcategory":"outerwear","category":"clothing","brand":"tommy hilfiger denim","category_slug":"clothing","sales":[],"variants":[{"title":"Denim Denim Outerwear","colour":"blue","colourimageurl":"","images":{"productimage480_jpg":"https://cdn.obsassets.com/yoox/tommy-hilfiger-denim-denim-denim-outerwear-0f828_480X480.jpg","productimage130_png":"https://cdn.obsassets.com/yoox/tommy-hilfiger-denim-denim-denim-outerwear-0f828_130X130.png","productimage80_jpg":"https://cdn.obsassets.com/yoox/tommy-hilfiger-denim-denim-denim-outerwear-0f828_80X80.jpg","productimage80_png":"https://cdn.obsassets.com/yoox/tommy-hilfiger-denim-denim-denim-outerwear-0f828_80X80.png","productimage":"http://cdn.yoox.biz/42/42621051MN_14_F.JPG","productimage180_jpg":"https://cdn.obsassets.com/yoox/tommy-hilfiger-denim-denim-denim-outerwear-0f828_180X180.jpg"},"size_variants":[{"slug":"tommy-hilfiger-denim-denim-denim-outerwear-0f828","guid":"f0c6fb60ae1f0e526a2483ef5ff313782baea0259d57e01e4083569292f0f828","status":1,"size":"L","saleprice":142,"msrp":142,"offers":0,"stock":"In Stock","url":"http://www.awin1.com/pclick.php?p=13337021951&a=209487&m=2017?www.yoox.com","free_delivery":{"saleprice":142,"GB":null,"US":null,"INTERNATIONAL":null},"quantity":null}]}]},{"store_id":64,"affiliate_id":3,"subcategory2_id":0,"storename":"yoox","subcategory3_id":0,"subcategory4_id":0,"subcategory_slug":"outerwear","subcategory4_slug":null,"brand_id":15537,"subcategory3":"","subcategory_id":101,"subcategory3_slug":null,"subcategory2":"","subcategory4":"","category_id":4,"subcategory2_slug":null,"store_slug":"yoox","subcategory":"outerwear","category":"clothing","brand":"george j love","category_slug":"clothing","sales":[],"variants":[{"title":"George J. Love Denim Denim Outerwear ","colour":"blue","colourimageurl":"","images":{"productimage480_jpg":"https://cdn.obsassets.com/yoox/george-j-love-george-j-love-denim-denim-outerwear-116ae_480X480.jpg","productimage130_png":"https://cdn.obsassets.com/yoox/george-j-love-george-j-love-denim-denim-outerwear-116ae_130X130.png","productimage80_jpg":"https://cdn.obsassets.com/yoox/george-j-love-george-j-love-denim-denim-outerwear-116ae_80X80.jpg","productimage80_png":"https://cdn.obsassets.com/yoox/george-j-love-george-j-love-denim-denim-outerwear-116ae_80X80.png","productimage":"http://cdn.yoox.biz/42/42508445KG_14_F.JPG","productimage180_jpg":"https://cdn.obsassets.com/yoox/george-j-love-george-j-love-denim-denim-outerwear-116ae_180X180.jpg"},"size_variants":[{"slug":"george-j-love-george-j-love-denim-denim-outerwear-d9526","guid":"950e01f2945782b2ee5f3d1a8f21d6edeb9d62107883795db3c4bf4a99fd9526","status":1,"size":"L","saleprice":43,"msrp":102,"offers":55,"stock":"In Stock","url":"http://www.awin1.com/pclick.php?p=3532695185&a=209487&m=2017?www.yoox.com","free_delivery":{"saleprice":43,"GB":null,"US":null,"INTERNATIONAL":null},"quantity":null},{"slug":"george-j-love-george-j-love-denim-denim-outerwear-women-0c93d","guid":"4cddc56a3c74356efe17fabb14fc8d0c4eb57fb4d359c91e6b1c40f38700c93d","status":1,"size":"M","saleprice":43,"msrp":102,"offers":55,"stock":"In Stock","url":"http://www.awin1.com/pclick.php?p=3532695183&a=209487&m=2017?www.yoox.com","free_delivery":{"saleprice":43,"GB":null,"US":null,"INTERNATIONAL":null},"quantity":null},{"slug":"george-j-love-george-j-love-denim-denim-outerwear-116ae","guid":"f62723659c0df80acbc785b3384e6b1948043bdf066a931fa39ca682e74116ae","status":1,"size":"S","saleprice":43,"msrp":102,"offers":55,"stock":"In Stock","url":"http://www.awin1.com/pclick.php?p=3532695181&a=209487&m=2017?www.yoox.com","free_delivery":{"saleprice":43,"GB":null,"US":null,"INTERNATIONAL":null},"quantity":null}]}]},{"store_id":64,"affiliate_id":3,"subcategory2_id":0,"storename":"yoox","subcategory3_id":0,"subcategory4_id":0,"subcategory_slug":"outerwear","subcategory4_slug":null,"brand_id":0,"subcategory3":"","subcategory_id":101,"subcategory3_slug":null,"subcategory2":"","subcategory4":"","category_id":4,"subcategory2_slug":null,"store_slug":"yoox","subcategory":"outerwear","category":"clothing","brand":"dorisstreich","category_slug":"clothing","sales":[],"variants":[{"title":"Denim Denim Outerwear","colour":"blue","colourimageurl":"","images":{"productimage480_jpg":"https://cdn.obsassets.com/yoox/dorisstreich-denim-denim-outerwear-aa133_480X480.jpg","productimage130_png":"https://cdn.obsassets.com/yoox/dorisstreich-denim-denim-outerwear-aa133_130X130.png","productimage80_jpg":"https://cdn.obsassets.com/yoox/dorisstreich-denim-denim-outerwear-aa133_80X80.jpg","productimage80_png":"https://cdn.obsassets.com/yoox/dorisstreich-denim-denim-outerwear-aa133_80X80.png","productimage":"http://cdn.yoox.biz/42/42549502WF_14_F.JPG","productimage180_jpg":"https://cdn.obsassets.com/yoox/dorisstreich-denim-denim-outerwear-aa133_180X180.jpg"},"size_variants":[{"slug":"dorisstreich-denim-denim-outerwear-aa133","guid":"d8e4c64046525bd97ddb8f4ffbe1a503bb1a71d89d4e6bcde1482d97e4faa133","status":1,"size":"10","saleprice":45,"msrp":94,"offers":50,"stock":"In Stock","url":"http://www.awin1.com/pclick.php?p=9878833513&a=209487&m=2017?www.yoox.com","free_delivery":{"saleprice":45,"GB":null,"US":null,"INTERNATIONAL":null},"quantity":null}]}]},{"store_id":64,"affiliate_id":3,"subcategory2_id":0,"storename":"yoox","subcategory3_id":0,"subcategory4_id":0,"subcategory_slug":"outerwear","subcategory4_slug":null,"brand_id":89,"subcategory3":"","subcategory_id":101,"subcategory3_slug":null,"subcategory2":"","subcategory4":"","category_id":4,"subcategory2_slug":null,"store_slug":"yoox","subcategory":"outerwear","category":"clothing","brand":"dsquared2","category_slug":"clothing","sales":[],"variants":[{"title":"Denim Denim Outerwear","colour":"red","colourimageurl":"","images":{"productimage480_jpg":"https://cdn.obsassets.com/yoox/dsquared2-denim-denim-outerwear-c2f2b_480X480.jpg","productimage130_png":"https://cdn.obsassets.com/yoox/dsquared2-denim-denim-outerwear-c2f2b_130X130.png","productimage80_jpg":"https://cdn.obsassets.com/yoox/dsquared2-denim-denim-outerwear-c2f2b_80X80.jpg","productimage80_png":"https://cdn.obsassets.com/yoox/dsquared2-denim-denim-outerwear-c2f2b_80X80.png","productimage":"http://cdn.yoox.biz/41/41672858TM_14_F.JPG","productimage180_jpg":"https://cdn.obsassets.com/yoox/dsquared2-denim-denim-outerwear-c2f2b_180X180.jpg"},"size_variants":[{"slug":"dsquared2-denim-denim-outerwear-c2f2b","guid":"c0cd91a94a5a08dcc2b89799f93d82b56b301d785957da84f97371266ddc2f2b","status":1,"size":"12","saleprice":410,"msrp":540,"offers":25,"stock":"In Stock","url":"http://www.awin1.com/pclick.php?p=3684852967&a=209487&m=2017?www.yoox.com","free_delivery":{"saleprice":410,"GB":null,"US":null,"INTERNATIONAL":null},"quantity":null}]}]},{"store_id":49,"affiliate_id":4,"subcategory2_id":0,"storename":"rubbersole","subcategory3_id":0,"subcategory4_id":0,"subcategory_slug":"outerwear","subcategory4_slug":null,"brand_id":24687,"subcategory3":"","subcategory_id":101,"subcategory3_slug":null,"subcategory2":"","subcategory4":"","category_id":4,"subcategory2_slug":null,"store_slug":"rubbersole","subcategory":"outerwear","category":"clothing","brand":"80db original","category_slug":"clothing","sales":[],"variants":[{"title":"Kalix Windbreakers","colour":"white","colourimageurl":"","images":{"productimage480_jpg":"https://cdn.obsassets.com/rubbersole/80db-original-kalix-windbreakers-4b360_480X480.jpg","productimage130_png":"https://cdn.obsassets.com/rubbersole/80db-original-kalix-windbreakers-4b360_130X130.png","productimage80_jpg":"https://cdn.obsassets.com/rubbersole/80db-original-kalix-windbreakers-4b360_80X80.jpg","productimage80_png":"https://cdn.obsassets.com/rubbersole/80db-original-kalix-windbreakers-4b360_80X80.png","productimage":"http://photos6.rubbersole.co.uk/photos/684/6846237/6846237_1200_A.jpg","productimage180_jpg":"https://cdn.obsassets.com/rubbersole/80db-original-kalix-windbreakers-4b360_180X180.jpg"},"size_variants":[{"slug":"80db-original-kalix-windbreakers-4b360","guid":"b5da4dd66893f99a778995bab8652b153eaac6a723cb37efb5fd565ba334b360","status":1,"size":"","saleprice":100.1,"msrp":100.1,"offers":0,"stock":"In Stock","url":"https://track.webgains.com/click.html?wgcampaignid=157071&wgprogramid=3552&product=1&wglinkid=107909&productname=80DB+Original++KALIX++women's+Windbreakers+in+White&wgtarget=https://www.rubbersole.co.uk/80DB-Original_KALIX-x6846237.php?","free_delivery":{"saleprice":100.1,"GB":0,"US":0,"INTERNATIONAL":null},"quantity":0}]}]},{"store_id":84,"affiliate_id":3,"subcategory2_id":597,"storename":"phase eight","subcategory3_id":0,"subcategory4_id":0,"subcategory_slug":"outerwear","subcategory4_slug":null,"brand_id":16999,"subcategory3":"","subcategory_id":101,"subcategory3_slug":null,"subcategory2":"poncho","subcategory4":"","category_id":4,"subcategory2_slug":"poncho","store_slug":"phase-eight","subcategory":"outerwear","category":"clothing","brand":"phase eight","category_slug":"clothing","sales":[],"variants":[{"title":"Petula Poncho","colour":null,"colourimageurl":"","images":{"productimage480_jpg":"https://cdn.obsassets.com/phaseeight/phase-eight-petula-poncho-49d05_480X480.jpg","productimage130_png":"https://cdn.obsassets.com/phaseeight/phase-eight-petula-poncho-49d05_130X130.png","productimage80_jpg":"https://cdn.obsassets.com/phaseeight/phase-eight-petula-poncho-49d05_80X80.jpg","productimage80_png":"https://cdn.obsassets.com/phaseeight/phase-eight-petula-poncho-49d05_80X80.png","productimage":"https://phaseeight.btxmedia.com/pws/client/images/catalogue/products/401827351/zoom/401827351_1.jpg","productimage180_jpg":"https://cdn.obsassets.com/phaseeight/phase-eight-petula-poncho-49d05_180X180.jpg"},"size_variants":[{"slug":"phase-eight-petula-poncho-49d05","guid":"b1c96b25ff35be765f4d4b41ee51fc89248709ee04ea6460759a2c986c549d05","status":1,"size":"M","saleprice":37.5,"msrp":75,"offers":50,"stock":"Out Of Stock","url":"https://www.phase-eight.com/pws/ProductDetails.ice?UniqueProductKey=401827351&redirect=true?www.phase-eight.com","free_delivery":{"saleprice":37.5,"GB":0,"US":0,"INTERNATIONAL":null},"quantity":0}]}]},{"store_id":64,"affiliate_id":3,"subcategory2_id":0,"storename":"yoox","subcategory3_id":0,"subcategory4_id":0,"subcategory_slug":"outerwear","subcategory4_slug":null,"brand_id":60,"subcategory3":"","subcategory_id":101,"subcategory3_slug":null,"subcategory2":"","subcategory4":"","category_id":4,"subcategory2_slug":null,"store_slug":"yoox","subcategory":"outerwear","category":"clothing","brand":"carven","category_slug":"clothing","sales":[],"variants":[{"title":"Denim Denim Outerwear","colour":"yellow","colourimageurl":"","images":{"productimage480_jpg":"https://cdn.obsassets.com/yoox/carven-denim-denim-outerwear-e7ab2_480X480.jpg","productimage130_png":"https://cdn.obsassets.com/yoox/carven-denim-denim-outerwear-e7ab2_130X130.png","productimage80_jpg":"https://cdn.obsassets.com/yoox/carven-denim-denim-outerwear-e7ab2_80X80.jpg","productimage80_png":"https://cdn.obsassets.com/yoox/carven-denim-denim-outerwear-e7ab2_80X80.png","productimage":"http://cdn.yoox.biz/42/42552354WS_14_F.JPG","productimage180_jpg":"https://cdn.obsassets.com/yoox/carven-denim-denim-outerwear-e7ab2_180X180.jpg"},"size_variants":[{"slug":"carven-denim-denim-outerwear-e7ab2","guid":"e1d12c8fa3f485f5fbd25eccf7f07c2dafbb121b2fad90c8b8421eb7a48e7ab2","status":1,"size":"10","saleprice":95,"msrp":366,"offers":75,"stock":"In Stock","url":"http://www.awin1.com/pclick.php?p=3740956233&a=209487&m=2017?www.yoox.com","free_delivery":{"saleprice":95,"GB":null,"US":null,"INTERNATIONAL":null},"quantity":null}]}]},{"store_id":84,"affiliate_id":3,"subcategory2_id":597,"storename":"phase eight","subcategory3_id":0,"subcategory4_id":0,"subcategory_slug":"outerwear","subcategory4_slug":null,"brand_id":16999,"subcategory3":"","subcategory_id":101,"subcategory3_slug":null,"subcategory2":"poncho","subcategory4":"","category_id":4,"subcategory2_slug":"poncho","store_slug":"phase-eight","subcategory":"outerwear","category":"clothing","brand":"phase eight","category_slug":"clothing","sales":[],"variants":[{"title":"Eleanor Poncho","colour":null,"colourimageurl":"","images":{"productimage480_jpg":"https://cdn.obsassets.com/phaseeight/phase-eight-eleanor-poncho-77611_480X480.jpg","productimage130_png":"https://cdn.obsassets.com/phaseeight/phase-eight-eleanor-poncho-77611_130X130.png","productimage80_jpg":"https://cdn.obsassets.com/phaseeight/phase-eight-eleanor-poncho-77611_80X80.jpg","productimage80_png":"https://cdn.obsassets.com/phaseeight/phase-eight-eleanor-poncho-77611_80X80.png","productimage":"https://phaseeight.btxmedia.com/pws/client/images/catalogue/products/703795109/zoom/703795109_1.jpg","productimage180_jpg":"https://cdn.obsassets.com/phaseeight/phase-eight-eleanor-poncho-77611_180X180.jpg"},"size_variants":[{"slug":"phase-eight-eleanor-poncho-77611","guid":"8bf6b008a2e035f4a069a3564c9b54730125882333f5b6c78aa4f42203277611","status":1,"size":"One Size","saleprice":19.5,"msrp":65,"offers":70,"stock":"Out Of Stock","url":"https://www.phase-eight.com/pws/ProductDetails.ice?UniqueProductKey=703795109&redirect=true?www.phase-eight.com","free_delivery":{"saleprice":19.5,"GB":0,"US":0,"INTERNATIONAL":null},"quantity":0}]}]},{"store_id":84,"affiliate_id":3,"subcategory2_id":597,"storename":"phase eight","subcategory3_id":0,"subcategory4_id":0,"subcategory_slug":"outerwear","subcategory4_slug":null,"brand_id":16999,"subcategory3":"","subcategory_id":101,"subcategory3_slug":null,"subcategory2":"poncho","subcategory4":"","category_id":4,"subcategory2_slug":"poncho","store_slug":"phase-eight","subcategory":"outerwear","category":"clothing","brand":"phase eight","category_slug":"clothing","sales":[],"variants":[{"title":"Shimmer Melany Poncho","colour":null,"colourimageurl":"","images":{"productimage480_jpg":"https://cdn.obsassets.com/phaseeight/phase-eight-shimmer-melany-poncho-203a0_480X480.jpg","productimage130_png":"https://cdn.obsassets.com/phaseeight/phase-eight-shimmer-melany-poncho-203a0_130X130.png","productimage80_jpg":"https://cdn.obsassets.com/phaseeight/phase-eight-shimmer-melany-poncho-203a0_80X80.jpg","productimage80_png":"https://cdn.obsassets.com/phaseeight/phase-eight-shimmer-melany-poncho-203a0_80X80.png","productimage":"https://phaseeight.btxmedia.com/pws/client/images/catalogue/products/401809050/zoom/401809050_1.jpg","productimage180_jpg":"https://cdn.obsassets.com/phaseeight/phase-eight-shimmer-melany-poncho-203a0_180X180.jpg"},"size_variants":[{"slug":"phase-eight-shimmer-melany-poncho-203a0","guid":"5f1b4c7a7e63163a4304bb72203d72549866bf2b3169d90d727929cb8c7203a0","status":1,"size":"XS","saleprice":32.5,"msrp":65,"offers":50,"stock":"Out Of Stock","url":"https://www.phase-eight.com/pws/ProductDetails.ice?UniqueProductKey=401809050&redirect=true?www.phase-eight.com","free_delivery":{"saleprice":32.5,"GB":0,"US":0,"INTERNATIONAL":null},"quantity":0}]}]},{"store_id":64,"affiliate_id":3,"subcategory2_id":0,"storename":"yoox","subcategory3_id":0,"subcategory4_id":0,"subcategory_slug":"outerwear","subcategory4_slug":null,"brand_id":0,"subcategory3":"","subcategory_id":101,"subcategory3_slug":null,"subcategory2":"","subcategory4":"","category_id":4,"subcategory2_slug":null,"store_slug":"yoox","subcategory":"outerwear","category":"clothing","brand":"bion","category_slug":"clothing","sales":[],"variants":[{"title":"Denim Denim Outerwear","colour":null,"colourimageurl":"","images":{"productimage480_jpg":"https://cdn.obsassets.com/yoox/bion-denim-denim-outerwear-f79d0_480X480.jpg","productimage130_png":"https://cdn.obsassets.com/yoox/bion-denim-denim-outerwear-f79d0_130X130.png","productimage80_jpg":"https://cdn.obsassets.com/yoox/bion-denim-denim-outerwear-f79d0_80X80.jpg","productimage80_png":"https://cdn.obsassets.com/yoox/bion-denim-denim-outerwear-f79d0_80X80.png","productimage":"http://cdn.yoox.biz/38/38573061XV_14_F.JPG","productimage180_jpg":"https://cdn.obsassets.com/yoox/bion-denim-denim-outerwear-f79d0_180X180.jpg"},"size_variants":[{"slug":"bion-denim-denim-outerwear-a5585","guid":"6cf76758952ae77c5d3950e31d2a2111e0e7490416b92b527e5e5dee23aa5585","status":1,"size":"S","saleprice":61,"msrp":235,"offers":75,"stock":"In Stock","url":"http://www.awin1.com/pclick.php?p=3637721905&a=209487&m=2017?www.yoox.com","free_delivery":{"saleprice":61,"GB":null,"US":null,"INTERNATIONAL":null},"quantity":null},{"slug":"bion-denim-denim-outerwear-ec745","guid":"809e640707557e33acb04d5707647f1b131dce8e863b34596dff915e97cec745","status":1,"size":"M","saleprice":61,"msrp":235,"offers":75,"stock":"In Stock","url":"http://www.awin1.com/pclick.php?p=3637721907&a=209487&m=2017?www.yoox.com","free_delivery":{"saleprice":61,"GB":null,"US":null,"INTERNATIONAL":null},"quantity":null},{"slug":"bion-denim-denim-outerwear-f79d0","guid":"633a5a001bee494214cc60941ed33b36e901605fafffbfce1e1fa82e48cf79d0","status":1,"size":"L","saleprice":61,"msrp":235,"offers":75,"stock":"In Stock","url":"http://www.awin1.com/pclick.php?p=3637721909&a=209487&m=2017?www.yoox.com","free_delivery":{"saleprice":61,"GB":null,"US":null,"INTERNATIONAL":null},"quantity":null}]}]},{"store_id":84,"affiliate_id":3,"subcategory2_id":597,"storename":"phase eight","subcategory3_id":0,"subcategory4_id":0,"subcategory_slug":"outerwear","subcategory4_slug":null,"brand_id":16999,"subcategory3":"","subcategory_id":101,"subcategory3_slug":null,"subcategory2":"poncho","subcategory4":"","category_id":4,"subcategory2_slug":"poncho","store_slug":"phase-eight","subcategory":"outerwear","category":"clothing","brand":"phase eight","category_slug":"clothing","sales":[],"variants":[{"title":"Noa Cashmere Poncho","colour":"nude","colourimageurl":"","images":{"productimage480_jpg":"https://cdn.obsassets.com/phaseeight/phase-eight-noa-cashmere-poncho-6fe83_480X480.jpg","productimage130_png":"https://cdn.obsassets.com/phaseeight/phase-eight-noa-cashmere-poncho-6fe83_130X130.png","productimage80_jpg":"https://cdn.obsassets.com/phaseeight/phase-eight-noa-cashmere-poncho-6fe83_80X80.jpg","productimage80_png":"https://cdn.obsassets.com/phaseeight/phase-eight-noa-cashmere-poncho-6fe83_80X80.png","productimage":"https://phaseeight.btxmedia.com/pws/client/images/catalogue/products/704519351/zoom/704519351_1.jpg","productimage180_jpg":"https://cdn.obsassets.com/phaseeight/phase-eight-noa-cashmere-poncho-6fe83_180X180.jpg"},"size_variants":[{"slug":"phase-eight-noa-cashmere-poncho-6fe83","guid":"3b458362d6c0926014cb9bed92755ba74ca3b881f4526ae39d8ba53b9fa6fe83","status":1,"size":"One Size","saleprice":75,"msrp":75,"offers":0,"stock":"In Stock","url":"https://www.phase-eight.com/pws/ProductDetails.ice?UniqueProductKey=704519351&redirect=true?www.phase-eight.com","free_delivery":{"saleprice":75,"GB":0,"US":0,"INTERNATIONAL":null},"quantity":0}]}]},{"store_id":84,"affiliate_id":3,"subcategory2_id":597,"storename":"phase eight","subcategory3_id":0,"subcategory4_id":0,"subcategory_slug":"outerwear","subcategory4_slug":null,"brand_id":16999,"subcategory3":"","subcategory_id":101,"subcategory3_slug":null,"subcategory2":"poncho","subcategory4":"","category_id":4,"subcategory2_slug":"poncho","store_slug":"phase-eight","subcategory":"outerwear","category":"clothing","brand":"phase eight","category_slug":"clothing","sales":[],"variants":[{"title":"Noa Cashmere Poncho","colour":null,"colourimageurl":"","images":{"productimage480_jpg":"https://cdn.obsassets.com/phaseeight/phase-eight-noa-cashmere-poncho-8276d_480X480.jpg","productimage130_png":"https://cdn.obsassets.com/phaseeight/phase-eight-noa-cashmere-poncho-8276d_130X130.png","productimage80_jpg":"https://cdn.obsassets.com/phaseeight/phase-eight-noa-cashmere-poncho-8276d_80X80.jpg","productimage80_png":"https://cdn.obsassets.com/phaseeight/phase-eight-noa-cashmere-poncho-8276d_80X80.png","productimage":"https://phaseeight.btxmedia.com/pws/client/images/catalogue/products/704518150/zoom/704518150_1.jpg","productimage180_jpg":"https://cdn.obsassets.com/phaseeight/phase-eight-noa-cashmere-poncho-8276d_180X180.jpg"},"size_variants":[{"slug":"phase-eight-noa-cashmere-poncho-8276d","guid":"800edf57c9dda80649c5b850a9a4cc9f1346d22af411226f794fc4a5ffe8276d","status":1,"size":"One Size","saleprice":50,"msrp":75,"offers":35,"stock":"In Stock","url":"https://www.phase-eight.com/pws/ProductDetails.ice?UniqueProductKey=704518150&redirect=true?www.phase-eight.com","free_delivery":{"saleprice":50,"GB":0,"US":0,"INTERNATIONAL":null},"quantity":0}]}]},{"store_id":84,"affiliate_id":3,"subcategory2_id":597,"storename":"phase eight","subcategory3_id":0,"subcategory4_id":0,"subcategory_slug":"outerwear","subcategory4_slug":null,"brand_id":16999,"subcategory3":"","subcategory_id":101,"subcategory3_slug":null,"subcategory2":"poncho","subcategory4":"","category_id":4,"subcategory2_slug":"poncho","store_slug":"phase-eight","subcategory":"outerwear","category":"clothing","brand":"phase eight","category_slug":"clothing","sales":[],"variants":[{"title":"Eleanor Poncho","colour":null,"colourimageurl":"","images":{"productimage480_jpg":"https://cdn.obsassets.com/phaseeight/phase-eight-eleanor-poncho-7ba3d_480X480.jpg","productimage130_png":"https://cdn.obsassets.com/phaseeight/phase-eight-eleanor-poncho-7ba3d_130X130.png","productimage80_jpg":"https://cdn.obsassets.com/phaseeight/phase-eight-eleanor-poncho-7ba3d_80X80.jpg","productimage80_png":"https://cdn.obsassets.com/phaseeight/phase-eight-eleanor-poncho-7ba3d_80X80.png","productimage":"https://phaseeight.btxmedia.com/pws/client/images/catalogue/products/703795796/zoom/703795796_1.jpg","productimage180_jpg":"https://cdn.obsassets.com/phaseeight/phase-eight-eleanor-poncho-7ba3d_180X180.jpg"},"size_variants":[{"slug":"phase-eight-eleanor-poncho-7ba3d","guid":"6f50110dc18f59585a33d8d766aed3015616d52f52510687ee886d8ed367ba3d","status":1,"size":"One Size","saleprice":19.5,"msrp":65,"offers":70,"stock":"Out Of Stock","url":"https://www.phase-eight.com/pws/ProductDetails.ice?UniqueProductKey=703795796&redirect=true?www.phase-eight.com","free_delivery":{"saleprice":19.5,"GB":0,"US":0,"INTERNATIONAL":null},"quantity":0}]}]},{"store_id":64,"affiliate_id":3,"subcategory2_id":0,"storename":"yoox","subcategory3_id":0,"subcategory4_id":0,"subcategory_slug":"outerwear","subcategory4_slug":null,"brand_id":8549,"subcategory3":"","subcategory_id":101,"subcategory3_slug":null,"subcategory2":"","subcategory4":"","category_id":4,"subcategory2_slug":null,"store_slug":"yoox","subcategory":"outerwear","category":"clothing","brand":"twisty parallel universe","category_slug":"clothing","sales":[],"variants":[{"title":"Denim Denim Outerwear","colour":"blue","colourimageurl":"","images":{"productimage480_jpg":"https://cdn.obsassets.com/yoox/twisty-parallel-universe-denim-denim-outerwear-eaa80_480X480.jpg","productimage130_png":"https://cdn.obsassets.com/yoox/twisty-parallel-universe-denim-denim-outerwear-eaa80_130X130.png","productimage80_jpg":"https://cdn.obsassets.com/yoox/twisty-parallel-universe-denim-denim-outerwear-eaa80_80X80.jpg","productimage80_png":"https://cdn.obsassets.com/yoox/twisty-parallel-universe-denim-denim-outerwear-eaa80_80X80.png","productimage":"http://cdn.yoox.biz/42/42614187PX_14_F.JPG","productimage180_jpg":"https://cdn.obsassets.com/yoox/twisty-parallel-universe-denim-denim-outerwear-eaa80_180X180.jpg"},"size_variants":[{"slug":"twisty-parallel-universe-denim-denim-outerwear-a8d64","guid":"d84f00c4ba4c72993ffd532fd379a98262e63aca923f2d878b761921676a8d64","status":1,"size":"S","saleprice":205,"msrp":274,"offers":25,"stock":"In Stock","url":"http://www.awin1.com/pclick.php?p=11773362785&a=209487&m=2017?www.yoox.com","free_delivery":{"saleprice":205,"GB":null,"US":null,"INTERNATIONAL":null},"quantity":null},{"slug":"twisty-parallel-universe-denim-denim-outerwear-eaa80","guid":"7e4884a3e29eda427543271e153567fe149d44785fb067c723c6d8e368ceaa80","status":1,"size":"XS","saleprice":205,"msrp":274,"offers":25,"stock":"In Stock","url":"http://www.awin1.com/pclick.php?p=11773362783&a=209487&m=2017?www.yoox.com","free_delivery":{"saleprice":205,"GB":null,"US":null,"INTERNATIONAL":null},"quantity":null}]}]},{"store_id":64,"affiliate_id":3,"subcategory2_id":0,"storename":"yoox","subcategory3_id":0,"subcategory4_id":0,"subcategory_slug":"outerwear","subcategory4_slug":null,"brand_id":8180,"subcategory3":"","subcategory_id":101,"subcategory3_slug":null,"subcategory2":"","subcategory4":"","category_id":4,"subcategory2_slug":null,"store_slug":"yoox","subcategory":"outerwear","category":"clothing","brand":"people","category_slug":"clothing","sales":[],"variants":[{"title":"Denim Denim Outerwear Women","colour":"blue","colourimageurl":"","images":{"productimage480_jpg":"https://cdn.obsassets.com/yoox/people-denim-denim-outerwear-women-b1713_480X480.jpg","productimage130_png":"https://cdn.obsassets.com/yoox/people-denim-denim-outerwear-women-b1713_130X130.png","productimage80_jpg":"https://cdn.obsassets.com/yoox/people-denim-denim-outerwear-women-b1713_80X80.jpg","productimage80_png":"https://cdn.obsassets.com/yoox/people-denim-denim-outerwear-women-b1713_80X80.png","productimage":"http://cdn.yoox.biz/42/42463856GT_14_F.JPG","productimage180_jpg":"https://cdn.obsassets.com/yoox/people-denim-denim-outerwear-women-b1713_180X180.jpg"},"size_variants":[{"slug":"people-denim-denim-outerwear-women-b1713","guid":"3f24a6ca198df7396b7a3f289e5b897bd627f9d59b85cf61893c2df873db1713","status":1,"size":"10","saleprice":229,"msrp":298,"offers":25,"stock":"In Stock","url":"http://www.awin1.com/pclick.php?p=3740950107&a=209487&m=2017?www.yoox.com","free_delivery":{"saleprice":229,"GB":null,"US":null,"INTERNATIONAL":null},"quantity":null}]}]}]},"msg":"Here is the search results.","status":200}}
200
Outerwear for Women
]]></system-out>
  </testcase>
  <testcase name="search" classname="com.obsessory.api.womens.womensAPI3" time="3.398">
    <system-out><![CDATA[{"response":{"data":{"key":"Jumpsuit for Women","timeTaken":2.4290000000000003,"totalCount":22207,"debug":"\n       \"query\":{\n         \"bool\":{\n           \"must\":[\n                 \n          {\n               \"nested\": {\n                   \"path\": \"variants\",\n                   \n                   \"inner_hits\" : {\n                      \"_source\": { \"includes\":[\"variants.title\",\"variants.colour\",\"variants.rgb_colours\",\"variants.colourimageurl\",\"variants.images.productimage\",\"variants.images.productimage80_png\",\"variants.images.productimage130_png\",\"variants.images.productimage180_jpg\",\"variants.images.productimage80_jpg\",\"variants.images.productimage480_jpg\"]}\n                   },\n                   \"query\": {\n                      \"bool\":{\n                         \"must\":[\n                            {\n                                \"nested\":{\n                                   \"path\":\"variants.size_variants\",\n                                   \"inner_hits\":{},\n                                   \n                                   \"query\":{\n                                      \"bool\":{\n                                       \"must\":[\n                                          {\n          \"terms\":{\n              \"variants.size_variants.status\":[0,1]\n          }\n        }\n      \n                                         ],\n                                        \"must_not\":[\n                                             { \"terms\" : { \"variants.size_variants.guid\" : [] }},\n                                             { \"term\" : { \"variants.size_variants.qa_check_status\" : \"hide\" }}\n                                        ]\n                                      }\n                                   }\n                                }\n                             }\n                              ,{\n          \"term\":{\n              \"variants.internationaldelivery\":\"GB\"\n          }\n        }\n      \n\n                         ]\n                      }\n                   }\n               }\n           }\n       ,\n{\n            \"query_string\" : {\n                \"query\": \"(department:women) AND ((subcategory2_slug:jumpsuit))\",\n                \"minimum_should_match\":\"85%\"\n       \t\t\t}\n   \t\t\t}\n    ,\n            {\n               \"nested\":{\n                  \"path\":\"scores\",\n                  \"query\":{\n                     \"function_score\":{\n                        \"script_score\":{\n                           \"script\":{\n                              \"inline\":\"( (4 * ((doc['scores.product_score'].value == 0) ? 1 : doc['scores.product_score'].value)) + (2 * doc['scores.brand_score'].value) + (3 * doc['scores.store_score'].value) + (8 * doc['scores.seed'].value)) / 17\",\n                              \"lang\":\"painless\"\n                           }\n                        },\n                        \"score_mode\":\"avg\",\n                        \"boost_mode\":\"avg\"\n                     }\n                  },\n                  \"score_mode\":\"avg\"\n               }\n            }\n     \n              ]\n             }\n          }\n     ","breadCrumb":[],"flQuery":{"subcategory2":"jumpsuit","link":"/jumpsuit"},"canonicalUrl":"/jumpsuit","description":"<p>\r\n\tJumpsuits have been trending for many seasons now. You can pick one from our collection of 1526 jumpsuits which are on&nbsp;\r\n\t<a href=\"https://www.obsessory.com/sale/\" target=\"_blank\"><strong>sale</strong></a> too. They are an absolute must-have, for they are very versatile. You can go from a day to night look wearing a jumpsuit with just the right&nbsp;<a href=\"https://www.obsessory.com/accessories\" target=\"_blank\"><strong>accessories</strong></a>.  For instance, the black jacquard jumpsuit from Phase Eight can be paired with a&nbsp;<a href=\"https://www.obsessory.com/blazer\" target=\"_blank\"><strong>blazer</strong></a>, belt and a pair of formal shoes for a corporate look. You can wear the same jumpsuit with a statement necklace, heels and a clutch for an evening party. Find your match from any of the brands - from Obey and Halston Heritage to Alexander McQueen or Lanvin. Prices range between £5 and £10600, with discounts up to 85%.</p>","products":[{"store_id":112,"affiliate_id":3,"subcategory2_id":510,"storename":"asos","subcategory3_id":0,"subcategory4_id":0,"subcategory_slug":"dresses","subcategory4_slug":null,"brand_id":26180,"subcategory3":"","subcategory_id":502,"subcategory3_slug":null,"subcategory2":"playsuit","subcategory4":"","category_id":4,"subcategory2_slug":"playsuit","store_slug":"asos","subcategory":"dresses","category":"clothing","brand":"asos design","category_slug":"clothing","sales":[],"variants":[{"title":"Embellished Playsuit With Split Sleeve And Belt","colour":"black","colourimageurl":"","images":{"productimage480_jpg":"https://cdn.obsassets.com/asos/asos-design-embellished-playsuit-with-split-sleeve-and-belt-333a6_480X480.jpg","productimage130_png":"https://cdn.obsassets.com/asos/asos-design-embellished-playsuit-with-split-sleeve-and-belt-333a6_130X130.png","productimage80_jpg":"https://cdn.obsassets.com/asos/asos-design-embellished-playsuit-with-split-sleeve-and-belt-333a6_80X80.jpg","productimage80_png":"https://cdn.obsassets.com/asos/asos-design-embellished-playsuit-with-split-sleeve-and-belt-333a6_80X80.png","productimage":"https://images.asos-media.com/products/asos-design-embellished-playsuit-with-split-sleeve-and-belt/13048080-1-black?$XXL$","productimage180_jpg":"https://cdn.obsassets.com/asos/asos-design-embellished-playsuit-with-split-sleeve-and-belt-333a6_180X180.jpg"},"size_variants":[{"slug":"asos-design-embellished-playsuit-with-split-sleeve-and-belt-333a6","guid":"dc0bcfa5774f2f26b75341b2a8cf860c3a12ac253cc3c5a1aae51507573333a6","status":1,"size":"10","saleprice":65,"msrp":65,"offers":0,"stock":"In Stock","url":"https://www.awin1.com/pclick.php?p=25103845691&a=209487&m=5678?www.asos.com","free_delivery":{"saleprice":65,"GB":30,"US":31.66,"INTERNATIONAL":null},"quantity":0}]}]},{"store_id":112,"affiliate_id":3,"subcategory2_id":510,"storename":"asos","subcategory3_id":0,"subcategory4_id":0,"subcategory_slug":"dresses","subcategory4_slug":null,"brand_id":26180,"subcategory3":"","subcategory_id":502,"subcategory3_slug":null,"subcategory2":"playsuit","subcategory4":"","category_id":4,"subcategory2_slug":"playsuit","store_slug":"asos","subcategory":"dresses","category":"clothing","brand":"asos design","category_slug":"clothing","sales":[],"variants":[{"title":"Curve Wrap Tie Front Long Sleeve Playsuit","colour":null,"colourimageurl":"","images":{"productimage480_jpg":"https://cdn.obsassets.com/asos/asos-design-curve-wrap-tie-front-long-sleeve-playsuit-06c99_480X480.jpg","productimage130_png":"https://cdn.obsassets.com/asos/asos-design-curve-wrap-tie-front-long-sleeve-playsuit-06c99_130X130.png","productimage80_jpg":"https://cdn.obsassets.com/asos/asos-design-curve-wrap-tie-front-long-sleeve-playsuit-06c99_80X80.jpg","productimage80_png":"https://cdn.obsassets.com/asos/asos-design-curve-wrap-tie-front-long-sleeve-playsuit-06c99_80X80.png","productimage":"https://images.asos-media.com/products/asos-design-curve-wrap-tie-front-long-sleeve-playsuit-in-bright-zebra-animal-print/12116477-1-zebra?$XXLrmbnrbtm$","productimage180_jpg":"https://cdn.obsassets.com/asos/asos-design-curve-wrap-tie-front-long-sleeve-playsuit-06c99_180X180.jpg"},"size_variants":[{"slug":"asos-design-curve-wrap-tie-front-long-sleeve-playsuit-06c99","guid":"de341903bcfe62e8aefa0cb01b5ebbc7a85f66fafae3eb6ef4436311e3106c99","status":1,"size":"26","saleprice":11,"msrp":11,"offers":0,"stock":"In Stock","url":"https://www.awin1.com/pclick.php?p=24959538869&a=209487&m=5678?www.asos.com","free_delivery":{"saleprice":11,"GB":30,"US":31.66,"INTERNATIONAL":null},"quantity":0}]}]},{"store_id":112,"affiliate_id":3,"subcategory2_id":510,"storename":"asos","subcategory3_id":0,"subcategory4_id":0,"subcategory_slug":"dresses","subcategory4_slug":null,"brand_id":26180,"subcategory3":"","subcategory_id":502,"subcategory3_slug":null,"subcategory2":"playsuit","subcategory4":"","category_id":4,"subcategory2_slug":"playsuit","store_slug":"asos","subcategory":"dresses","category":"clothing","brand":"asos design","category_slug":"clothing","sales":[],"variants":[{"title":"Playsuit With Cut Out Detail And Tipping","colour":"white","colourimageurl":"","images":{"productimage480_jpg":"https://cdn.obsassets.com/asos/asos-design-playsuit-with-cut-out-detail-and-tipping-4ebe8_480X480.jpg","productimage130_png":"https://cdn.obsassets.com/asos/asos-design-playsuit-with-cut-out-detail-and-tipping-4ebe8_130X130.png","productimage80_jpg":"https://cdn.obsassets.com/asos/asos-design-playsuit-with-cut-out-detail-and-tipping-4ebe8_80X80.jpg","productimage80_png":"https://cdn.obsassets.com/asos/asos-design-playsuit-with-cut-out-detail-and-tipping-4ebe8_80X80.png","productimage":"https://images.asos-media.com/products/asos-design-playsuit-with-cut-out-detail-and-tipping/9998390-1-ivory?$XXL$","productimage180_jpg":"https://cdn.obsassets.com/asos/asos-design-playsuit-with-cut-out-detail-and-tipping-4ebe8_180X180.jpg"},"size_variants":[{"slug":"asos-design-playsuit-with-cut-out-detail-and-tipping-4ebe8","guid":"5f3811a7a57364104b0a157de0a6b5fd3332136202650f81f25456af5d14ebe8","status":1,"size":"16","saleprice":12,"msrp":12,"offers":0,"stock":"In Stock","url":"https://www.awin1.com/pclick.php?p=24957978009&a=209487&m=5678?www.asos.com","free_delivery":{"saleprice":12,"GB":30,"US":31.66,"INTERNATIONAL":null},"quantity":0}]}]},{"store_id":112,"affiliate_id":3,"subcategory2_id":510,"storename":"asos","subcategory3_id":0,"subcategory4_id":0,"subcategory_slug":"dresses","subcategory4_slug":null,"brand_id":4963,"subcategory3":"","subcategory_id":502,"subcategory3_slug":null,"subcategory2":"playsuit","subcategory4":"","category_id":4,"subcategory2_slug":"playsuit","store_slug":"asos","subcategory":"dresses","category":"clothing","brand":"miss selfridge","category_slug":"clothing","sales":[],"variants":[{"title":"Satin Playsuit With Twist Neck","colour":"red","colourimageurl":"","images":{"productimage480_jpg":"https://cdn.obsassets.com/asos/miss-selfridge-satin-playsuit-with-twist-neck-f57c8_480X480.jpg","productimage130_png":"https://cdn.obsassets.com/asos/miss-selfridge-satin-playsuit-with-twist-neck-f57c8_130X130.png","productimage80_jpg":"https://cdn.obsassets.com/asos/miss-selfridge-satin-playsuit-with-twist-neck-f57c8_80X80.jpg","productimage80_png":"https://cdn.obsassets.com/asos/miss-selfridge-satin-playsuit-with-twist-neck-f57c8_80X80.png","productimage":"https://images.asos-media.com/products/miss-selfridge-satin-playsuit-with-twist-neck-in-red/13819919-1-red?$XXL$","productimage180_jpg":"https://cdn.obsassets.com/asos/miss-selfridge-satin-playsuit-with-twist-neck-f57c8_180X180.jpg"},"size_variants":[{"slug":"miss-selfridge-satin-playsuit-with-twist-neck-f57c8","guid":"468a72e6bfc63559cf82d1f1cf1e9eda531ef29a146442be79c045ea5ccf57c8","status":1,"size":"10","saleprice":45,"msrp":45,"offers":0,"stock":"Out Of Stock","url":"https://www.awin1.com/pclick.php?p=25153684845&a=209487&m=5678?www.asos.com","free_delivery":{"saleprice":45,"GB":30,"US":31.66,"INTERNATIONAL":null},"quantity":0}]}]},{"store_id":112,"affiliate_id":3,"subcategory2_id":510,"storename":"asos","subcategory3_id":0,"subcategory4_id":0,"subcategory_slug":"dresses","subcategory4_slug":null,"brand_id":5003,"subcategory3":"","subcategory_id":502,"subcategory3_slug":null,"subcategory2":"playsuit","subcategory4":"","category_id":4,"subcategory2_slug":"playsuit","store_slug":"asos","subcategory":"dresses","category":"clothing","brand":"monki","category_slug":"clothing","sales":[],"variants":[{"title":"Linen Playsuit","colour":"brown","colourimageurl":"","images":{"productimage480_jpg":"https://cdn.obsassets.com/asos/monki-linen-playsuit-9df1a_480X480.jpg","productimage130_png":"https://cdn.obsassets.com/asos/monki-linen-playsuit-9df1a_130X130.png","productimage80_jpg":"https://cdn.obsassets.com/asos/monki-linen-playsuit-9df1a_80X80.jpg","productimage80_png":"https://cdn.obsassets.com/asos/monki-linen-playsuit-9df1a_80X80.png","productimage":"https://images.asos-media.com/products/monki-linen-playsuit-in-brown/12122877-1-brown?$XXLrmbnrbtm$","productimage180_jpg":"https://cdn.obsassets.com/asos/monki-linen-playsuit-9df1a_180X180.jpg"},"size_variants":[{"slug":"monki-linen-playsuit-9df1a","guid":"d93c9ef6fced76b7bab742152383aebba7580890f5d3a016f13460bc8dc9df1a","status":1,"size":"L","saleprice":15,"msrp":15,"offers":0,"stock":"Out Of Stock","url":"https://www.awin1.com/pclick.php?p=24959333635&a=209487&m=5678?www.asos.com","free_delivery":{"saleprice":15,"GB":30,"US":31.66,"INTERNATIONAL":null},"quantity":0}]}]},{"store_id":112,"affiliate_id":3,"subcategory2_id":510,"storename":"asos","subcategory3_id":0,"subcategory4_id":0,"subcategory_slug":"dresses","subcategory4_slug":null,"brand_id":26180,"subcategory3":"","subcategory_id":502,"subcategory3_slug":null,"subcategory2":"playsuit","subcategory4":"","category_id":4,"subcategory2_slug":"playsuit","store_slug":"asos","subcategory":"dresses","category":"clothing","brand":"asos design","category_slug":"clothing","sales":[],"variants":[{"title":"Clean One Sleeve Cape Playsuit","colour":"green","colourimageurl":"","images":{"productimage480_jpg":"https://cdn.obsassets.com/asos/asos-design-clean-one-sleeve-cape-playsuit-a1a4b_480X480.jpg","productimage130_png":"https://cdn.obsassets.com/asos/asos-design-clean-one-sleeve-cape-playsuit-a1a4b_130X130.png","productimage80_jpg":"https://cdn.obsassets.com/asos/asos-design-clean-one-sleeve-cape-playsuit-a1a4b_80X80.jpg","productimage80_png":"https://cdn.obsassets.com/asos/asos-design-clean-one-sleeve-cape-playsuit-a1a4b_80X80.png","productimage":"https://images.asos-media.com/products/asos-design-clean-one-sleeve-cape-playsuit/10828548-1-khaki?$XXL$","productimage180_jpg":"https://cdn.obsassets.com/asos/asos-design-clean-one-sleeve-cape-playsuit-a1a4b_180X180.jpg"},"size_variants":[{"slug":"asos-design-clean-one-sleeve-cape-playsuit-a1a4b","guid":"78433be4849c6b23c03ee25a894ca24246ad591a73e2734d8c7ea3cf196a1a4b","status":1,"size":"14","saleprice":13.5,"msrp":13.5,"offers":0,"stock":"In Stock","url":"https://www.awin1.com/pclick.php?p=24958277771&a=209487&m=5678?www.asos.com","free_delivery":{"saleprice":13.5,"GB":30,"US":31.66,"INTERNATIONAL":null},"quantity":0}]}]},{"store_id":112,"affiliate_id":3,"subcategory2_id":510,"storename":"asos","subcategory3_id":0,"subcategory4_id":0,"subcategory_slug":"dresses","subcategory4_slug":null,"brand_id":26180,"subcategory3":"","subcategory_id":502,"subcategory3_slug":null,"subcategory2":"playsuit","subcategory4":"","category_id":4,"subcategory2_slug":"playsuit","store_slug":"asos","subcategory":"dresses","category":"clothing","brand":"asos design","category_slug":"clothing","sales":[],"variants":[{"title":"Petite Off Shoulder Jersey Playsuit With Frill Hem","colour":null,"colourimageurl":"","images":{"productimage480_jpg":"https://cdn.obsassets.com/asos/asos-design-petite-off-shoulder-jersey-playsuit-with-frill-hem-ddf9b_480X480.jpg","productimage130_png":"https://cdn.obsassets.com/asos/asos-design-petite-off-shoulder-jersey-playsuit-with-frill-hem-ddf9b_130X130.png","productimage80_jpg":"https://cdn.obsassets.com/asos/asos-design-petite-off-shoulder-jersey-playsuit-with-frill-hem-ddf9b_80X80.jpg","productimage80_png":"https://cdn.obsassets.com/asos/asos-design-petite-off-shoulder-jersey-playsuit-with-frill-hem-ddf9b_80X80.png","productimage":"https://images.asos-media.com/products/asos-design-petite-off-shoulder-jersey-playsuit-with-frill-hem-in-gingham-print/9905620-1-gingham?$XXLrmbnrbtm$","productimage180_jpg":"https://cdn.obsassets.com/asos/asos-design-petite-off-shoulder-jersey-playsuit-with-frill-hem-ddf9b_180X180.jpg"},"size_variants":[{"slug":"asos-design-petite-off-shoulder-jersey-playsuit-with-frill-hem-ddf9b","guid":"20b3588babb64267656a253b1b95b6e4e3ca6ea7e29499354c9e25dcdd8ddf9b","status":1,"size":"8","saleprice":9.5,"msrp":9.5,"offers":0,"stock":"Out Of Stock","url":"https://www.awin1.com/pclick.php?p=24957917325&a=209487&m=5678?www.asos.com","free_delivery":{"saleprice":9.5,"GB":30,"US":31.66,"INTERNATIONAL":null},"quantity":0}]}]},{"store_id":112,"affiliate_id":3,"subcategory2_id":510,"storename":"asos","subcategory3_id":0,"subcategory4_id":0,"subcategory_slug":"dresses","subcategory4_slug":null,"brand_id":15304,"subcategory3":"","subcategory_id":502,"subcategory3_slug":null,"subcategory2":"playsuit","subcategory4":"","category_id":4,"subcategory2_slug":"playsuit","store_slug":"asos","subcategory":"dresses","category":"clothing","brand":"lost ink","category_slug":"clothing","sales":[],"variants":[{"title":"Ruffle Playsuit","colour":null,"colourimageurl":"","images":{"productimage480_jpg":"https://cdn.obsassets.com/asos/lost-ink-ruffle-playsuit-b8507_480X480.jpg","productimage130_png":"https://cdn.obsassets.com/asos/lost-ink-ruffle-playsuit-b8507_130X130.png","productimage80_jpg":"https://cdn.obsassets.com/asos/lost-ink-ruffle-playsuit-b8507_80X80.jpg","productimage80_png":"https://cdn.obsassets.com/asos/lost-ink-ruffle-playsuit-b8507_80X80.png","productimage":"https://images.asos-media.com/products/lost-ink-ruffle-playsuit-in-ditsy-print/13732082-1-multiprintblack?$XXL$","productimage180_jpg":"https://cdn.obsassets.com/asos/lost-ink-ruffle-playsuit-b8507_180X180.jpg"},"size_variants":[{"slug":"lost-ink-ruffle-playsuit-b8507","guid":"2113ea9b35825324099694ba9c07ca8ed52678da7db7bb2afaea161ee8eb8507","status":1,"size":"14","saleprice":44,"msrp":44,"offers":0,"stock":"In Stock","url":"https://www.awin1.com/pclick.php?p=25164736633&a=209487&m=5678?www.asos.com","free_delivery":{"saleprice":44,"GB":30,"US":31.66,"INTERNATIONAL":null},"quantity":0}]}]},{"store_id":112,"affiliate_id":3,"subcategory2_id":510,"storename":"asos","subcategory3_id":0,"subcategory4_id":0,"subcategory_slug":"dresses","subcategory4_slug":null,"brand_id":6671,"subcategory3":"","subcategory_id":502,"subcategory3_slug":null,"subcategory2":"playsuit","subcategory4":"","category_id":4,"subcategory2_slug":"playsuit","store_slug":"asos","subcategory":"dresses","category":"clothing","brand":"vila","category_slug":"clothing","sales":[],"variants":[{"title":"Oversize Paisley Playsuit","colour":null,"colourimageurl":"","images":{"productimage480_jpg":"https://cdn.obsassets.com/asos/vila-oversize-paisley-playsuit-2093d_480X480.jpg","productimage130_png":"https://cdn.obsassets.com/asos/vila-oversize-paisley-playsuit-2093d_130X130.png","productimage80_jpg":"https://cdn.obsassets.com/asos/vila-oversize-paisley-playsuit-2093d_80X80.jpg","productimage80_png":"https://cdn.obsassets.com/asos/vila-oversize-paisley-playsuit-2093d_80X80.png","productimage":"https://images.asos-media.com/products/vila-oversize-paisley-playsuit/11686604-1-multi?$XXL$","productimage180_jpg":"https://cdn.obsassets.com/asos/vila-oversize-paisley-playsuit-2093d_180X180.jpg"},"size_variants":[{"slug":"vila-oversize-paisley-playsuit-2093d","guid":"0194bb0893b35e50cd3544a712d680fff365f9e0f3cba8c8d981bd4ad152093d","status":1,"size":"38","saleprice":12,"msrp":16.5,"offers":25,"stock":"Out Of Stock","url":"https://www.awin1.com/pclick.php?p=24958962771&a=209487&m=5678?www.asos.com","free_delivery":{"saleprice":12,"GB":30,"US":31.66,"INTERNATIONAL":null},"quantity":0}]}]},{"store_id":112,"affiliate_id":3,"subcategory2_id":510,"storename":"asos","subcategory3_id":0,"subcategory4_id":0,"subcategory_slug":"dresses","subcategory4_slug":null,"brand_id":26180,"subcategory3":"","subcategory_id":502,"subcategory3_slug":null,"subcategory2":"playsuit","subcategory4":"","category_id":4,"subcategory2_slug":"playsuit","store_slug":"asos","subcategory":"dresses","category":"clothing","brand":"asos design","category_slug":"clothing","sales":[],"variants":[{"title":"Plunge Tux Playsuit","colour":"yellow","colourimageurl":"","images":{"productimage480_jpg":"https://cdn.obsassets.com/asos/asos-design-plunge-tux-playsuit-63f5a_480X480.jpg","productimage130_png":"https://cdn.obsassets.com/asos/asos-design-plunge-tux-playsuit-63f5a_130X130.png","productimage80_jpg":"https://cdn.obsassets.com/asos/asos-design-plunge-tux-playsuit-63f5a_80X80.jpg","productimage80_png":"https://cdn.obsassets.com/asos/asos-design-plunge-tux-playsuit-63f5a_80X80.png","productimage":"https://images.asos-media.com/products/asos-design-plunge-tux-playsuit/13278879-1-chartreuse?$XXL$","productimage180_jpg":"https://cdn.obsassets.com/asos/asos-design-plunge-tux-playsuit-63f5a_180X180.jpg"},"size_variants":[{"slug":"asos-design-plunge-tux-playsuit-63f5a","guid":"0b92f958e4583cbc1a131df2b47877e99ae9d10ee738dfabd321d61693e63f5a","status":1,"size":"14","saleprice":24,"msrp":24,"offers":0,"stock":"In Stock","url":"https://www.awin1.com/pclick.php?p=25135887141&a=209487&m=5678?www.asos.com","free_delivery":{"saleprice":24,"GB":30,"US":31.66,"INTERNATIONAL":null},"quantity":0}]}]},{"store_id":112,"affiliate_id":3,"subcategory2_id":510,"storename":"asos","subcategory3_id":0,"subcategory4_id":0,"subcategory_slug":"dresses","subcategory4_slug":null,"brand_id":26180,"subcategory3":"","subcategory_id":502,"subcategory3_slug":null,"subcategory2":"playsuit","subcategory4":"","category_id":4,"subcategory2_slug":"playsuit","store_slug":"asos","subcategory":"dresses","category":"clothing","brand":"asos design","category_slug":"clothing","sales":[],"variants":[{"title":"Beach Playsuit","colour":null,"colourimageurl":"","images":{"productimage480_jpg":"https://cdn.obsassets.com/asos/asos-design-beach-playsuit-f0077_480X480.jpg","productimage130_png":"https://cdn.obsassets.com/asos/asos-design-beach-playsuit-f0077_130X130.png","productimage80_jpg":"https://cdn.obsassets.com/asos/asos-design-beach-playsuit-f0077_80X80.jpg","productimage80_png":"https://cdn.obsassets.com/asos/asos-design-beach-playsuit-f0077_80X80.png","productimage":"https://images.asos-media.com/products/asos-design-beach-playsuit-in-pink-zebra-animal-print-with-tassel-trim/11104586-1-pinkzebra?$XXL$","productimage180_jpg":"https://cdn.obsassets.com/asos/asos-design-beach-playsuit-f0077_180X180.jpg"},"size_variants":[{"slug":"asos-design-beach-playsuit-f0077","guid":"e321ab6b9d1c2f7325b8312c98c6cd9f59375b630fe32a64bbd3987b1fef0077","status":1,"size":"6","saleprice":9,"msrp":9,"offers":0,"stock":"In Stock","url":"https://www.awin1.com/pclick.php?p=24960418409&a=209487&m=5678?www.asos.com","free_delivery":{"saleprice":9,"GB":30,"US":31.66,"INTERNATIONAL":null},"quantity":0}]}]},{"store_id":112,"affiliate_id":3,"subcategory2_id":510,"storename":"asos","subcategory3_id":0,"subcategory4_id":0,"subcategory_slug":"dresses","subcategory4_slug":null,"brand_id":17231,"subcategory3":"","subcategory_id":502,"subcategory3_slug":null,"subcategory2":"playsuit","subcategory4":"","category_id":4,"subcategory2_slug":"playsuit","store_slug":"asos","subcategory":"dresses","category":"clothing","brand":"moon river","category_slug":"clothing","sales":[],"variants":[{"title":"Ditsy Floral Print Ruffle Playsuit","colour":"white","colourimageurl":"","images":{"productimage480_jpg":"https://cdn.obsassets.com/asos/moon-river-ditsy-floral-print-ruffle-playsuit-2ec93_480X480.jpg","productimage130_png":"https://cdn.obsassets.com/asos/moon-river-ditsy-floral-print-ruffle-playsuit-2ec93_130X130.png","productimage80_jpg":"https://cdn.obsassets.com/asos/moon-river-ditsy-floral-print-ruffle-playsuit-2ec93_80X80.jpg","productimage80_png":"https://cdn.obsassets.com/asos/moon-river-ditsy-floral-print-ruffle-playsuit-2ec93_80X80.png","productimage":"https://images.asos-media.com/products/moon-river-ditsy-floral-print-ruffle-playsuit/12452418-1-peachfloral?$XXL$","productimage180_jpg":"https://cdn.obsassets.com/asos/moon-river-ditsy-floral-print-ruffle-playsuit-2ec93_180X180.jpg"},"size_variants":[{"slug":"moon-river-ditsy-floral-print-ruffle-playsuit-2ec93","guid":"8f3a53ec87a43eca1cc2f26c5f348b6e90d18af11e1afdf47c66e3c2df32ec93","status":1,"size":"S","saleprice":35,"msrp":26.5,"offers":-30,"stock":"In Stock","url":"https://www.awin1.com/pclick.php?p=24959993647&a=209487&m=5678?www.asos.com","free_delivery":{"saleprice":35,"GB":30,"US":31.66,"INTERNATIONAL":null},"quantity":0}]}]},{"store_id":112,"affiliate_id":3,"subcategory2_id":510,"storename":"asos","subcategory3_id":0,"subcategory4_id":0,"subcategory_slug":"dresses","subcategory4_slug":null,"brand_id":26180,"subcategory3":"","subcategory_id":502,"subcategory3_slug":null,"subcategory2":"playsuit","subcategory4":"","category_id":4,"subcategory2_slug":"playsuit","store_slug":"asos","subcategory":"dresses","category":"clothing","brand":"asos design","category_slug":"clothing","sales":[],"variants":[{"title":"Beach Playsuit With Lattice Back","colour":"white","colourimageurl":"","images":{"productimage480_jpg":"https://cdn.obsassets.com/asos/asos-design-beach-playsuit-with-lattice-back-50980_480X480.jpg","productimage130_png":"https://cdn.obsassets.com/asos/asos-design-beach-playsuit-with-lattice-back-50980_130X130.png","productimage80_jpg":"https://cdn.obsassets.com/asos/asos-design-beach-playsuit-with-lattice-back-50980_80X80.jpg","productimage80_png":"https://cdn.obsassets.com/asos/asos-design-beach-playsuit-with-lattice-back-50980_80X80.png","productimage":"https://images.asos-media.com/products/asos-design-beach-playsuit-with-lattice-back-in-natural-crinkle-fabric/12187307-1-white?$XXL$","productimage180_jpg":"https://cdn.obsassets.com/asos/asos-design-beach-playsuit-with-lattice-back-50980_180X180.jpg"},"size_variants":[{"slug":"asos-design-beach-playsuit-with-lattice-back-50980","guid":"dbfcfbc8c8e8797a161fb9dd513ea470a9447207afb41c934f81533fb9450980","status":1,"size":"14","saleprice":10.5,"msrp":10.5,"offers":0,"stock":"Out Of Stock","url":"https://www.awin1.com/pclick.php?p=24959386015&a=209487&m=5678?www.asos.com","free_delivery":{"saleprice":10.5,"GB":30,"US":31.66,"INTERNATIONAL":null},"quantity":0}]}]},{"store_id":112,"affiliate_id":3,"subcategory2_id":510,"storename":"asos","subcategory3_id":0,"subcategory4_id":0,"subcategory_slug":"dresses","subcategory4_slug":null,"brand_id":26180,"subcategory3":"","subcategory_id":502,"subcategory3_slug":null,"subcategory2":"playsuit","subcategory4":"","category_id":4,"subcategory2_slug":"playsuit","store_slug":"asos","subcategory":"dresses","category":"clothing","brand":"asos design","category_slug":"clothing","sales":[],"variants":[{"title":"Swing Playsuit Mixed Ditsy Print","colour":null,"colourimageurl":"","images":{"productimage480_jpg":"https://cdn.obsassets.com/asos/asos-design-swing-playsuit-mixed-ditsy-print-fbf77_480X480.jpg","productimage130_png":"https://cdn.obsassets.com/asos/asos-design-swing-playsuit-mixed-ditsy-print-fbf77_130X130.png","productimage80_jpg":"https://cdn.obsassets.com/asos/asos-design-swing-playsuit-mixed-ditsy-print-fbf77_80X80.jpg","productimage80_png":"https://cdn.obsassets.com/asos/asos-design-swing-playsuit-mixed-ditsy-print-fbf77_80X80.png","productimage":"https://images.asos-media.com/products/asos-design-swing-playsuit-in-mixed-ditsy-print/10395192-1-mono?$XXL$","productimage180_jpg":"https://cdn.obsassets.com/asos/asos-design-swing-playsuit-mixed-ditsy-print-fbf77_180X180.jpg"},"size_variants":[{"slug":"asos-design-swing-playsuit-mixed-ditsy-print-fbf77","guid":"2527487934254393d203a3c6a9881fb531f187e9ee096643d1a02861bcefbf77","status":1,"size":"4","saleprice":8.5,"msrp":8.5,"offers":0,"stock":"In Stock","url":"https://www.awin1.com/pclick.php?p=24958172777&a=209487&m=5678?www.asos.com","free_delivery":{"saleprice":8.5,"GB":30,"US":31.66,"INTERNATIONAL":null},"quantity":0}]}]},{"store_id":112,"affiliate_id":3,"subcategory2_id":510,"storename":"asos","subcategory3_id":0,"subcategory4_id":0,"subcategory_slug":"dresses","subcategory4_slug":null,"brand_id":16374,"subcategory3":"","subcategory_id":502,"subcategory3_slug":null,"subcategory2":"playsuit","subcategory4":"","category_id":4,"subcategory2_slug":"playsuit","store_slug":"asos","subcategory":"dresses","category":"clothing","brand":"noisy may","category_slug":"clothing","sales":[],"variants":[{"title":"Cold Shoulder Playsuit","colour":"orange","colourimageurl":"","images":{"productimage480_jpg":"https://cdn.obsassets.com/asos/noisy-may-cold-shoulder-playsuit-4c9b7_480X480.jpg","productimage130_png":"https://cdn.obsassets.com/asos/noisy-may-cold-shoulder-playsuit-4c9b7_130X130.png","productimage80_jpg":"https://cdn.obsassets.com/asos/noisy-may-cold-shoulder-playsuit-4c9b7_80X80.jpg","productimage80_png":"https://cdn.obsassets.com/asos/noisy-may-cold-shoulder-playsuit-4c9b7_80X80.png","productimage":"https://images.asos-media.com/products/noisy-may-cold-shoulder-playsuit/9326989-1-orange?$XXL$","productimage180_jpg":"https://cdn.obsassets.com/asos/noisy-may-cold-shoulder-playsuit-4c9b7_180X180.jpg"},"size_variants":[{"slug":"noisy-may-cold-shoulder-playsuit-4c9b7","guid":"921e348b9563d27185be312d5bdd1588214775ce140076c9b5e88e9b4394c9b7","status":1,"size":"M","saleprice":9.5,"msrp":9.5,"offers":0,"stock":"Out Of Stock","url":"https://www.awin1.com/pclick.php?p=24957790317&a=209487&m=5678?www.asos.com","free_delivery":{"saleprice":9.5,"GB":30,"US":31.66,"INTERNATIONAL":null},"quantity":0}]}]},{"store_id":112,"affiliate_id":3,"subcategory2_id":510,"storename":"asos","subcategory3_id":0,"subcategory4_id":0,"subcategory_slug":"dresses","subcategory4_slug":null,"brand_id":26180,"subcategory3":"","subcategory_id":502,"subcategory3_slug":null,"subcategory2":"playsuit","subcategory4":"","category_id":4,"subcategory2_slug":"playsuit","store_slug":"asos","subcategory":"dresses","category":"clothing","brand":"asos design","category_slug":"clothing","sales":[],"variants":[{"title":"Tie Waist Plunge Beach Playsuit Dalmatian Spot Print","colour":null,"colourimageurl":"","images":{"productimage480_jpg":"https://cdn.obsassets.com/asos/asos-design-tie-waist-plunge-beach-playsuit-dalmatian-spot-print-bf836_480X480.jpg","productimage130_png":"https://cdn.obsassets.com/asos/asos-design-tie-waist-plunge-beach-playsuit-dalmatian-spot-print-bf836_130X130.png","productimage80_jpg":"https://cdn.obsassets.com/asos/asos-design-tie-waist-plunge-beach-playsuit-dalmatian-spot-print-bf836_80X80.jpg","productimage80_png":"https://cdn.obsassets.com/asos/asos-design-tie-waist-plunge-beach-playsuit-dalmatian-spot-print-bf836_80X80.png","productimage":"https://images.asos-media.com/products/asos-design-tie-waist-plunge-beach-playsuit-dalmatian-spot-print/11868556-1-dalmationspotprint?$XXL$","productimage180_jpg":"https://cdn.obsassets.com/asos/asos-design-tie-waist-plunge-beach-playsuit-dalmatian-spot-print-bf836_180X180.jpg"},"size_variants":[{"slug":"asos-design-tie-waist-plunge-beach-playsuit-dalmatian-spot-print-bf836","guid":"ed04226bbe1cbfd463243360a9fef7a104bf9b40d6112b73a0341236967bf836","status":1,"size":"4","saleprice":16,"msrp":16,"offers":0,"stock":"Out Of Stock","url":"https://www.awin1.com/pclick.php?p=24959135135&a=209487&m=5678?www.asos.com","free_delivery":{"saleprice":16,"GB":30,"US":31.66,"INTERNATIONAL":null},"quantity":0}]}]},{"store_id":112,"affiliate_id":3,"subcategory2_id":510,"storename":"asos","subcategory3_id":0,"subcategory4_id":0,"subcategory_slug":"dresses","subcategory4_slug":null,"brand_id":26180,"subcategory3":"","subcategory_id":502,"subcategory3_slug":null,"subcategory2":"playsuit","subcategory4":"","category_id":4,"subcategory2_slug":"playsuit","store_slug":"asos","subcategory":"dresses","category":"clothing","brand":"asos design","category_slug":"clothing","sales":[],"variants":[{"title":"Petite Plunge Tux Playsuit","colour":"yellow","colourimageurl":"","images":{"productimage480_jpg":"https://cdn.obsassets.com/asos/asos-design-petite-plunge-tux-playsuit-9c1de_480X480.jpg","productimage130_png":"https://cdn.obsassets.com/asos/asos-design-petite-plunge-tux-playsuit-9c1de_130X130.png","productimage80_jpg":"https://cdn.obsassets.com/asos/asos-design-petite-plunge-tux-playsuit-9c1de_80X80.jpg","productimage80_png":"https://cdn.obsassets.com/asos/asos-design-petite-plunge-tux-playsuit-9c1de_80X80.png","productimage":"https://images.asos-media.com/products/asos-design-petite-plunge-tux-playsuit/13278854-1-chartreuse?$XXLrmbnrbtm$","productimage180_jpg":"https://cdn.obsassets.com/asos/asos-design-petite-plunge-tux-playsuit-9c1de_180X180.jpg"},"size_variants":[{"slug":"asos-design-petite-plunge-tux-playsuit-9c1de","guid":"05c1cc3c959fc5e8ad533938aa80ae7277d3a02c87047d63341e475c7de9c1de","status":1,"size":"16","saleprice":24,"msrp":24,"offers":0,"stock":"In Stock","url":"https://www.awin1.com/pclick.php?p=25141945987&a=209487&m=5678?www.asos.com","free_delivery":{"saleprice":24,"GB":30,"US":31.66,"INTERNATIONAL":null},"quantity":0}]}]},{"store_id":112,"affiliate_id":3,"subcategory2_id":510,"storename":"asos","subcategory3_id":0,"subcategory4_id":0,"subcategory_slug":"dresses","subcategory4_slug":null,"brand_id":24891,"subcategory3":"","subcategory_id":502,"subcategory3_slug":null,"subcategory2":"playsuit","subcategory4":"","category_id":4,"subcategory2_slug":"playsuit","store_slug":"asos","subcategory":"dresses","category":"clothing","brand":"city chic","category_slug":"clothing","sales":[],"variants":[{"title":"Floral Embroidered Off The Shoulder Playsuit","colour":"black","colourimageurl":"","images":{"productimage480_jpg":"https://cdn.obsassets.com/asos/city-chic-floral-embroidered-off-the-shoulder-playsuit-5edae_480X480.jpg","productimage130_png":"https://cdn.obsassets.com/asos/city-chic-floral-embroidered-off-the-shoulder-playsuit-5edae_130X130.png","productimage80_jpg":"https://cdn.obsassets.com/asos/city-chic-floral-embroidered-off-the-shoulder-playsuit-5edae_80X80.jpg","productimage80_png":"https://cdn.obsassets.com/asos/city-chic-floral-embroidered-off-the-shoulder-playsuit-5edae_80X80.png","productimage":"https://images.asos-media.com/products/city-chic-floral-embroidered-off-the-shoulder-playsuit-in-black/11872288-1-black?$XXLrmbnrbtm$","productimage180_jpg":"https://cdn.obsassets.com/asos/city-chic-floral-embroidered-off-the-shoulder-playsuit-5edae_180X180.jpg"},"size_variants":[{"slug":"city-chic-floral-embroidered-off-the-shoulder-playsuit-5edae","guid":"87f5bad71fd1fe69966e563ae8918d2e22ad4cf2127967001b3e5218a995edae","status":1,"size":"18","saleprice":43,"msrp":43,"offers":0,"stock":"Out Of Stock","url":"https://www.awin1.com/pclick.php?p=24959118981&a=209487&m=5678?www.asos.com","free_delivery":{"saleprice":43,"GB":30,"US":31.66,"INTERNATIONAL":null},"quantity":0}]}]},{"store_id":112,"affiliate_id":3,"subcategory2_id":510,"storename":"asos","subcategory3_id":0,"subcategory4_id":0,"subcategory_slug":"dresses","subcategory4_slug":null,"brand_id":6142,"subcategory3":"","subcategory_id":502,"subcategory3_slug":null,"subcategory2":"playsuit","subcategory4":"","category_id":4,"subcategory2_slug":"playsuit","store_slug":"asos","subcategory":"dresses","category":"clothing","brand":"south beach","category_slug":"clothing","sales":[],"variants":[{"title":"Halter Beach Playsuit With Tassle Trim","colour":"black","colourimageurl":"","images":{"productimage480_jpg":"https://cdn.obsassets.com/asos/south-beach-halter-beach-playsuit-with-tassle-trim-66039_480X480.jpg","productimage130_png":"https://cdn.obsassets.com/asos/south-beach-halter-beach-playsuit-with-tassle-trim-66039_130X130.png","productimage80_jpg":"https://cdn.obsassets.com/asos/south-beach-halter-beach-playsuit-with-tassle-trim-66039_80X80.jpg","productimage80_png":"https://cdn.obsassets.com/asos/south-beach-halter-beach-playsuit-with-tassle-trim-66039_80X80.png","productimage":"https://images.asos-media.com/products/south-beach-halter-beach-playsuit-with-tassle-trim/12339447-1-black?$XXL$","productimage180_jpg":"https://cdn.obsassets.com/asos/south-beach-halter-beach-playsuit-with-tassle-trim-66039_180X180.jpg"},"size_variants":[{"slug":"south-beach-halter-beach-playsuit-with-tassle-trim-66039","guid":"15bcbe0f54b61069a11d082c2e2ba8a61c9a1b2fca11e185ece83416da866039","status":1,"size":"L","saleprice":13.5,"msrp":32.95,"offers":60,"stock":"In Stock","url":"https://www.awin1.com/pclick.php?p=24959482217&a=209487&m=5678?www.asos.com","free_delivery":{"saleprice":13.5,"GB":30,"US":31.66,"INTERNATIONAL":null},"quantity":0}]}]},{"store_id":112,"affiliate_id":3,"subcategory2_id":510,"storename":"asos","subcategory3_id":0,"subcategory4_id":0,"subcategory_slug":"dresses","subcategory4_slug":null,"brand_id":26180,"subcategory3":"","subcategory_id":502,"subcategory3_slug":null,"subcategory2":"playsuit","subcategory4":"","category_id":4,"subcategory2_slug":"playsuit","store_slug":"asos","subcategory":"dresses","category":"clothing","brand":"asos design","category_slug":"clothing","sales":[],"variants":[{"title":"Tall Wrap Tie Front Strappy Playsuit","colour":null,"colourimageurl":"","images":{"productimage480_jpg":"https://cdn.obsassets.com/asos/asos-design-tall-wrap-tie-front-strappy-playsuit-d32aa_480X480.jpg","productimage130_png":"https://cdn.obsassets.com/asos/asos-design-tall-wrap-tie-front-strappy-playsuit-d32aa_130X130.png","productimage80_jpg":"https://cdn.obsassets.com/asos/asos-design-tall-wrap-tie-front-strappy-playsuit-d32aa_80X80.jpg","productimage80_png":"https://cdn.obsassets.com/asos/asos-design-tall-wrap-tie-front-strappy-playsuit-d32aa_80X80.png","productimage":"https://images.asos-media.com/products/asos-design-tall-wrap-tie-front-strappy-playsuit-in-crinkle-in-ditsy-print/11355039-1-blackditsyprint?$XXLrmbnrbtm$","productimage180_jpg":"https://cdn.obsassets.com/asos/asos-design-tall-wrap-tie-front-strappy-playsuit-d32aa_180X180.jpg"},"size_variants":[{"slug":"asos-design-tall-wrap-tie-front-strappy-playsuit-d32aa","guid":"3637bf9214877aff1861344c6d472b01e2acae74bcbc941b23629a1bcf1d32aa","status":1,"size":"4","saleprice":15.5,"msrp":15.5,"offers":0,"stock":"Out Of Stock","url":"https://www.awin1.com/pclick.php?p=24958682841&a=209487&m=5678?www.asos.com","free_delivery":{"saleprice":15.5,"GB":30,"US":31.66,"INTERNATIONAL":null},"quantity":0}]}]}]},"msg":"Here is the search results.","status":200}}
200
Jumpsuit for Women
]]></system-out>
  </testcase>
</testsuite>